Log file open, 05/22/17 15:48:12
LogInit:Display: Running engine for game: Enviro1
LogPlatformFile: Not using cached read wrapper
LogInit:Display: RandInit(1369991896) SRandInit(1369991896).
LogTaskGraph: Started task graph with 5 named threads and 8 total threads with 1 sets of task threads.
LogStats: Stats thread started at 0.090486
LogInit: Using libcurl 7.47.1
LogInit:  - built for x86_64-pc-win32
LogInit:  - supports SSL with OpenSSL/1.0.2g
LogInit:  - supports HTTP deflate (compression) using libz 1.2.8
LogInit:  - other features:
LogInit:      CURL_VERSION_SSL
LogInit:      CURL_VERSION_LIBZ
LogInit:      CURL_VERSION_IPV6
LogInit:      CURL_VERSION_ASYNCHDNS
LogInit:      CURL_VERSION_LARGEFILE
LogInit:      CURL_VERSION_IDN
LogInit:  CurlRequestOptions (configurable via config and command line):
LogInit:  - bVerifyPeer = false  - Libcurl will NOT verify peer certificate
LogInit:  - bUseHttpProxy = false  - Libcurl will NOT use HTTP proxy
LogInit:  - bDontReuseConnections = false  - Libcurl will reuse connections
LogInit:  - CertBundlePath = nullptr  - Libcurl will use whatever was configured at build time.
LogInit: Build: ++UE4+Release-4.15-CL-3416026
LogInit: Engine Version: 4.15.2-3416026+++UE4+Release-4.15
LogInit: Compatible Engine Version: 4.15.0-3299760+++UE4+Release-4.15
LogInit: Net CL: 3299760
LogDevObjectVersion: Number of dev versions registered: 14
LogDevObjectVersion:   Dev-Blueprints (B0D832E4-1F89-4F0D-ACCF-7EB736FD4AA2): 8
LogDevObjectVersion:   Dev-Build (E1C64328-A22C-4D53-A36C-8E866417BD8C): 0
LogDevObjectVersion:   Dev-Core (375EC13C-06E4-48FB-B500-84F0262A717E): 2
LogDevObjectVersion:   Dev-Editor (E4B068ED-F494-42E9-A231-DA0B2E46BB41): 14
LogDevObjectVersion:   Dev-Framework (CFFC743F-43B0-4480-9391-14DF171D2073): 22
LogDevObjectVersion:   Dev-Mobile (B02B49B5-BB20-44E9-A304-32B752E40360): 0
LogDevObjectVersion:   Dev-Networking (A4E4105C-59A1-49B5-A7C5-40C4547EDFEE): 0
LogDevObjectVersion:   Dev-Online (39C831C9-5AE6-47DC-9A44-9C173E1C8E7C): 0
LogDevObjectVersion:   Dev-Physics (78F01B33-EBEA-4F98-B9B4-84EACCB95AA2): 0
LogDevObjectVersion:   Dev-Platform (6631380F-2D4D-43E0-8009-CF276956A95A): 0
LogDevObjectVersion:   Dev-Rendering (12F88B9F-8875-4AFC-A67C-D90C383ABD29): 12
LogDevObjectVersion:   Dev-Sequencer (7B5AE74C-D270-4C10-A958-57980B212A5A): 3
LogDevObjectVersion:   Dev-VR (D7296918-1DD6-4BDD-9DE2-64A83CC13884): 0
LogDevObjectVersion:   Dev-LoadTimes (C2A15278-BFE7-4AFE-6C17-90FF531DF755): 1
LogInit: Compiled (64-bit): May  1 2017 13:11:28
LogInit: Compiled with Visual C++: 19.00.23026.00
LogInit: Build Configuration: Development
LogInit: Branch Name: ++UE4+Release-4.15
LogInit: Command line:  
LogInit: Base directory: C:/Program Files/Epic Games/UE_4.15/Engine/Binaries/Win64/
LogInit: Installed Engine Build: 1
LogInit: Presizing for max 8388607 objects, including 0 objects not considered by GC, pre-allocating 0 bytes for permanent pool.
LogInit: Object subsystem initialized
[2017.05.22-21.48.13:702][  0]LogInit: Selected Device Profile: [Windows]
[2017.05.22-21.48.13:702][  0]LogInit: Applying CVar settings loaded from the selected device profile: [Windows]
[2017.05.22-21.48.13:718][  0]LogInit: Computer: TBPC-07
[2017.05.22-21.48.13:718][  0]LogInit: User: u0992726
[2017.05.22-21.48.13:718][  0]LogInit: CPU Page size=65536, Cores=4
[2017.05.22-21.48.13:718][  0]LogInit: High frequency timer resolution =3.117812 MHz
[2017.05.22-21.48.13:718][  0]LogMemory: Memory total: Physical=16.0GB (16GB approx)
[2017.05.22-21.48.13:718][  0]LogMemory: Platform Memory Stats for Windows
[2017.05.22-21.48.13:718][  0]LogMemory: Process Physical Memory: 262.32 MB used, 262.32 MB peak
[2017.05.22-21.48.13:718][  0]LogMemory: Process Virtual Memory: 263.51 MB used, 263.51 MB peak
[2017.05.22-21.48.13:718][  0]LogMemory: Physical Memory: 6114.15 MB used,  10221.98 MB free, 16336.13 MB total
[2017.05.22-21.48.13:718][  0]LogMemory: Virtual Memory: 622.75 MB used,  10221.98 MB free, 8388608.00 MB total
[2017.05.22-21.48.13:850][  0]LogTextLocalizationManager: No specific translations for ('en-US') exist, so ('en') translations will be used.
[2017.05.22-21.48.14:628][  0]LogD3D11RHI: D3D11 adapters:
[2017.05.22-21.48.14:649][  0]LogD3D11RHI:    0. 'NVIDIA GeForce GT 730  ' (Feature Level 11_0)
[2017.05.22-21.48.14:649][  0]LogD3D11RHI:       1974/0/2048 MB DedicatedVideo/DedicatedSystem/SharedSystem, Outputs:1, VendorId:0x10de
[2017.05.22-21.48.14:649][  0]LogD3D11RHI: Chosen D3D11 Adapter: 0
[2017.05.22-21.48.14:657][  0]LogD3D11RHI: Creating new Direct3DDevice
[2017.05.22-21.48.14:657][  0]LogD3D11RHI:     GPU DeviceId: 0x1287 (for the marketing name, search the web for "GPU Device Id")
[2017.05.22-21.48.14:657][  0]LogWindows: EnumDisplayDevices:
[2017.05.22-21.48.14:658][  0]LogWindows:    0. 'NVIDIA GeForce GT 730  ' (P:1 D:1)
[2017.05.22-21.48.14:658][  0]LogWindows:    1. 'NVIDIA GeForce GT 730  ' (P:0 D:0)
[2017.05.22-21.48.14:658][  0]LogWindows:    2. 'NVIDIA GeForce GT 730  ' (P:0 D:0)
[2017.05.22-21.48.14:658][  0]LogWindows:    3. 'RDPDD Chained DD' (P:0 D:0)
[2017.05.22-21.48.14:658][  0]LogWindows:    4. 'RDP Encoder Mirror Driver' (P:0 D:0)
[2017.05.22-21.48.14:659][  0]LogWindows:    5. 'RDP Reflector Display Driver' (P:0 D:0)
[2017.05.22-21.48.14:659][  0]LogWindows: DebugString: GetVideoDriverDetailsInvalid PrimaryIsNotTheChoosenAdapter GetVideoDriverDetailsInvalid PrimaryIsNotTheChoosenAdapter GetVideoDriverDetailsInvalid PrimaryIsNotTheChoosenAdapter FoundDriverCount:3 
[2017.05.22-21.48.14:659][  0]LogD3D11RHI:     Adapter Name: NVIDIA GeForce GT 730  
[2017.05.22-21.48.14:659][  0]LogD3D11RHI:   Driver Version: 347.52 (internal:9.18.13.4752, unified:347.52)
[2017.05.22-21.48.14:659][  0]LogD3D11RHI:      Driver Date: 2-5-2015
[2017.05.22-21.48.14:659][  0]LogRHI: Texture pool is 1361 MB (70% of 1945 MB)
[2017.05.22-21.48.14:670][  0]LogD3D11RHI:Warning: Timestamp queries are currently disabled on this hardware due to instability. Realtime GPU stats will not be available. You can override this behaviour by setting r.NVIDIATimestampWorkaround to 0
[2017.05.22-21.48.14:670][  0]LogD3D11RHI: NvAPI_D3D_GetCurrentSLIState failed: 0xfffffff7
[2017.05.22-21.48.14:670][  0]LogD3D11RHI: [Aftermath] Aftermath enabled but failed to initialize due to reason: DriverVersionNotSupported
[2017.05.22-21.48.14:670][  0]LogD3D11RHI: Async texture creation enabled
[2017.05.22-21.48.14:690][  0]LogD3D11RHI: GPU Timing Frequency: 1000.000000 (Debug: 2 2)
[2017.05.22-21.48.14:692][  0]LogShaderCompilers: Guid format shader working directory is -1 characters bigger than the processId version (G:/Projects/Environment Challenge/Enviro_1/Enviro1/Intermediate/Shaders/WorkingDirectory/4364/).
[2017.05.22-21.48.14:692][  0]LogShaderCompilers: Cleaned the shader compiler working directory 'C:/Users/u0992726/AppData/Local/Temp/UnrealShaderWorkingDir/E39DFC144C46BA0B7A69A99D0596A82E/'.
[2017.05.22-21.48.14:692][  0]LogShaderCompilers:Display: Using Local Shader Compiler.
[2017.05.22-21.48.16:506][  0]LogTemp:Display: Loaded TP AllDesktopTargetPlatform
[2017.05.22-21.48.16:593][  0]LogTemp:Display: Loaded TP MacClientTargetPlatform
[2017.05.22-21.48.16:675][  0]LogTemp:Display: Loaded TP MacNoEditorTargetPlatform
[2017.05.22-21.48.16:758][  0]LogTemp:Display: Loaded TP MacServerTargetPlatform
[2017.05.22-21.48.16:842][  0]LogTemp:Display: Loaded TP MacTargetPlatform
[2017.05.22-21.48.16:927][  0]LogTemp:Display: Loaded TP WindowsClientTargetPlatform
[2017.05.22-21.48.17:010][  0]LogTemp:Display: Loaded TP WindowsNoEditorTargetPlatform
[2017.05.22-21.48.17:092][  0]LogTemp:Display: Loaded TP WindowsServerTargetPlatform
[2017.05.22-21.48.17:163][  0]LogTemp:Display: Loaded TP WindowsTargetPlatform
[2017.05.22-21.48.17:244][  0]LogTemp:Display: Loaded TP AndroidTargetPlatform
[2017.05.22-21.48.17:325][  0]LogTemp:Display: Loaded TP Android_ASTCTargetPlatform
[2017.05.22-21.48.17:410][  0]LogTemp:Display: Loaded TP Android_ATCTargetPlatform
[2017.05.22-21.48.17:490][  0]LogTemp:Display: Loaded TP Android_DXTTargetPlatform
[2017.05.22-21.48.17:568][  0]LogTemp:Display: Loaded TP Android_ETC1TargetPlatform
[2017.05.22-21.48.17:654][  0]LogTemp:Display: Loaded TP Android_ETC2TargetPlatform
[2017.05.22-21.48.17:814][  0]LogTemp:Display: Loaded TP Android_MultiTargetPlatform
[2017.05.22-21.48.17:814][  0]LogTemp:Display: Loaded TP Android_PVRTCTargetPlatform
[2017.05.22-21.48.17:877][  0]LogTemp:Display: Loaded TP HTML5TargetPlatform
[2017.05.22-21.48.18:014][  0]LogTemp:Display: Loaded TP IOSTargetPlatform
[2017.05.22-21.48.18:060][  0]LogTemp:Display: Loaded TP TVOSTargetPlatform
[2017.05.22-21.48.18:140][  0]LogTemp:Display: Loaded TP LinuxClientTargetPlatform
[2017.05.22-21.48.18:221][  0]LogTemp:Display: Loaded TP LinuxNoEditorTargetPlatform
[2017.05.22-21.48.18:301][  0]LogTemp:Display: Loaded TP LinuxServerTargetPlatform
[2017.05.22-21.48.18:381][  0]LogTemp:Display: Loaded TP LinuxTargetPlatform
[2017.05.22-21.48.18:381][  0]LogTargetPlatformManager:Display: Building Assets For Windows
[2017.05.22-21.48.19:099][  0]LogDerivedDataCache:Display: Max Cache Size: 512 MB
[2017.05.22-21.48.19:180][  0]LogDerivedDataCache: Loaded boot cache 0.08s 50MB C:/Users/u0992726/AppData/Local/UnrealEngine/4.15/DerivedDataCache/Boot.ddc.
[2017.05.22-21.48.19:181][  0]LogDerivedDataCache:Display: Loaded Boot cache: C:/Users/u0992726/AppData/Local/UnrealEngine/4.15/DerivedDataCache/Boot.ddc
[2017.05.22-21.48.19:181][  0]LogDerivedDataCache: FDerivedDataBackendGraph:  Pak pak cache file G:/Projects/Environment Challenge/Enviro_1/Enviro1/DerivedDataCache/DDC.ddp not found, will not use a pak cache.
[2017.05.22-21.48.19:181][  0]LogDerivedDataCache: Unable to find inner node Pak for hierarchical cache Hierarchy.
[2017.05.22-21.48.19:181][  0]LogDerivedDataCache: FDerivedDataBackendGraph:  CompressedPak pak cache file G:/Projects/Environment Challenge/Enviro_1/Enviro1/DerivedDataCache/Compressed.ddp not found, will not use a pak cache.
[2017.05.22-21.48.19:181][  0]LogDerivedDataCache: Unable to find inner node CompressedPak for hierarchical cache Hierarchy.
[2017.05.22-21.48.19:201][  0]LogDerivedDataCache:Display: Pak cache opened for reading ../../../Engine/DerivedDataCache/Compressed.ddp.
[2017.05.22-21.48.19:213][  0]LogDerivedDataCache: Using Local data cache path C:/Users/u0992726/AppData/Local/UnrealEngine/Common/DerivedDataCache: Writable
[2017.05.22-21.48.19:224][  0]LogSlate: Using Freetype 2.6.0
[2017.05.22-21.48.19:225][  0]LogSlate: SlateFontCache - WITH_FREETYPE: 1, WITH_HARFBUZZ: 1
[2017.05.22-21.48.19:225][  0]LogSlate: SlateFontCache - WITH_FREETYPE: 1, WITH_HARFBUZZ: 1
[2017.05.22-21.48.19:590][  0]LogInit: Selected Device Profile: [Windows]
[2017.05.22-21.48.19:594][  0]LogContentStreaming: Texture pool size is 0.00 MB
[2017.05.22-21.48.19:943][  0]LogMeshUtilities: Using QuadricMeshReduction for automatic static mesh reduction
[2017.05.22-21.48.20:013][  0]LogSimplygon: Simplygon DLL not present - disabling.
[2017.05.22-21.48.20:095][  0]LogMeshUtilities: Using SimplygonSwarm for distributed automatic mesh merging
[2017.05.22-21.48.20:095][  0]LogMeshUtilities: No automatic skeletal mesh reduction module available
[2017.05.22-21.48.20:095][  0]LogMeshUtilities: No automatic mesh merging module available
[2017.05.22-21.48.20:922][  0]LogNetVersion: GetLocalNetworkVersion: CL: 3299760, ProjectName: enviro1, ProjectVersion: , EngineNetworkVersion: 2, GameNetworkVersion: 0, NetworkChecksum: 2937792213
[2017.05.22-21.48.20:980][  0]LogAssetRegistry: FAssetRegistry took 0.0206 seconds to start up
[2017.05.22-21.48.21:066][  0]LogPackageLocalizationCache: Processed 3 localized package path(s) for 2 prioritized culture(s) in 0.049610 seconds
[2017.05.22-21.48.21:075][  0]LogUObjectArray: 32493 objects as part of root set at end of initial load.
[2017.05.22-21.48.21:075][  0]LogUObjectAllocator: 7077024 out of 0 bytes used by permanent object pool.
[2017.05.22-21.48.21:075][  0]LogUObjectArray: CloseDisregardForGC: 0/0 objects in disregard for GC pool
[2017.05.22-21.48.21:181][  0]LogInit: WinSock: version 1.1 (2.2), MaxSocks=32767, MaxUdp=65467
[2017.05.22-21.48.23:700][  0]LogSubstanceCoreModule: Substance [CPU] Engine Loaded, Max Texture Size = 2048
[2017.05.22-21.48.23:749][  0]LogTcpMessaging: Initializing TcpMessaging bridge
[2017.05.22-21.48.23:811][  0]LogUdpMessaging: Initializing bridge on interface 0.0.0.0:0 to multicast group 230.0.0.1:6666.
[2017.05.22-21.48.24:534][  0]LogMaterial: Uniform references updated for custom material expression Custom.
[2017.05.22-21.48.25:184][  0]SourceControl: Info Source control is disabled
[2017.05.22-21.48.25:185][  0]SourceControl: Info Source control is disabled
[2017.05.22-21.48.25:265][  0]SourceControl: Info Source control is disabled
[2017.05.22-21.48.25:351][  0]SourceControl: Info Source control is disabled
[2017.05.22-21.48.27:570][  0]LogEngine: Initializing Engine...
[2017.05.22-21.48.27:571][  0]LogHMD: Failed to initialize OpenVR with code 110
[2017.05.22-21.48.27:737][  0]LogStats: UGameplayTagsManager::ConstructGameplayTagTree: Construct from data asset -  0.000 s
[2017.05.22-21.48.27:737][  0]LogStats: UGameplayTagsManager::ConstructGameplayTagTree: GameplayTagTreeChangedEvent.Broadcast -  0.000 s
[2017.05.22-21.48.27:939][  0]LogAIModule: Creating AISystem for world Untitled
[2017.05.22-21.48.27:960][  0]LogInit: No audio devices found!
[2017.05.22-21.48.27:998][  0]LogDerivedDataCache: Saved boot cache 0.04s 50MB C:/Users/u0992726/AppData/Local/UnrealEngine/4.15/DerivedDataCache/Boot.ddc.
[2017.05.22-21.48.28:011][  0]LogInit: Texture streaming: Enabled
[2017.05.22-21.48.28:157][  0]LogEngineSessionManager: EngineSessionManager initialized
[2017.05.22-21.48.28:298][  0]LogInit: Transaction tracking system initialized
[2017.05.22-21.48.28:873][  0]BlueprintLog: New page: Editor Load
[2017.05.22-21.48.30:298][  0]LocalizationService: Info Localization service is disabled
[2017.05.22-21.48.31:390][  0]LogConsoleResponse:Display: 
[2017.05.22-21.48.31:582][  0]LogCook:Display: Max memory allowance for cook 16384mb min free memory 0mb
[2017.05.22-21.48.31:582][  0]LogCook:Display: Mobile HDR setting 1
[2017.05.22-21.48.31:679][  0]LogFileCache: Scanning file cache for directory 'G:/Projects/Environment Challenge/Enviro_1/Enviro1/Content/' took 0.01s
[2017.05.22-21.48.33:355][  0]SourceControl: Info Source control is disabled
[2017.05.22-21.48.33:355][  0]Cmd: MAP LOAD FILE="G:/Projects/Environment Challenge/Enviro_1/Enviro1/Content/StarterContent/Maps/Minimal_Default.umap" TEMPLATE=0 SHOWPROGRESS=1 FEATURELEVEL=3
[2017.05.22-21.48.33:356][  0]LightingResults: New page: Lighting Build
[2017.05.22-21.48.33:424][  0]MapCheck: New page: Map Check
[2017.05.22-21.48.33:424][  0]LightingResults: New page: Lighting Build
[2017.05.22-21.48.33:583][  0]LogLinker:Warning: Can't find file '/Game/StarterContent/Maps/Minimal_Default_BuiltData'
[2017.05.22-21.48.33:584][  0]LogLinker:Warning: Can't find file for asset '/Game/StarterContent/Maps/Minimal_Default_BuiltData' while loading G:/Projects/Environment Challenge/Enviro_1/Enviro1/Content/StarterContent/Maps/Minimal_Default.umap.
[2017.05.22-21.48.33:584][  0]LoadErrors:Error: Error /Game/StarterContent/Maps/Minimal_Default : Can't find file for asset. /Game/StarterContent/Maps/Minimal_Default_BuiltData
[2017.05.22-21.48.33:601][  0]LogLinker:Warning: Can't find file '/Game/StarterContent/Maps/Minimal_Default_BuiltData'
[2017.05.22-21.48.33:601][  0]LogLinker:Warning: Can't find file for asset '/Game/StarterContent/Maps/Minimal_Default_BuiltData' while loading G:/Projects/Environment Challenge/Enviro_1/Enviro1/Content/StarterContent/Maps/Minimal_Default.umap.
[2017.05.22-21.48.33:601][  0]LoadErrors:Error: Error /Game/StarterContent/Maps/Minimal_Default : Can't find file for asset. /Game/StarterContent/Maps/Minimal_Default_BuiltData
[2017.05.22-21.48.33:609][  0]LogLinker:Warning: Can't find file '/Game/StarterContent/Maps/Minimal_Default_BuiltData'
[2017.05.22-21.48.33:609][  0]LogLinker:Warning: Can't find file for asset '/Game/StarterContent/Maps/Minimal_Default_BuiltData' while loading NULL.
[2017.05.22-21.48.33:609][  0]LogLinker:Warning: Can't find file '/Game/StarterContent/Maps/Minimal_Default_BuiltData'
[2017.05.22-21.48.33:610][  0]LogLinker:Warning: Can't find file for asset '/Game/StarterContent/Maps/Minimal_Default_BuiltData' while loading NULL.
[2017.05.22-21.48.33:622][  0]LogLinker:Warning: Can't find file '/Game/StarterContent/Maps/Minimal_Default_BuiltData'
[2017.05.22-21.48.33:622][  0]LoadErrors: Info Failed to load /Game/StarterContent/Maps/Minimal_Default_BuiltData.Minimal_Default_BuiltData Referenced by PersistentLevel
[2017.05.22-21.48.33:622][  0]LogLinker:Warning: Can't find file for asset '/Game/StarterContent/Maps/Minimal_Default_BuiltData' while loading NULL.
[2017.05.22-21.48.33:622][  0]LoadErrors: Info Failed to load /Game/StarterContent/Maps/Minimal_Default_BuiltData.Minimal_Default_BuiltData Referenced by PersistentLevel
[2017.05.22-21.48.33:801][  0]LogAIModule: Creating AISystem for world Minimal_Default
[2017.05.22-21.48.33:835][  0]LogEditorServer: Finished looking for orphan Actors (0.000 secs)
[2017.05.22-21.48.33:836][  0]Cmd: MAP CHECKDEP NOCLEARLOG
[2017.05.22-21.48.33:903][  0]MapCheck: Info Map check complete: 0 Error(s), 0 Warning(s), took 66.562ms to complete.
[2017.05.22-21.48.33:903][  0]LogFileHelpers: Loading map 'Minimal_Default' took 0.548
[2017.05.22-21.48.34:108][  0]LogCollectionManager: Loaded 0 collections in 0.002999 seconds
[2017.05.22-21.48.34:219][  0]LogFileCache: Scanning file cache for directory 'G:/Projects/Environment Challenge/Enviro_1/Enviro1/Saved/Collections/' took 0.01s
[2017.05.22-21.48.34:219][  0]LogFileCache: Scanning file cache for directory 'G:/Projects/Environment Challenge/Enviro_1/Enviro1/Content/Developers/u0992726/Collections/' took 0.01s
[2017.05.22-21.48.34:219][  0]LogFileCache: Scanning file cache for directory 'G:/Projects/Environment Challenge/Enviro_1/Enviro1/Content/Collections/' took 0.01s
[2017.05.22-21.48.34:219][  0]LogCollectionManager: Rebuilt the GUID cache for 0 collections in 0.000002 seconds
[2017.05.22-21.48.34:229][  0]LogContentBrowser: Native class hierarchy populated in 0.0104 seconds. Added 2259 classes and 459 folders.
[2017.05.22-21.48.34:337][  0]LogContentBrowser: Native class hierarchy updated for 'WidgetCarousel' in 0.0006 seconds. Added 0 classes and 0 folders.
[2017.05.22-21.48.34:422][  0]LogContentBrowser: Native class hierarchy updated for 'AddContentDialog' in 0.0006 seconds. Added 0 classes and 0 folders.
[2017.05.22-21.48.34:495][  0]LogContentBrowser: Native class hierarchy updated for 'SceneOutliner' in 0.0007 seconds. Added 1 classes and 2 folders.
[2017.05.22-21.48.34:561][  0]LogCrashTracker: Crashtracker disabled due to settings.
[2017.05.22-21.48.34:689][  0]LogContentBrowser: Native class hierarchy updated for 'HierarchicalLODOutliner' in 0.0007 seconds. Added 1 classes and 2 folders.
[2017.05.22-21.48.34:689][  0]LogLoad: (Engine Initialization) Total time: 24.20 seconds
[2017.05.22-21.48.34:689][  0]LogLoad: (Engine Initialization) Total Blueprint compile time: 0.12 seconds
[2017.05.22-21.48.34:689][  0]LogExternalProfiler: Found external profiler: VSPerf
[2017.05.22-21.48.34:689][  0]LogExternalProfiler: Using external profiler: VSPerf
[2017.05.22-21.48.34:698][  0]LogOcInput: OculusInput pre-init called
[2017.05.22-21.48.34:717][  0]LogContentStreaming: Texture pool size now 1000 MB
[2017.05.22-21.48.34:733][  0]LogSlate: Took 0.000306 seconds to synchronously load lazily loaded font '../../../Engine/Content/Slate/Fonts/Roboto-Regular.ttf' (155K)
[2017.05.22-21.48.34:738][  0]LogSlate: Took 0.000373 seconds to synchronously load lazily loaded font '../../../Engine/Content/Slate/Fonts/Roboto-Bold.ttf' (160K)
[2017.05.22-21.48.34:744][  0]LogSlate: Took 0.000274 seconds to synchronously load lazily loaded font '../../../Engine/Content/Editor/Slate/Fonts/FontAwesome.ttf' (139K)
[2017.05.22-21.48.34:924][  0]LogRenderer: Reallocating scene render targets to support 1208x576 NumSamples 1 (Frame:2).
[2017.05.22-21.48.35:158][  2]LogAssetRegistry: Asset discovery search completed in 14.1999 seconds
[2017.05.22-21.48.35:158][  2]LogCollectionManager: Rebuilt the object cache for 0 collections in 0.000007 seconds (found 0 objects)
[2017.05.22-21.48.35:158][  2]LogCollectionManager: Fixed up redirectors for 0 collections in 0.000023 seconds (updated 0 objects)
[2017.05.22-21.48.38:973][395]LogSlate: Took 0.000323 seconds to synchronously load lazily loaded font '../../../Engine/Content/Slate/Fonts/Roboto-Light.ttf' (159K)
[2017.05.22-21.48.53:155][967]LogSlate: Took 0.000314 seconds to synchronously load lazily loaded font '../../../Engine/Content/Slate/Fonts/Roboto-Light.ttf' (159K)
[2017.05.22-21.48.53:339][967]LogAIModule: Creating AISystem for world WHITEBOX_2
[2017.05.22-21.48.53:416][967]Cmd: MAP LOAD FILE="G:/Projects/Environment Challenge/Enviro_1/Enviro1/Content/Whiteboxing/Map/WHITEBOX_2.umap" TEMPLATE=0 SHOWPROGRESS=1 FEATURELEVEL=3
[2017.05.22-21.48.53:416][967]LightingResults: New page: Lighting Build
[2017.05.22-21.48.53:417][967]LoadErrors: New page: Loading map: WHITEBOX_2.umap
[2017.05.22-21.48.53:418][967]MapCheck: New page: Map Check
[2017.05.22-21.48.53:418][967]LightingResults: New page: Lighting Build
[2017.05.22-21.48.53:431][967]LogEditorServer: Finished looking for orphan Actors (0.000 secs)
[2017.05.22-21.48.53:761][967]Cmd: MAP CHECKDEP NOCLEARLOG
[2017.05.22-21.48.53:834][967]MapCheck: Info Map check complete: 0 Error(s), 0 Warning(s), took 73.031ms to complete.
[2017.05.22-21.48.53:834][967]LogFileHelpers: Loading map 'WHITEBOX_2' took 0.420
[2017.05.22-21.51.03:046][136]LogFactory: FactoryCreateFile: StaticMesh with FbxFactory (0 0 G:\Projects\Environment Challenge\Models\WB_room_2.fbx)
[2017.05.22-21.51.03:075][136]LogFbx: ItemName: GlobalSettings, ItemCount : 1
[2017.05.22-21.51.03:075][136]LogFbx: ItemName: AnimationStack, ItemCount : 1
[2017.05.22-21.51.03:075][136]LogFbx: ItemName: AnimationLayer, ItemCount : 1
[2017.05.22-21.51.03:075][136]LogFbx: ItemName: Geometry, ItemCount : 1
[2017.05.22-21.51.03:075][136]LogFbx: ItemName: Material, ItemCount : 1
[2017.05.22-21.51.03:075][136]LogFbx: ItemName: Model, ItemCount : 1
[2017.05.22-21.51.03:075][136]LogFbx: ItemName: CollectionExclusive, ItemCount : 1
[2017.05.22-21.51.03:080][136]LogFbx: Loading FBX Scene from G:\Projects\Environment Challenge\Models\WB_room_2.fbx
[2017.05.22-21.51.03:086][136]LogFbx: FBX Scene Loaded Succesfully
[2017.05.22-21.51.04:822][136]LogFbx: Loading FBX Scene from G:\Projects\Environment Challenge\Models\WB_room_2.fbx
[2017.05.22-21.51.04:827][136]LogFbx: FBX Scene Loaded Succesfully
[2017.05.22-21.51.04:830][136]LogLinker: Can't find file '/Game/Whiteboxing/Meshes/lambert1'
[2017.05.22-21.51.04:830][136]LogLinker: Can't find file '/Game/Whiteboxing/Meshes/lambert1'
[2017.05.22-21.51.04:833][136]LogMaterial: Missing cached shader map for material lambert1, compiling. 
[2017.05.22-21.51.04:834][136]LogTemp:Display: Added material ShaderMap 0x000000004312AB00 with Material 0x000000003335E680 to ShaderMapsBeingCompiled
[2017.05.22-21.51.04:865][136]LogTemp:Display: Kicking off shader compilation for lambert1, GameThreadShaderMap 0x000000004312AB00
[2017.05.22-21.51.04:866][136]LogFbx:Warning: Triangulating static mesh sm_WHITEBOX
[2017.05.22-21.51.04:938][136]LogStaticMesh: Building static mesh WB_room_2...
[2017.05.22-21.51.04:953][136]LogStaticMesh: Built static mesh [0.01s] /Game/Whiteboxing/Meshes/WB_room_2.WB_room_2
[2017.05.22-21.51.04:954][136]LogStaticMesh:Warning: WB_room_2 has degenerate tangent bases which will result in incorrect shading.  MikkTSpace relies on tangent bases and may result in mesh corruption, consider disabling this option.
[2017.05.22-21.51.05:022][136]FBXImport:Warning: Warning No smoothing group information was found in this FBX scene.  Please make sure to enable the 'Export Smoothing Groups' option in the FBX Exporter plug-in before exporting the file.  Even for tools that don't support smoothing groups, the FBX Exporter will generate appropriate smoothing data at export-time so that correct vertex normals can be inferred while importing. 
[2017.05.22-21.51.05:022][136]FBXImport:Warning: Warning WB_room_2 has degenerate tangent bases which will result in incorrect shading.  MikkTSpace relies on tangent bases and may result in mesh corruption, consider disabling this option. 
[2017.05.22-21.51.05:049][136]LogFactory: FactoryCreateFile: StaticMesh with FbxFactory (0 0 G:\Projects\Environment Challenge\Models\WB_bed.fbx)
[2017.05.22-21.51.06:231][136]LogFbx: Loading FBX Scene from G:\Projects\Environment Challenge\Models\WB_bed.fbx
[2017.05.22-21.51.06:237][136]LogFbx: FBX Scene Loaded Succesfully
[2017.05.22-21.51.06:241][136]LogFbx:Warning: Triangulating static mesh pPlane6
[2017.05.22-21.51.06:451][136]LogStaticMesh: Building static mesh WB_bed...
[2017.05.22-21.51.06:463][136]LogStaticMesh: Built static mesh [0.01s] /Game/Whiteboxing/Meshes/WB_bed.WB_bed
[2017.05.22-21.51.06:479][136]FBXImport:Warning: Warning No smoothing group information was found in this FBX scene.  Please make sure to enable the 'Export Smoothing Groups' option in the FBX Exporter plug-in before exporting the file.  Even for tools that don't support smoothing groups, the FBX Exporter will generate appropriate smoothing data at export-time so that correct vertex normals can be inferred while importing. 
[2017.05.22-21.51.06:499][136]LogFactory: FactoryCreateFile: StaticMesh with FbxFactory (0 0 G:\Projects\Environment Challenge\Models\WB_book.fbx)
[2017.05.22-21.51.06:511][136]LogFbx: Loading FBX Scene from G:\Projects\Environment Challenge\Models\WB_book.fbx
[2017.05.22-21.51.06:517][136]LogFbx: FBX Scene Loaded Succesfully
[2017.05.22-21.51.06:521][136]LogLinker: Can't find file '/Game/Whiteboxing/Meshes/Brown'
[2017.05.22-21.51.06:521][136]LogLinker: Can't find file '/Game/Whiteboxing/Meshes/Brown'
[2017.05.22-21.51.06:525][136]LogMaterial: Missing cached shader map for material Brown, compiling. 
[2017.05.22-21.51.06:526][136]LogTemp:Display: Added material ShaderMap 0x0000000033B82E80 with Material 0x0000000033538280 to ShaderMapsBeingCompiled
[2017.05.22-21.51.06:541][136]LogTemp:Display: Kicking off shader compilation for Brown, GameThreadShaderMap 0x0000000033B82E80
[2017.05.22-21.51.06:542][136]LogLinker: Can't find file '/Game/Whiteboxing/Meshes/Notebook_pages'
[2017.05.22-21.51.06:543][136]LogLinker: Can't find file '/Game/Whiteboxing/Meshes/Notebook_pages'
[2017.05.22-21.51.06:548][136]LogMaterial: Missing cached shader map for material Notebook_pages, compiling. 
[2017.05.22-21.51.06:549][136]LogTemp:Display: Added material ShaderMap 0x00000000365AE780 with Material 0x00000000334E4B80 to ShaderMapsBeingCompiled
[2017.05.22-21.51.06:566][136]LogTemp:Display: Kicking off shader compilation for Notebook_pages, GameThreadShaderMap 0x00000000365AE780
[2017.05.22-21.51.06:570][136]LogStaticMesh: Building static mesh WB_book...
[2017.05.22-21.51.06:574][136]LogStaticMesh: Built static mesh [0.01s] /Game/Whiteboxing/Meshes/WB_book.WB_book
[2017.05.22-21.51.06:589][136]FBXImport:Warning: Warning No smoothing group information was found in this FBX scene.  Please make sure to enable the 'Export Smoothing Groups' option in the FBX Exporter plug-in before exporting the file.  Even for tools that don't support smoothing groups, the FBX Exporter will generate appropriate smoothing data at export-time so that correct vertex normals can be inferred while importing. 
[2017.05.22-21.51.06:609][136]LogFactory: FactoryCreateFile: StaticMesh with FbxFactory (0 0 G:\Projects\Environment Challenge\Models\WB_box.fbx)
[2017.05.22-21.51.06:647][136]LogFbx: Loading FBX Scene from G:\Projects\Environment Challenge\Models\WB_box.fbx
[2017.05.22-21.51.06:653][136]LogFbx: FBX Scene Loaded Succesfully
[2017.05.22-21.51.06:655][136]LogFbx:Warning: Triangulating static mesh box1
[2017.05.22-21.51.06:670][136]LogStaticMesh: Building static mesh WB_box...
[2017.05.22-21.51.06:672][136]LogStaticMesh: Built static mesh [0.00s] /Game/Whiteboxing/Meshes/WB_box.WB_box
[2017.05.22-21.51.06:690][136]FBXImport:Warning: Warning No smoothing group information was found in this FBX scene.  Please make sure to enable the 'Export Smoothing Groups' option in the FBX Exporter plug-in before exporting the file.  Even for tools that don't support smoothing groups, the FBX Exporter will generate appropriate smoothing data at export-time so that correct vertex normals can be inferred while importing. 
[2017.05.22-21.51.06:706][136]LogFactory: FactoryCreateFile: StaticMesh with FbxFactory (0 0 G:\Projects\Environment Challenge\Models\WB_chair_Leather.fbx)
[2017.05.22-21.51.06:725][136]LogFbx: Loading FBX Scene from G:\Projects\Environment Challenge\Models\WB_chair_Leather.fbx
[2017.05.22-21.51.06:732][136]LogFbx: FBX Scene Loaded Succesfully
[2017.05.22-21.51.06:735][136]LogLinker: Can't find file '/Game/Whiteboxing/Meshes/Brown1'
[2017.05.22-21.51.06:736][136]LogLinker: Can't find file '/Game/Whiteboxing/Meshes/Brown1'
[2017.05.22-21.51.06:745][136]LogMaterial: Missing cached shader map for material Brown1, compiling. 
[2017.05.22-21.51.06:746][136]LogTemp:Display: Added material ShaderMap 0x0000000035ECA400 with Material 0x0000000033332800 to ShaderMapsBeingCompiled
[2017.05.22-21.51.06:762][136]LogTemp:Display: Kicking off shader compilation for Brown1, GameThreadShaderMap 0x0000000035ECA400
[2017.05.22-21.51.06:763][136]LogLinker: Can't find file '/Game/Whiteboxing/Meshes/Sofa_mat'
[2017.05.22-21.51.06:763][136]LogLinker: Can't find file '/Game/Whiteboxing/Meshes/Sofa_mat'
[2017.05.22-21.51.06:767][136]LogMaterial: Missing cached shader map for material Sofa_mat, compiling. 
[2017.05.22-21.51.06:768][136]LogTemp:Display: Added material ShaderMap 0x0000000037BF8100 with Material 0x0000000033331300 to ShaderMapsBeingCompiled
[2017.05.22-21.51.06:784][136]LogTemp:Display: Kicking off shader compilation for Sofa_mat, GameThreadShaderMap 0x0000000037BF8100
[2017.05.22-21.51.06:786][136]LogStaticMesh: Building static mesh WB_chair_Leather...
[2017.05.22-21.51.06:799][136]LogStaticMesh: Built static mesh [0.01s] /Game/Whiteboxing/Meshes/WB_chair_Leather.WB_chair_Leather
[2017.05.22-21.51.06:816][136]FBXImport:Warning: Warning No smoothing group information was found in this FBX scene.  Please make sure to enable the 'Export Smoothing Groups' option in the FBX Exporter plug-in before exporting the file.  Even for tools that don't support smoothing groups, the FBX Exporter will generate appropriate smoothing data at export-time so that correct vertex normals can be inferred while importing. 
[2017.05.22-21.51.06:827][136]LogFactory: FactoryCreateFile: StaticMesh with FbxFactory (0 0 G:\Projects\Environment Challenge\Models\WB_chair_Wooden.fbx)
[2017.05.22-21.51.06:852][136]LogFbx: Loading FBX Scene from G:\Projects\Environment Challenge\Models\WB_chair_Wooden.fbx
[2017.05.22-21.51.06:859][136]LogFbx: FBX Scene Loaded Succesfully
[2017.05.22-21.51.06:864][136]LogLinker: Can't find file '/Game/Whiteboxing/Meshes/lambert4'
[2017.05.22-21.51.06:864][136]LogLinker: Can't find file '/Game/Whiteboxing/Meshes/lambert4'
[2017.05.22-21.51.06:872][136]LogMaterial: Missing cached shader map for material lambert4, compiling. 
[2017.05.22-21.51.06:873][136]LogTemp:Display: Added material ShaderMap 0x0000000042D46400 with Material 0x00000000333D9000 to ShaderMapsBeingCompiled
[2017.05.22-21.51.06:890][136]LogTemp:Display: Kicking off shader compilation for lambert4, GameThreadShaderMap 0x0000000042D46400
[2017.05.22-21.51.06:891][136]LogFbx:Warning: Triangulating static mesh sm_chair_wooden
[2017.05.22-21.51.07:119][136]LogStaticMesh: Building static mesh WB_chair_Wooden...
[2017.05.22-21.51.07:134][136]LogStaticMesh: Built static mesh [0.02s] /Game/Whiteboxing/Meshes/WB_chair_Wooden.WB_chair_Wooden
[2017.05.22-21.51.07:137][136]LogStaticMesh:Warning: WB_chair_Wooden has degenerate tangent bases which will result in incorrect shading.  MikkTSpace relies on tangent bases and may result in mesh corruption, consider disabling this option.
[2017.05.22-21.51.07:146][136]FBXImport:Warning: Warning No smoothing group information was found in this FBX scene.  Please make sure to enable the 'Export Smoothing Groups' option in the FBX Exporter plug-in before exporting the file.  Even for tools that don't support smoothing groups, the FBX Exporter will generate appropriate smoothing data at export-time so that correct vertex normals can be inferred while importing. 
[2017.05.22-21.51.07:146][136]FBXImport:Warning: Warning WB_chair_Wooden has degenerate tangent bases which will result in incorrect shading.  MikkTSpace relies on tangent bases and may result in mesh corruption, consider disabling this option. 
[2017.05.22-21.51.07:153][136]LogFactory: FactoryCreateFile: StaticMesh with FbxFactory (0 0 G:\Projects\Environment Challenge\Models\WB_cigarbox.fbx)
[2017.05.22-21.51.07:165][136]LogFbx: Loading FBX Scene from G:\Projects\Environment Challenge\Models\WB_cigarbox.fbx
[2017.05.22-21.51.07:172][136]LogFbx: FBX Scene Loaded Succesfully
[2017.05.22-21.51.07:183][136]LogLinker: Can't find file '/Game/Whiteboxing/Meshes/Brown2'
[2017.05.22-21.51.07:183][136]LogLinker: Can't find file '/Game/Whiteboxing/Meshes/Brown2'
[2017.05.22-21.51.07:192][136]LogMaterial: Missing cached shader map for material Brown2, compiling. 
[2017.05.22-21.51.07:193][136]LogTemp:Display: Added material ShaderMap 0x0000000042C34B80 with Material 0x00000000333DA800 to ShaderMapsBeingCompiled
[2017.05.22-21.51.07:210][136]LogTemp:Display: Kicking off shader compilation for Brown2, GameThreadShaderMap 0x0000000042C34B80
[2017.05.22-21.51.07:227][136]LogLinker: Can't find file '/Game/Whiteboxing/Meshes/Gold_lining'
[2017.05.22-21.51.07:227][136]LogLinker: Can't find file '/Game/Whiteboxing/Meshes/Gold_lining'
[2017.05.22-21.51.07:233][136]LogMaterial: Missing cached shader map for material Gold_lining, compiling. 
[2017.05.22-21.51.07:234][136]LogTemp:Display: Added material ShaderMap 0x000000004FFD0800 with Material 0x00000000333DAB00 to ShaderMapsBeingCompiled
[2017.05.22-21.51.07:251][136]LogTemp:Display: Kicking off shader compilation for Gold_lining, GameThreadShaderMap 0x000000004FFD0800
[2017.05.22-21.51.07:256][136]LogStaticMesh: Building static mesh WB_cigarbox...
[2017.05.22-21.51.07:260][136]LogStaticMesh: Built static mesh [0.00s] /Game/Whiteboxing/Meshes/WB_cigarbox.WB_cigarbox
[2017.05.22-21.51.07:272][136]FBXImport:Warning: Warning No smoothing group information was found in this FBX scene.  Please make sure to enable the 'Export Smoothing Groups' option in the FBX Exporter plug-in before exporting the file.  Even for tools that don't support smoothing groups, the FBX Exporter will generate appropriate smoothing data at export-time so that correct vertex normals can be inferred while importing. 
[2017.05.22-21.51.07:309][136]LogFactory: FactoryCreateFile: StaticMesh with FbxFactory (0 0 G:\Projects\Environment Challenge\Models\WB_clock.FBX)
[2017.05.22-21.51.07:320][136]LogFbx: Loading FBX Scene from G:\Projects\Environment Challenge\Models\WB_clock.FBX
[2017.05.22-21.51.07:327][136]LogFbx: FBX Scene Loaded Succesfully
[2017.05.22-21.51.07:329][136]LogFbx:Warning: Triangulating static mesh clock_instance
[2017.05.22-21.51.07:557][136]LogStaticMesh: Building static mesh WB_clock...
[2017.05.22-21.51.07:591][136]LogStaticMesh: Built static mesh [0.03s] /Game/Whiteboxing/Meshes/WB_clock.WB_clock
[2017.05.22-21.51.07:595][136]FBXImport:Warning: Warning No smoothing group information was found in this FBX scene.  Please make sure to enable the 'Export Smoothing Groups' option in the FBX Exporter plug-in before exporting the file.  Even for tools that don't support smoothing groups, the FBX Exporter will generate appropriate smoothing data at export-time so that correct vertex normals can be inferred while importing. 
[2017.05.22-21.51.07:595][136]FBXImport:Warning: Warning Warning: The imported mesh is very small. This is most likely an issue with the units used when exporting to FBX. 
[2017.05.22-21.51.07:607][136]LogFactory: FactoryCreateFile: StaticMesh with FbxFactory (0 0 G:\Projects\Environment Challenge\Models\WB_lightbulb.fbx)
[2017.05.22-21.51.07:693][136]LogFbx: Loading FBX Scene from G:\Projects\Environment Challenge\Models\WB_lightbulb.fbx
[2017.05.22-21.51.07:701][136]LogFbx: FBX Scene Loaded Succesfully
[2017.05.22-21.51.07:715][136]LogLinker: Can't find file '/Game/Whiteboxing/Meshes/BasicShapeMaterial'
[2017.05.22-21.51.07:715][136]LogLinker: Can't find file '/Game/Whiteboxing/Meshes/BasicShapeMaterial'
[2017.05.22-21.51.07:734][136]LogMaterial: Missing cached shader map for material BasicShapeMaterial, compiling. 
[2017.05.22-21.51.07:735][136]LogTemp:Display: Added material ShaderMap 0x000000004FBD6B00 with Material 0x0000000033338D00 to ShaderMapsBeingCompiled
[2017.05.22-21.51.07:753][136]LogTemp:Display: Kicking off shader compilation for BasicShapeMaterial, GameThreadShaderMap 0x000000004FBD6B00
[2017.05.22-21.51.07:754][136]LogFbx:Warning: Triangulating static mesh pCylinder3
[2017.05.22-21.51.07:794][136]LogStaticMesh: Building static mesh WB_lightbulb...
[2017.05.22-21.51.07:799][136]LogStaticMesh: Built static mesh [0.01s] /Game/Whiteboxing/Meshes/WB_lightbulb.WB_lightbulb
[2017.05.22-21.51.07:809][136]FBXImport:Warning: Warning No smoothing group information was found in this FBX scene.  Please make sure to enable the 'Export Smoothing Groups' option in the FBX Exporter plug-in before exporting the file.  Even for tools that don't support smoothing groups, the FBX Exporter will generate appropriate smoothing data at export-time so that correct vertex normals can be inferred while importing. 
[2017.05.22-21.51.07:814][136]LogFactory: FactoryCreateFile: StaticMesh with FbxFactory (0 0 G:\Projects\Environment Challenge\Models\WB_nightstand.fbx)
[2017.05.22-21.51.07:824][136]LogFbx: Loading FBX Scene from G:\Projects\Environment Challenge\Models\WB_nightstand.fbx
[2017.05.22-21.51.07:832][136]LogFbx: FBX Scene Loaded Succesfully
[2017.05.22-21.51.07:835][136]LogLinker: Can't find file '/Game/Whiteboxing/Meshes/Brown4'
[2017.05.22-21.51.07:835][136]LogLinker: Can't find file '/Game/Whiteboxing/Meshes/Brown4'
[2017.05.22-21.51.07:842][136]LogMaterial: Missing cached shader map for material Brown4, compiling. 
[2017.05.22-21.51.07:843][136]LogTemp:Display: Added material ShaderMap 0x000000004FAAC100 with Material 0x000000003351F400 to ShaderMapsBeingCompiled
[2017.05.22-21.51.07:860][136]LogTemp:Display: Kicking off shader compilation for Brown4, GameThreadShaderMap 0x000000004FAAC100
[2017.05.22-21.51.07:861][136]LogLinker: Can't find file '/Game/Whiteboxing/Meshes/Night_stand1'
[2017.05.22-21.51.07:861][136]LogLinker: Can't find file '/Game/Whiteboxing/Meshes/Night_stand1'
[2017.05.22-21.51.07:898][136]LogMaterial: Missing cached shader map for material Night_stand1, compiling. 
[2017.05.22-21.51.07:899][136]LogTemp:Display: Added material ShaderMap 0x000000004E944F00 with Material 0x0000000033481D80 to ShaderMapsBeingCompiled
[2017.05.22-21.51.07:915][136]LogTemp:Display: Kicking off shader compilation for Night_stand1, GameThreadShaderMap 0x000000004E944F00
[2017.05.22-21.51.07:918][136]LogStaticMesh: Building static mesh WB_nightstand...
[2017.05.22-21.51.07:948][136]LogStaticMesh: Built static mesh [0.03s] /Game/Whiteboxing/Meshes/WB_nightstand.WB_nightstand
[2017.05.22-21.51.07:951][136]LogStaticMesh:Warning: WB_nightstand has degenerate tangent bases which will result in incorrect shading.  MikkTSpace relies on tangent bases and may result in mesh corruption, consider disabling this option.
[2017.05.22-21.51.07:959][136]FBXImport:Warning: Warning No smoothing group information was found in this FBX scene.  Please make sure to enable the 'Export Smoothing Groups' option in the FBX Exporter plug-in before exporting the file.  Even for tools that don't support smoothing groups, the FBX Exporter will generate appropriate smoothing data at export-time so that correct vertex normals can be inferred while importing. 
[2017.05.22-21.51.07:959][136]FBXImport:Warning: Warning WB_nightstand has degenerate tangent bases which will result in incorrect shading.  MikkTSpace relies on tangent bases and may result in mesh corruption, consider disabling this option. 
[2017.05.22-21.51.07:966][136]LogFactory: FactoryCreateFile: StaticMesh with FbxFactory (0 0 G:\Projects\Environment Challenge\Models\WB_picture.FBX)
[2017.05.22-21.51.07:976][136]LogFbx: Loading FBX Scene from G:\Projects\Environment Challenge\Models\WB_picture.FBX
[2017.05.22-21.51.07:983][136]LogFbx: FBX Scene Loaded Succesfully
[2017.05.22-21.51.07:985][136]LogFbx:Warning: Triangulating static mesh pictureFrame_instance
[2017.05.22-21.51.08:100][136]LogStaticMesh: Building static mesh WB_picture...
[2017.05.22-21.51.08:111][136]LogStaticMesh: Built static mesh [0.01s] /Game/Whiteboxing/Meshes/WB_picture.WB_picture
[2017.05.22-21.51.08:112][136]LogStaticMesh:Warning: WB_picture has degenerate tangent bases which will result in incorrect shading.  MikkTSpace relies on tangent bases and may result in mesh corruption, consider disabling this option.
[2017.05.22-21.51.08:114][136]FBXImport:Warning: Warning No smoothing group information was found in this FBX scene.  Please make sure to enable the 'Export Smoothing Groups' option in the FBX Exporter plug-in before exporting the file.  Even for tools that don't support smoothing groups, the FBX Exporter will generate appropriate smoothing data at export-time so that correct vertex normals can be inferred while importing. 
[2017.05.22-21.51.08:114][136]FBXImport:Warning: Warning WB_picture has degenerate tangent bases which will result in incorrect shading.  MikkTSpace relies on tangent bases and may result in mesh corruption, consider disabling this option. 
[2017.05.22-21.51.08:114][136]FBXImport:Warning: Warning Warning: The imported mesh is very small. This is most likely an issue with the units used when exporting to FBX. 
[2017.05.22-21.51.08:118][136]LogFactory: FactoryCreateFile: StaticMesh with FbxFactory (0 0 G:\Projects\Environment Challenge\Models\WB_room.fbx)
[2017.05.22-21.51.08:131][136]LogFbx: Loading FBX Scene from G:\Projects\Environment Challenge\Models\WB_room.fbx
[2017.05.22-21.51.08:141][136]LogFbx: FBX Scene Loaded Succesfully
[2017.05.22-21.51.08:145][136]LogFbx:Warning: Triangulating static mesh polySurface1
[2017.05.22-21.51.08:210][136]LogStaticMesh: Building static mesh WB_room...
[2017.05.22-21.51.08:224][136]LogStaticMesh: Built static mesh [0.01s] /Game/Whiteboxing/Meshes/WB_room.WB_room
[2017.05.22-21.51.08:225][136]LogStaticMesh:Warning: WB_room has degenerate tangent bases which will result in incorrect shading.  MikkTSpace relies on tangent bases and may result in mesh corruption, consider disabling this option.
[2017.05.22-21.51.08:231][136]FBXImport:Warning: Warning No smoothing group information was found in this FBX scene.  Please make sure to enable the 'Export Smoothing Groups' option in the FBX Exporter plug-in before exporting the file.  Even for tools that don't support smoothing groups, the FBX Exporter will generate appropriate smoothing data at export-time so that correct vertex normals can be inferred while importing. 
[2017.05.22-21.51.08:231][136]FBXImport:Warning: Warning WB_room has degenerate tangent bases which will result in incorrect shading.  MikkTSpace relies on tangent bases and may result in mesh corruption, consider disabling this option. 
[2017.05.22-21.51.08:545][136]LogTemp:Display: Finished compile of shader map 0x000000004312AB00
[2017.05.22-21.51.08:545][136]LogTemp:Display: Shader map lambert1 complete, GameThreadShaderMap 0x000000004312AB00, marking material lambert1 as finished
[2017.05.22-21.51.08:545][136]LogTemp:Display: Marking material as finished 0x000000003335E680
[2017.05.22-21.51.09:885][151]LogTemp:Display: Finished compile of shader map 0x0000000033B82E80
[2017.05.22-21.51.09:885][151]LogTemp:Display: Shader map Brown complete, GameThreadShaderMap 0x0000000033B82E80, marking material Brown as finished
[2017.05.22-21.51.09:885][151]LogTemp:Display: Marking material as finished 0x0000000033538280
[2017.05.22-21.51.12:544][230]LogTemp:Display: Finished compile of shader map 0x00000000365AE780
[2017.05.22-21.51.12:544][230]LogTemp:Display: Shader map Notebook_pages complete, GameThreadShaderMap 0x00000000365AE780, marking material Notebook_pages as finished
[2017.05.22-21.51.12:544][230]LogTemp:Display: Marking material as finished 0x00000000334E4B80
[2017.05.22-21.51.12:550][230]LogTemp:Display: Finished compile of shader map 0x0000000035ECA400
[2017.05.22-21.51.12:551][230]LogTemp:Display: Shader map Brown1 complete, GameThreadShaderMap 0x0000000035ECA400, marking material Brown1 as finished
[2017.05.22-21.51.12:551][230]LogTemp:Display: Marking material as finished 0x0000000033332800
[2017.05.22-21.51.15:037][316]LogTemp:Display: Finished compile of shader map 0x0000000037BF8100
[2017.05.22-21.51.15:037][316]LogTemp:Display: Shader map Sofa_mat complete, GameThreadShaderMap 0x0000000037BF8100, marking material Sofa_mat as finished
[2017.05.22-21.51.15:037][316]LogTemp:Display: Marking material as finished 0x0000000033331300
[2017.05.22-21.51.16:892][342]LogTemp:Display: Finished compile of shader map 0x0000000042D46400
[2017.05.22-21.51.16:892][342]LogTemp:Display: Shader map lambert4 complete, GameThreadShaderMap 0x0000000042D46400, marking material lambert4 as finished
[2017.05.22-21.51.16:892][342]LogTemp:Display: Marking material as finished 0x00000000333D9000
[2017.05.22-21.51.17:151][347]LogTemp:Display: Finished compile of shader map 0x0000000042C34B80
[2017.05.22-21.51.17:151][347]LogTemp:Display: Shader map Brown2 complete, GameThreadShaderMap 0x0000000042C34B80, marking material Brown2 as finished
[2017.05.22-21.51.17:151][347]LogTemp:Display: Marking material as finished 0x00000000333DA800
[2017.05.22-21.51.19:061][373]LogTemp:Display: Finished compile of shader map 0x000000004FFD0800
[2017.05.22-21.51.19:061][373]LogTemp:Display: Shader map Gold_lining complete, GameThreadShaderMap 0x000000004FFD0800, marking material Gold_lining as finished
[2017.05.22-21.51.19:061][373]LogTemp:Display: Marking material as finished 0x00000000333DAB00
[2017.05.22-21.51.20:439][393]LogTemp:Display: Finished compile of shader map 0x000000004FBD6B00
[2017.05.22-21.51.20:439][393]LogTemp:Display: Shader map BasicShapeMaterial complete, GameThreadShaderMap 0x000000004FBD6B00, marking material BasicShapeMaterial as finished
[2017.05.22-21.51.20:439][393]LogTemp:Display: Marking material as finished 0x0000000033338D00
[2017.05.22-21.51.21:543][409]LogTemp:Display: Finished compile of shader map 0x000000004FAAC100
[2017.05.22-21.51.21:543][409]LogTemp:Display: Shader map Brown4 complete, GameThreadShaderMap 0x000000004FAAC100, marking material Brown4 as finished
[2017.05.22-21.51.21:543][409]LogTemp:Display: Marking material as finished 0x000000003351F400
[2017.05.22-21.51.22:575][425]LogTemp:Display: Finished compile of shader map 0x000000004E944F00
[2017.05.22-21.51.22:575][425]LogTemp:Display: Shader map Night_stand1 complete, GameThreadShaderMap 0x000000004E944F00, marking material Night_stand1 as finished
[2017.05.22-21.51.22:575][425]LogTemp:Display: Marking material as finished 0x0000000033481D80
[2017.05.22-21.51.25:685][472]Cmd: OBJ SAVEPACKAGE PACKAGE="/Game/Whiteboxing/Meshes/WB_room_2" FILE="G:/Projects/Environment Challenge/Enviro_1/Enviro1/Content/Whiteboxing/Meshes/WB_room_2.uasset" SILENT=true
[2017.05.22-21.51.25:707][472]LogSavePackage: Save=18.57ms
[2017.05.22-21.51.25:707][472]LogSavePackage: Moving 'G:/Projects/Environment Challenge/Enviro_1/Enviro1/Saved/WB_room_234A18BC748B514D9C7D0E8B22D805030.tmp' to 'G:/Projects/Environment Challenge/Enviro_1/Enviro1/Content/Whiteboxing/Meshes/WB_room_2.uasset'
[2017.05.22-21.51.25:711][472]LogSavePackage:Display: Finished SavePackage G:/Projects/Environment Challenge/Enviro_1/Enviro1/Content/Whiteboxing/Meshes/WB_room_2.uasset
[2017.05.22-21.51.25:748][472]Cmd: OBJ SAVEPACKAGE PACKAGE="/Game/Whiteboxing/Meshes/BasicShapeMaterial" FILE="G:/Projects/Environment Challenge/Enviro_1/Enviro1/Content/Whiteboxing/Meshes/BasicShapeMaterial.uasset" SILENT=true
[2017.05.22-21.51.25:769][472]LogSavePackage: Save=17.31ms
[2017.05.22-21.51.25:769][472]LogSavePackage: Moving 'G:/Projects/Environment Challenge/Enviro_1/Enviro1/Saved/BasicShapeMaterial7838ABA442C489656152B2916A1562BF.tmp' to 'G:/Projects/Environment Challenge/Enviro_1/Enviro1/Content/Whiteboxing/Meshes/BasicShapeMaterial.uasset'
[2017.05.22-21.51.25:774][472]LogSavePackage:Display: Finished SavePackage G:/Projects/Environment Challenge/Enviro_1/Enviro1/Content/Whiteboxing/Meshes/BasicShapeMaterial.uasset
[2017.05.22-21.51.25:815][472]Cmd: OBJ SAVEPACKAGE PACKAGE="/Game/Whiteboxing/Meshes/Brown" FILE="G:/Projects/Environment Challenge/Enviro_1/Enviro1/Content/Whiteboxing/Meshes/Brown.uasset" SILENT=true
[2017.05.22-21.51.25:839][472]LogSavePackage: Save=20.86ms
[2017.05.22-21.51.25:839][472]LogSavePackage: Moving 'G:/Projects/Environment Challenge/Enviro_1/Enviro1/Saved/BrownFBA1BFE7432FCE47F742B3AC8684C61A.tmp' to 'G:/Projects/Environment Challenge/Enviro_1/Enviro1/Content/Whiteboxing/Meshes/Brown.uasset'
[2017.05.22-21.51.25:843][472]LogSavePackage:Display: Finished SavePackage G:/Projects/Environment Challenge/Enviro_1/Enviro1/Content/Whiteboxing/Meshes/Brown.uasset
[2017.05.22-21.51.25:882][472]Cmd: OBJ SAVEPACKAGE PACKAGE="/Game/Whiteboxing/Meshes/Brown1" FILE="G:/Projects/Environment Challenge/Enviro_1/Enviro1/Content/Whiteboxing/Meshes/Brown1.uasset" SILENT=true
[2017.05.22-21.51.25:905][472]LogSavePackage: Save=19.43ms
[2017.05.22-21.51.25:905][472]LogSavePackage: Moving 'G:/Projects/Environment Challenge/Enviro_1/Enviro1/Saved/Brown1A0FA93FF4D3635780320289312295530.tmp' to 'G:/Projects/Environment Challenge/Enviro_1/Enviro1/Content/Whiteboxing/Meshes/Brown1.uasset'
[2017.05.22-21.51.25:911][472]LogSavePackage:Display: Finished SavePackage G:/Projects/Environment Challenge/Enviro_1/Enviro1/Content/Whiteboxing/Meshes/Brown1.uasset
[2017.05.22-21.51.25:953][472]Cmd: OBJ SAVEPACKAGE PACKAGE="/Game/Whiteboxing/Meshes/Brown2" FILE="G:/Projects/Environment Challenge/Enviro_1/Enviro1/Content/Whiteboxing/Meshes/Brown2.uasset" SILENT=true
[2017.05.22-21.51.25:974][472]LogSavePackage: Save=17.76ms
[2017.05.22-21.51.25:974][472]LogSavePackage: Moving 'G:/Projects/Environment Challenge/Enviro_1/Enviro1/Saved/Brown23DDF6A9842C1DB4183BF079862E40E6B.tmp' to 'G:/Projects/Environment Challenge/Enviro_1/Enviro1/Content/Whiteboxing/Meshes/Brown2.uasset'
[2017.05.22-21.51.25:980][472]LogSavePackage:Display: Finished SavePackage G:/Projects/Environment Challenge/Enviro_1/Enviro1/Content/Whiteboxing/Meshes/Brown2.uasset
[2017.05.22-21.51.26:022][472]Cmd: OBJ SAVEPACKAGE PACKAGE="/Game/Whiteboxing/Meshes/Brown4" FILE="G:/Projects/Environment Challenge/Enviro_1/Enviro1/Content/Whiteboxing/Meshes/Brown4.uasset" SILENT=true
[2017.05.22-21.51.26:046][472]LogSavePackage: Save=20.83ms
[2017.05.22-21.51.26:046][472]LogSavePackage: Moving 'G:/Projects/Environment Challenge/Enviro_1/Enviro1/Saved/Brown48FE0327C419376DA54C53690CE2C525D.tmp' to 'G:/Projects/Environment Challenge/Enviro_1/Enviro1/Content/Whiteboxing/Meshes/Brown4.uasset'
[2017.05.22-21.51.26:050][472]LogSavePackage:Display: Finished SavePackage G:/Projects/Environment Challenge/Enviro_1/Enviro1/Content/Whiteboxing/Meshes/Brown4.uasset
[2017.05.22-21.51.26:090][472]Cmd: OBJ SAVEPACKAGE PACKAGE="/Game/Whiteboxing/Meshes/Gold_lining" FILE="G:/Projects/Environment Challenge/Enviro_1/Enviro1/Content/Whiteboxing/Meshes/Gold_lining.uasset" SILENT=true
[2017.05.22-21.51.26:113][472]LogSavePackage: Save=19.78ms
[2017.05.22-21.51.26:114][472]LogSavePackage: Moving 'G:/Projects/Environment Challenge/Enviro_1/Enviro1/Saved/Gold_lining5CAEEF6743C6AFFF406D499F5101EA86.tmp' to 'G:/Projects/Environment Challenge/Enviro_1/Enviro1/Content/Whiteboxing/Meshes/Gold_lining.uasset'
[2017.05.22-21.51.26:118][472]LogSavePackage:Display: Finished SavePackage G:/Projects/Environment Challenge/Enviro_1/Enviro1/Content/Whiteboxing/Meshes/Gold_lining.uasset
[2017.05.22-21.51.26:157][472]Cmd: OBJ SAVEPACKAGE PACKAGE="/Game/Whiteboxing/Meshes/lambert1" FILE="G:/Projects/Environment Challenge/Enviro_1/Enviro1/Content/Whiteboxing/Meshes/lambert1.uasset" SILENT=true
[2017.05.22-21.51.26:178][472]LogSavePackage: Save=17.51ms
[2017.05.22-21.51.26:178][472]LogSavePackage: Moving 'G:/Projects/Environment Challenge/Enviro_1/Enviro1/Saved/lambert18C4A601C4C1D9943EE428B99D5088CEB.tmp' to 'G:/Projects/Environment Challenge/Enviro_1/Enviro1/Content/Whiteboxing/Meshes/lambert1.uasset'
[2017.05.22-21.51.26:184][472]LogSavePackage:Display: Finished SavePackage G:/Projects/Environment Challenge/Enviro_1/Enviro1/Content/Whiteboxing/Meshes/lambert1.uasset
[2017.05.22-21.51.26:219][472]Cmd: OBJ SAVEPACKAGE PACKAGE="/Game/Whiteboxing/Meshes/lambert4" FILE="G:/Projects/Environment Challenge/Enviro_1/Enviro1/Content/Whiteboxing/Meshes/lambert4.uasset" SILENT=true
[2017.05.22-21.51.26:239][472]LogSavePackage: Save=16.62ms
[2017.05.22-21.51.26:240][472]LogSavePackage: Moving 'G:/Projects/Environment Challenge/Enviro_1/Enviro1/Saved/lambert45B20109A48111F45B65C6B917CDC6C15.tmp' to 'G:/Projects/Environment Challenge/Enviro_1/Enviro1/Content/Whiteboxing/Meshes/lambert4.uasset'
[2017.05.22-21.51.26:244][472]LogSavePackage:Display: Finished SavePackage G:/Projects/Environment Challenge/Enviro_1/Enviro1/Content/Whiteboxing/Meshes/lambert4.uasset
[2017.05.22-21.51.26:294][472]Cmd: OBJ SAVEPACKAGE PACKAGE="/Game/Whiteboxing/Meshes/Night_stand1" FILE="G:/Projects/Environment Challenge/Enviro_1/Enviro1/Content/Whiteboxing/Meshes/Night_stand1.uasset" SILENT=true
[2017.05.22-21.51.26:316][472]LogSavePackage: Save=18.41ms
[2017.05.22-21.51.26:316][472]LogSavePackage: Moving 'G:/Projects/Environment Challenge/Enviro_1/Enviro1/Saved/Night_stand103CAA2ED43289D3A5397FFBC1B9FEE94.tmp' to 'G:/Projects/Environment Challenge/Enviro_1/Enviro1/Content/Whiteboxing/Meshes/Night_stand1.uasset'
[2017.05.22-21.51.26:321][472]LogSavePackage:Display: Finished SavePackage G:/Projects/Environment Challenge/Enviro_1/Enviro1/Content/Whiteboxing/Meshes/Night_stand1.uasset
[2017.05.22-21.51.26:360][472]Cmd: OBJ SAVEPACKAGE PACKAGE="/Game/Whiteboxing/Meshes/Notebook_pages" FILE="G:/Projects/Environment Challenge/Enviro_1/Enviro1/Content/Whiteboxing/Meshes/Notebook_pages.uasset" SILENT=true
[2017.05.22-21.51.26:380][472]LogSavePackage: Save=17.01ms
[2017.05.22-21.51.26:380][472]LogSavePackage: Moving 'G:/Projects/Environment Challenge/Enviro_1/Enviro1/Saved/Notebook_pagesB2A631A04C24C14C68DF8DB95B5012BD.tmp' to 'G:/Projects/Environment Challenge/Enviro_1/Enviro1/Content/Whiteboxing/Meshes/Notebook_pages.uasset'
[2017.05.22-21.51.26:384][472]LogSavePackage:Display: Finished SavePackage G:/Projects/Environment Challenge/Enviro_1/Enviro1/Content/Whiteboxing/Meshes/Notebook_pages.uasset
[2017.05.22-21.51.26:420][472]Cmd: OBJ SAVEPACKAGE PACKAGE="/Game/Whiteboxing/Meshes/Sofa_mat" FILE="G:/Projects/Environment Challenge/Enviro_1/Enviro1/Content/Whiteboxing/Meshes/Sofa_mat.uasset" SILENT=true
[2017.05.22-21.51.26:444][472]LogSavePackage: Save=19.94ms
[2017.05.22-21.51.26:444][472]LogSavePackage: Moving 'G:/Projects/Environment Challenge/Enviro_1/Enviro1/Saved/Sofa_mat884070B14516ED2A66671CBB46938500.tmp' to 'G:/Projects/Environment Challenge/Enviro_1/Enviro1/Content/Whiteboxing/Meshes/Sofa_mat.uasset'
[2017.05.22-21.51.26:448][472]LogSavePackage:Display: Finished SavePackage G:/Projects/Environment Challenge/Enviro_1/Enviro1/Content/Whiteboxing/Meshes/Sofa_mat.uasset
[2017.05.22-21.51.26:486][472]Cmd: OBJ SAVEPACKAGE PACKAGE="/Game/Whiteboxing/Meshes/WB_bed" FILE="G:/Projects/Environment Challenge/Enviro_1/Enviro1/Content/Whiteboxing/Meshes/WB_bed.uasset" SILENT=true
[2017.05.22-21.51.26:508][472]LogSavePackage: Save=18.48ms
[2017.05.22-21.51.26:508][472]LogSavePackage: Moving 'G:/Projects/Environment Challenge/Enviro_1/Enviro1/Saved/WB_bed3BCD7EB8479F0F9DB6CBA4B4A673D85C.tmp' to 'G:/Projects/Environment Challenge/Enviro_1/Enviro1/Content/Whiteboxing/Meshes/WB_bed.uasset'
[2017.05.22-21.51.26:512][472]LogSavePackage:Display: Finished SavePackage G:/Projects/Environment Challenge/Enviro_1/Enviro1/Content/Whiteboxing/Meshes/WB_bed.uasset
[2017.05.22-21.51.26:548][472]Cmd: OBJ SAVEPACKAGE PACKAGE="/Game/Whiteboxing/Meshes/WB_book" FILE="G:/Projects/Environment Challenge/Enviro_1/Enviro1/Content/Whiteboxing/Meshes/WB_book.uasset" SILENT=true
[2017.05.22-21.51.26:568][472]LogSavePackage: Save=16.74ms
[2017.05.22-21.51.26:568][472]LogSavePackage: Moving 'G:/Projects/Environment Challenge/Enviro_1/Enviro1/Saved/WB_book5013612E46EC9C7D92D263A642670405.tmp' to 'G:/Projects/Environment Challenge/Enviro_1/Enviro1/Content/Whiteboxing/Meshes/WB_book.uasset'
[2017.05.22-21.51.26:574][472]LogSavePackage:Display: Finished SavePackage G:/Projects/Environment Challenge/Enviro_1/Enviro1/Content/Whiteboxing/Meshes/WB_book.uasset
[2017.05.22-21.51.26:609][472]Cmd: OBJ SAVEPACKAGE PACKAGE="/Game/Whiteboxing/Meshes/WB_box" FILE="G:/Projects/Environment Challenge/Enviro_1/Enviro1/Content/Whiteboxing/Meshes/WB_box.uasset" SILENT=true
[2017.05.22-21.51.26:628][472]LogSavePackage: Save=16.30ms
[2017.05.22-21.51.26:629][472]LogSavePackage: Moving 'G:/Projects/Environment Challenge/Enviro_1/Enviro1/Saved/WB_boxA495CE43433C19F661D9E39D88229DFE.tmp' to 'G:/Projects/Environment Challenge/Enviro_1/Enviro1/Content/Whiteboxing/Meshes/WB_box.uasset'
[2017.05.22-21.51.26:632][472]LogSavePackage:Display: Finished SavePackage G:/Projects/Environment Challenge/Enviro_1/Enviro1/Content/Whiteboxing/Meshes/WB_box.uasset
[2017.05.22-21.51.26:670][472]Cmd: OBJ SAVEPACKAGE PACKAGE="/Game/Whiteboxing/Meshes/WB_chair_Leather" FILE="G:/Projects/Environment Challenge/Enviro_1/Enviro1/Content/Whiteboxing/Meshes/WB_chair_Leather.uasset" SILENT=true
[2017.05.22-21.51.26:692][472]LogSavePackage: Save=17.95ms
[2017.05.22-21.51.26:692][472]LogSavePackage: Moving 'G:/Projects/Environment Challenge/Enviro_1/Enviro1/Saved/WB_chair_Leather05D3DB85428F244A50354BA02EA1FF62.tmp' to 'G:/Projects/Environment Challenge/Enviro_1/Enviro1/Content/Whiteboxing/Meshes/WB_chair_Leather.uasset'
[2017.05.22-21.51.26:695][472]LogSavePackage:Display: Finished SavePackage G:/Projects/Environment Challenge/Enviro_1/Enviro1/Content/Whiteboxing/Meshes/WB_chair_Leather.uasset
[2017.05.22-21.51.26:733][472]Cmd: OBJ SAVEPACKAGE PACKAGE="/Game/Whiteboxing/Meshes/WB_chair_Wooden" FILE="G:/Projects/Environment Challenge/Enviro_1/Enviro1/Content/Whiteboxing/Meshes/WB_chair_Wooden.uasset" SILENT=true
[2017.05.22-21.51.26:756][472]LogSavePackage: Save=18.84ms
[2017.05.22-21.51.26:756][472]LogSavePackage: Moving 'G:/Projects/Environment Challenge/Enviro_1/Enviro1/Saved/WB_chair_Wooden7E7012F74FF471D050B1A787332A3A85.tmp' to 'G:/Projects/Environment Challenge/Enviro_1/Enviro1/Content/Whiteboxing/Meshes/WB_chair_Wooden.uasset'
[2017.05.22-21.51.26:759][472]LogSavePackage:Display: Finished SavePackage G:/Projects/Environment Challenge/Enviro_1/Enviro1/Content/Whiteboxing/Meshes/WB_chair_Wooden.uasset
[2017.05.22-21.51.26:799][472]Cmd: OBJ SAVEPACKAGE PACKAGE="/Game/Whiteboxing/Meshes/WB_cigarbox" FILE="G:/Projects/Environment Challenge/Enviro_1/Enviro1/Content/Whiteboxing/Meshes/WB_cigarbox.uasset" SILENT=true
[2017.05.22-21.51.26:819][472]LogSavePackage: Save=16.49ms
[2017.05.22-21.51.26:820][472]LogSavePackage: Moving 'G:/Projects/Environment Challenge/Enviro_1/Enviro1/Saved/WB_cigarbox380AF56A4727A2110DFC92A7F14F406A.tmp' to 'G:/Projects/Environment Challenge/Enviro_1/Enviro1/Content/Whiteboxing/Meshes/WB_cigarbox.uasset'
[2017.05.22-21.51.26:823][472]LogSavePackage:Display: Finished SavePackage G:/Projects/Environment Challenge/Enviro_1/Enviro1/Content/Whiteboxing/Meshes/WB_cigarbox.uasset
[2017.05.22-21.51.26:863][472]Cmd: OBJ SAVEPACKAGE PACKAGE="/Game/Whiteboxing/Meshes/WB_clock" FILE="G:/Projects/Environment Challenge/Enviro_1/Enviro1/Content/Whiteboxing/Meshes/WB_clock.uasset" SILENT=true
[2017.05.22-21.51.26:885][472]LogSavePackage: Save=17.66ms
[2017.05.22-21.51.26:885][472]LogSavePackage: Moving 'G:/Projects/Environment Challenge/Enviro_1/Enviro1/Saved/WB_clock028A584E484B8A5299F187AD404BE051.tmp' to 'G:/Projects/Environment Challenge/Enviro_1/Enviro1/Content/Whiteboxing/Meshes/WB_clock.uasset'
[2017.05.22-21.51.26:889][472]LogSavePackage:Display: Finished SavePackage G:/Projects/Environment Challenge/Enviro_1/Enviro1/Content/Whiteboxing/Meshes/WB_clock.uasset
[2017.05.22-21.51.26:928][472]Cmd: OBJ SAVEPACKAGE PACKAGE="/Game/Whiteboxing/Meshes/WB_lightbulb" FILE="G:/Projects/Environment Challenge/Enviro_1/Enviro1/Content/Whiteboxing/Meshes/WB_lightbulb.uasset" SILENT=true
[2017.05.22-21.51.26:959][472]LogSavePackage: Save=17.20ms
[2017.05.22-21.51.26:959][472]LogSavePackage: Moving 'G:/Projects/Environment Challenge/Enviro_1/Enviro1/Saved/WB_lightbulb3069E9F04C6C5A08B12DEB91142FF5A1.tmp' to 'G:/Projects/Environment Challenge/Enviro_1/Enviro1/Content/Whiteboxing/Meshes/WB_lightbulb.uasset'
[2017.05.22-21.51.26:963][472]LogSavePackage:Display: Finished SavePackage G:/Projects/Environment Challenge/Enviro_1/Enviro1/Content/Whiteboxing/Meshes/WB_lightbulb.uasset
[2017.05.22-21.51.27:000][472]Cmd: OBJ SAVEPACKAGE PACKAGE="/Game/Whiteboxing/Meshes/WB_nightstand" FILE="G:/Projects/Environment Challenge/Enviro_1/Enviro1/Content/Whiteboxing/Meshes/WB_nightstand.uasset" SILENT=true
[2017.05.22-21.51.27:021][472]LogSavePackage: Save=17.88ms
[2017.05.22-21.51.27:021][472]LogSavePackage: Moving 'G:/Projects/Environment Challenge/Enviro_1/Enviro1/Saved/WB_nightstand5C2221FD4B3E65A84787769DC2B1E487.tmp' to 'G:/Projects/Environment Challenge/Enviro_1/Enviro1/Content/Whiteboxing/Meshes/WB_nightstand.uasset'
[2017.05.22-21.51.27:025][472]LogSavePackage:Display: Finished SavePackage G:/Projects/Environment Challenge/Enviro_1/Enviro1/Content/Whiteboxing/Meshes/WB_nightstand.uasset
[2017.05.22-21.51.27:063][472]Cmd: OBJ SAVEPACKAGE PACKAGE="/Game/Whiteboxing/Meshes/WB_picture" FILE="G:/Projects/Environment Challenge/Enviro_1/Enviro1/Content/Whiteboxing/Meshes/WB_picture.uasset" SILENT=true
[2017.05.22-21.51.27:082][472]LogSavePackage: Save=15.59ms
[2017.05.22-21.51.27:082][472]LogSavePackage: Moving 'G:/Projects/Environment Challenge/Enviro_1/Enviro1/Saved/WB_pictureE40EDB624DE9D110E24B4FBFEEF362CD.tmp' to 'G:/Projects/Environment Challenge/Enviro_1/Enviro1/Content/Whiteboxing/Meshes/WB_picture.uasset'
[2017.05.22-21.51.27:086][472]LogSavePackage:Display: Finished SavePackage G:/Projects/Environment Challenge/Enviro_1/Enviro1/Content/Whiteboxing/Meshes/WB_picture.uasset
[2017.05.22-21.51.27:125][472]Cmd: OBJ SAVEPACKAGE PACKAGE="/Game/Whiteboxing/Meshes/WB_room" FILE="G:/Projects/Environment Challenge/Enviro_1/Enviro1/Content/Whiteboxing/Meshes/WB_room.uasset" SILENT=true
[2017.05.22-21.51.27:145][472]LogSavePackage: Save=16.96ms
[2017.05.22-21.51.27:145][472]LogSavePackage: Moving 'G:/Projects/Environment Challenge/Enviro_1/Enviro1/Saved/WB_room06F22AF34492A2FC5D860C95E14AE1BD.tmp' to 'G:/Projects/Environment Challenge/Enviro_1/Enviro1/Content/Whiteboxing/Meshes/WB_room.uasset'
[2017.05.22-21.51.27:149][472]LogSavePackage:Display: Finished SavePackage G:/Projects/Environment Challenge/Enviro_1/Enviro1/Content/Whiteboxing/Meshes/WB_room.uasset
[2017.05.22-21.55.40:186][219]LogActorFactory: Actor Factory created WB_room_2
[2017.05.22-21.55.41:849][278]LogActorFactory: Actor Factory created WB_room_2
[2017.05.22-21.55.44:733][433]LogSlate: Took 0.000419 seconds to synchronously load lazily loaded font '../../../Engine/Content/Editor/Slate/Fonts/Roboto-Italic.ttf' (157K)
[2017.05.22-21.58.45:214][597]LogSlate: Took 0.000385 seconds to synchronously load lazily loaded font '../../../Engine/Content/Slate/Fonts/Roboto-Light.ttf' (159K)
[2017.05.22-21.58.54:389][624]LogSavePackage: Save=18.27ms
[2017.05.22-21.58.54:389][624]LogSavePackage: Moving 'G:/Projects/Environment Challenge/Enviro_1/Enviro1/Saved/WHITEBOX_2_Auto1F186FC8A41528F20210B18B43FFD0AEF.tmp' to 'G:/Projects/Environment Challenge/Enviro_1/Enviro1/Saved/Autosaves/Game/Whiteboxing/Map/WHITEBOX_2_Auto1.umap'
[2017.05.22-21.58.54:391][624]LogSavePackage:Display: Finished SavePackage G:/Projects/Environment Challenge/Enviro_1/Enviro1/Saved/Autosaves/Game/Whiteboxing/Map/WHITEBOX_2_Auto1.umap
[2017.05.22-21.58.54:396][624]LogFileHelpers: Editor autosave (incl. sublevels) for '/Game/Whiteboxing/Map/WHITEBOX_2' took 0.052
[2017.05.22-21.58.54:396][624]LogFileHelpers: Editor autosave (incl. sublevels) for all levels took 0.052
[2017.05.22-22.00.59:201][247]LogSavePackage: Save=77.57ms
[2017.05.22-22.00.59:201][247]LogSavePackage: Moving 'G:/Projects/Environment Challenge/Enviro_1/Enviro1/Saved/WHITEBOX_232D209F4458B7F98387FB282A3547B8D.tmp' to 'G:/Projects/Environment Challenge/Enviro_1/Enviro1/Content/Whiteboxing/Map/WHITEBOX_2.umap'
[2017.05.22-22.00.59:207][247]LogSavePackage:Display: Finished SavePackage G:/Projects/Environment Challenge/Enviro_1/Enviro1/Content/Whiteboxing/Map/WHITEBOX_2.umap
[2017.05.22-22.00.59:239][247]Cmd: OBJ SAVEPACKAGE PACKAGE="/Game/Whiteboxing/Map/WHITEBOX_2_BuiltData" FILE="G:/Projects/Environment Challenge/Enviro_1/Enviro1/Content/Whiteboxing/Map/WHITEBOX_2_BuiltData.uasset" SILENT=true
[2017.05.22-22.00.59:267][247]LogSavePackage: Save=15.19ms
[2017.05.22-22.00.59:267][247]LogSavePackage: Moving 'G:/Projects/Environment Challenge/Enviro_1/Enviro1/Saved/WHITEBOX_2_BuiltData21F4A9F04B1A8A87699EB08E366B3F16.tmp' to 'G:/Projects/Environment Challenge/Enviro_1/Enviro1/Content/Whiteboxing/Map/WHITEBOX_2_BuiltData.uasset'
[2017.05.22-22.00.59:271][247]LogSavePackage:Display: Finished SavePackage G:/Projects/Environment Challenge/Enviro_1/Enviro1/Content/Whiteboxing/Map/WHITEBOX_2_BuiltData.uasset
[2017.05.22-22.01.02:883][520]Cmd: QUIT_EDITOR
[2017.05.22-22.01.02:940][520]LogExit: Preparing to exit.
[2017.05.22-22.01.03:954][520]LogExit: Editor shut down
[2017.05.22-22.01.03:955][520]LogExit: Transaction tracking system shut down
[2017.05.22-22.01.04:088][520]LogObj: Freed 0b from 0 cluster array pools.
[2017.05.22-22.01.04:088][520]LogExit: Object subsystem successfully closed.
[2017.05.22-22.01.04:110][520]LogD3D11RHI: Shutdown
[2017.05.22-22.01.04:110][520]LogD3D11RHI: CleanupD3DDevice
[2017.05.22-22.01.04:170][520]LogD3D11RHI: ~FD3D11DynamicRHI
[2017.05.22-22.01.04:192][520]LogModuleManager: Shutting down and abandoning module HierarchicalLODUtilities (504)
[2017.05.22-22.01.04:192][520]LogModuleManager: Shutting down and abandoning module HierarchicalLODOutliner (502)
[2017.05.22-22.01.04:192][520]LogModuleManager: Shutting down and abandoning module CrashTracker (500)
[2017.05.22-22.01.04:192][520]LogModuleManager: Shutting down and abandoning module SceneOutliner (498)
[2017.05.22-22.01.04:192][520]LogModuleManager: Shutting down and abandoning module AddContentDialog (496)
[2017.05.22-22.01.04:192][520]LogDirectoryWatcher: A directory notification for 'C:/Program Files/Epic Games/UE_4.15/FeaturePacks/' was aborted.
[2017.05.22-22.01.04:194][520]LogModuleManager: Shutting down and abandoning module WidgetCarousel (495)
[2017.05.22-22.01.04:194][520]LogModuleManager: Shutting down and abandoning module EditorWidgets (492)
[2017.05.22-22.01.04:194][520]LogModuleManager: Shutting down and abandoning module CollectionManager (490)
[2017.05.22-22.01.04:194][520]LogDirectoryWatcher: A directory notification for 'G:/Projects/Environment Challenge/Enviro_1/Enviro1/Content/Collections/' was aborted.
[2017.05.22-22.01.04:194][520]LogDirectoryWatcher: A directory notification for 'G:/Projects/Environment Challenge/Enviro_1/Enviro1/Content/Developers/u0992726/Collections/' was aborted.
[2017.05.22-22.01.04:194][520]LogDirectoryWatcher: A directory notification for 'G:/Projects/Environment Challenge/Enviro_1/Enviro1/Saved/Collections/' was aborted.
[2017.05.22-22.01.04:194][520]LogModuleManager: Shutting down and abandoning module StatsViewer (488)
[2017.05.22-22.01.04:194][520]LogModuleManager: Shutting down and abandoning module FoliageEdit (486)
[2017.05.22-22.01.04:194][520]LogModuleManager: Shutting down and abandoning module LandscapeEditor (484)
[2017.05.22-22.01.04:194][520]LogModuleManager: Shutting down and abandoning module SceneDepthPickerMode (482)
[2017.05.22-22.01.04:194][520]LogModuleManager: Shutting down and abandoning module ActorPickerMode (480)
[2017.05.22-22.01.04:194][520]LogModuleManager: Shutting down and abandoning module GeometryMode (478)
[2017.05.22-22.01.04:194][520]LogModuleManager: Shutting down and abandoning module TextureAlignMode (476)
[2017.05.22-22.01.04:194][520]LogModuleManager: Shutting down and abandoning module BspMode (474)
[2017.05.22-22.01.04:194][520]LogModuleManager: Shutting down and abandoning module HardwareSurvey (472)
[2017.05.22-22.01.04:194][520]LogModuleManager: Shutting down and abandoning module SequenceRecorderSections (470)
[2017.05.22-22.01.04:194][520]LogModuleManager: Shutting down and abandoning module AutomationWorker (468)
[2017.05.22-22.01.04:194][520]LogModuleManager: Shutting down and abandoning module MatineeToLevelSequence (466)
[2017.05.22-22.01.04:194][520]LogModuleManager: Shutting down and abandoning module LevelSequenceEditor (464)
[2017.05.22-22.01.04:194][520]LogModuleManager: Shutting down and abandoning module PlacementMode (463)
[2017.05.22-22.01.04:194][520]LogModuleManager: Shutting down and abandoning module WmfMediaFactory (460)
[2017.05.22-22.01.04:194][520]LogModuleManager: Shutting down and abandoning module WmfMediaEditor (458)
[2017.05.22-22.01.04:194][520]LogModuleManager: Shutting down and abandoning module MfMediaFactory (456)
[2017.05.22-22.01.04:194][520]LogModuleManager: Shutting down and abandoning module MfMediaEditor (454)
[2017.05.22-22.01.04:194][520]LogModuleManager: Shutting down and abandoning module AvfMediaFactory (452)
[2017.05.22-22.01.04:195][520]LogModuleManager: Shutting down and abandoning module AvfMediaEditor (450)
[2017.05.22-22.01.04:195][520]LogModuleManager: Shutting down and abandoning module AndroidMediaFactory (448)
[2017.05.22-22.01.04:195][520]LogModuleManager: Shutting down and abandoning module Media (447)
[2017.05.22-22.01.04:195][520]LogModuleManager: Shutting down and abandoning module AndroidMediaEditor (444)
[2017.05.22-22.01.04:195][520]LogModuleManager: Shutting down and abandoning module CharacterAI (442)
[2017.05.22-22.01.04:195][520]LogModuleManager: Shutting down and abandoning module AudioCapture (440)
[2017.05.22-22.01.04:195][520]LogModuleManager: Shutting down and abandoning module SequenceRecorder (439)
[2017.05.22-22.01.04:195][520]LogModuleManager: Shutting down and abandoning module SmartSnapping (436)
[2017.05.22-22.01.04:195][520]LogModuleManager: Shutting down and abandoning module SessionServices (434)
[2017.05.22-22.01.04:195][520]LogModuleManager: Shutting down and abandoning module ViewportSnapping (432)
[2017.05.22-22.01.04:195][520]LogModuleManager: Shutting down and abandoning module ViewportInteraction (430)
[2017.05.22-22.01.04:195][520]LogModuleManager: Shutting down and abandoning module LogVisualizer (428)
[2017.05.22-22.01.04:195][520]LogModuleManager: Shutting down and abandoning module IntroTutorials (426)
[2017.05.22-22.01.04:195][520]LogModuleManager: Shutting down and abandoning module GameProjectGeneration (425)
[2017.05.22-22.01.04:195][520]LogModuleManager: Shutting down and abandoning module EditorLiveStreaming (422)
[2017.05.22-22.01.04:195][520]LogModuleManager: Shutting down and abandoning module IOSPlatformEditor (420)
[2017.05.22-22.01.04:195][520]LogModuleManager: Shutting down and abandoning module HTML5PlatformEditor (418)
[2017.05.22-22.01.04:195][520]LogModuleManager: Shutting down and abandoning module AndroidPlatformEditor (416)
[2017.05.22-22.01.04:195][520]LogModuleManager: Shutting down and abandoning module AndroidDeviceDetection (415)
[2017.05.22-22.01.05:075][520]LogModuleManager: Shutting down and abandoning module IOSRuntimeSettings (412)
[2017.05.22-22.01.05:075][520]LogModuleManager: Shutting down and abandoning module AndroidRuntimeSettings (410)
[2017.05.22-22.01.05:075][520]LogModuleManager: Shutting down and abandoning module InputBindingEditor (408)
[2017.05.22-22.01.05:075][520]LogModuleManager: Shutting down and abandoning module NiagaraEditor (406)
[2017.05.22-22.01.05:075][520]LogModuleManager: Shutting down and abandoning module MergeActors (404)
[2017.05.22-22.01.05:075][520]LogModuleManager: Shutting down and abandoning module SizeMap (402)
[2017.05.22-22.01.05:075][520]LogModuleManager: Shutting down and abandoning module TreeMap (400)
[2017.05.22-22.01.05:075][520]LogModuleManager: Shutting down and abandoning module ReferenceViewer (398)
[2017.05.22-22.01.05:075][520]LogModuleManager: Shutting down and abandoning module LocalizationDashboard (396)
[2017.05.22-22.01.05:075][520]LogModuleManager: Shutting down and abandoning module LocalizationService (395)
[2017.05.22-22.01.05:075][520]LogModuleManager: Shutting down and abandoning module HardwareTargeting (392)
[2017.05.22-22.01.05:075][520]LogModuleManager: Shutting down and abandoning module DeviceProfileEditor (390)
[2017.05.22-22.01.05:075][520]LogModuleManager: Shutting down and abandoning module UndoHistory (388)
[2017.05.22-22.01.05:076][520]LogModuleManager: Shutting down and abandoning module UserFeedback (386)
[2017.05.22-22.01.05:076][520]LogModuleManager: Shutting down and abandoning module XmlParser (384)
[2017.05.22-22.01.05:076][520]LogModuleManager: Shutting down and abandoning module Blutility (382)
[2017.05.22-22.01.05:076][520]LogModuleManager: Shutting down and abandoning module ProjectSettingsViewer (380)
[2017.05.22-22.01.05:076][520]LogModuleManager: Shutting down and abandoning module ProjectTargetPlatformEditor (379)
[2017.05.22-22.01.05:076][520]LogModuleManager: Shutting down and abandoning module EditorSettingsViewer (376)
[2017.05.22-22.01.05:076][520]LogModuleManager: Shutting down and abandoning module SettingsEditor (374)
[2017.05.22-22.01.05:076][520]LogModuleManager: Shutting down and abandoning module ProjectLauncher (372)
[2017.05.22-22.01.05:076][520]LogModuleManager: Shutting down and abandoning module SessionFrontend (370)
[2017.05.22-22.01.05:076][520]LogModuleManager: Shutting down and abandoning module ProfilerClient (368)
[2017.05.22-22.01.05:076][520]LogModuleManager: Shutting down and abandoning module DeviceManager (366)
[2017.05.22-22.01.05:076][520]LogModuleManager: Shutting down and abandoning module TargetDeviceServices (365)
[2017.05.22-22.01.05:126][520]LogModuleManager: Shutting down and abandoning module AutomationController (362)
[2017.05.22-22.01.05:126][520]LogModuleManager: Shutting down and abandoning module AutomationWindow (360)
[2017.05.22-22.01.05:126][520]LogModuleManager: Shutting down and abandoning module Layers (358)
[2017.05.22-22.01.05:126][520]LogModuleManager: Shutting down and abandoning module ComponentVisualizers (356)
[2017.05.22-22.01.05:126][520]LogModuleManager: Shutting down and abandoning module DetailCustomizations (354)
[2017.05.22-22.01.05:126][520]LogModuleManager: Shutting down and abandoning module PackagesDialog (352)
[2017.05.22-22.01.05:126][520]LogModuleManager: Shutting down and abandoning module Persona (350)
[2017.05.22-22.01.05:126][520]LogModuleManager: Shutting down and abandoning module AnimGraph (349)
[2017.05.22-22.01.05:126][520]LogModuleManager: Shutting down and abandoning module Kismet (346)
[2017.05.22-22.01.05:126][520]LogModuleManager: Shutting down and abandoning module GraphEditor (344)
[2017.05.22-22.01.05:127][520]LogModuleManager: Shutting down and abandoning module ClassViewer (342)
[2017.05.22-22.01.05:127][520]LogModuleManager: Shutting down and abandoning module Toolbox (340)
[2017.05.22-22.01.05:127][520]LogModuleManager: Shutting down and abandoning module ModuleUI (338)
[2017.05.22-22.01.05:127][520]LogModuleManager: Shutting down and abandoning module MovieSceneTools (336)
[2017.05.22-22.01.05:127][520]LogModuleManager: Shutting down and abandoning module OutputLog (334)
[2017.05.22-22.01.05:127][520]LogModuleManager: Shutting down and abandoning module GammaUI (332)
[2017.05.22-22.01.05:127][520]LogModuleManager: Shutting down and abandoning module Documentation (330)
[2017.05.22-22.01.05:127][520]LogModuleManager: Shutting down and abandoning module Niagara (328)
[2017.05.22-22.01.05:127][520]LogModuleManager: Shutting down and abandoning module StreamingPauseRendering (326)
[2017.05.22-22.01.05:127][520]LogModuleManager: Shutting down and abandoning module AnalyticsET (324)
[2017.05.22-22.01.05:127][520]LogModuleManager: Shutting down and abandoning module PortalServices (322)
[2017.05.22-22.01.05:127][520]LogModuleManager: Shutting down and abandoning module PortalRpc (320)
[2017.05.22-22.01.05:127][520]LogModuleManager: Shutting down and abandoning module MessagingRpc (318)
[2017.05.22-22.01.05:127][520]LogModuleManager: Shutting down and abandoning module AIModule (316)
[2017.05.22-22.01.05:127][520]LogModuleManager: Shutting down and abandoning module GameplayDebugger (315)
[2017.05.22-22.01.05:127][520]LogModuleManager: Shutting down and abandoning module AITestSuite (313)
[2017.05.22-22.01.05:127][520]LogModuleManager: Shutting down and abandoning module ProfilerService (310)
[2017.05.22-22.01.05:301][520]LogModuleManager: Shutting down and abandoning module TaskGraph (308)
[2017.05.22-22.01.05:301][520]LogModuleManager: Shutting down and abandoning module SubstanceEditor (306)
[2017.05.22-22.01.05:302][520]LogModuleManager: Shutting down and abandoning module SteamVRController (304)
[2017.05.22-22.01.05:302][520]LogModuleManager: Shutting down and abandoning module SteamVR (302)
[2017.05.22-22.01.05:302][520]LogModuleManager: Shutting down and abandoning module ProceduralMeshComponentEditor (300)
[2017.05.22-22.01.05:302][520]LogModuleManager: Shutting down and abandoning module ProceduralMeshComponent (298)
[2017.05.22-22.01.05:302][520]LogModuleManager: Shutting down and abandoning module OculusLibrary (296)
[2017.05.22-22.01.05:302][520]LogModuleManager: Shutting down and abandoning module OculusInput (294)
[2017.05.22-22.01.05:302][520]LogModuleManager: Shutting down and abandoning module MobilePatchingUtils (292)
[2017.05.22-22.01.05:302][520]LogModuleManager: Shutting down and abandoning module CustomMeshComponent (290)
[2017.05.22-22.01.05:302][520]LogModuleManager: Shutting down and abandoning module CableComponent (288)
[2017.05.22-22.01.05:302][520]LogModuleManager: Shutting down and abandoning module ArchVisCharacter (286)
[2017.05.22-22.01.05:302][520]LogModuleManager: Shutting down and abandoning module MediaPlayerEditor (282)
[2017.05.22-22.01.05:302][520]LogModuleManager: Shutting down and abandoning module HTML5Networking (280)
[2017.05.22-22.01.05:302][520]LogModuleManager: Shutting down and abandoning module AlembicImporter (278)
[2017.05.22-22.01.05:302][520]LogModuleManager: Shutting down and abandoning module AlembicLibrary (277)
[2017.05.22-22.01.05:302][520]LogModuleManager: Shutting down and abandoning module GeometryCache (276)
[2017.05.22-22.01.05:302][520]LogModuleManager: Shutting down and abandoning module GeometryCacheEd (275)
[2017.05.22-22.01.05:302][520]LogModuleManager: Shutting down and abandoning module SuperSearchEditor (270)
[2017.05.22-22.01.05:302][520]LogModuleManager: Shutting down and abandoning module SuperSearch (269)
[2017.05.22-22.01.05:302][520]LogModuleManager: Shutting down and abandoning module SpeedTreeImporter (266)
[2017.05.22-22.01.05:302][520]LogModuleManager: Shutting down and abandoning module PluginBrowser (264)
[2017.05.22-22.01.05:302][520]LogModuleManager: Shutting down and abandoning module MobileLauncherProfileWizard (262)
[2017.05.22-22.01.05:302][520]LogModuleManager: Shutting down and abandoning module EpicSurvey (260)
[2017.05.22-22.01.05:302][520]LogModuleManager: Shutting down and abandoning module VisualStudioSourceCodeAccess (258)
[2017.05.22-22.01.05:302][520]LogModuleManager: Shutting down and abandoning module DesktopPlatform (257)
[2017.05.22-22.01.05:302][520]LogModuleManager: Shutting down and abandoning module UObjectPlugin (254)
[2017.05.22-22.01.05:302][520]LogModuleManager: Shutting down and abandoning module SubversionSourceControl (252)
[2017.05.22-22.01.05:302][520]LogModuleManager: Shutting down and abandoning module PerforceSourceControl (250)
[2017.05.22-22.01.05:302][520]LogModuleManager: Shutting down and abandoning module GitSourceControl (248)
[2017.05.22-22.01.05:302][520]LogModuleManager: Shutting down and abandoning module SourceControl (247)
[2017.05.22-22.01.05:302][520]LogModuleManager: Shutting down and abandoning module LightPropagationVolumeEditor (244)
[2017.05.22-22.01.05:302][520]LogModuleManager: Shutting down and abandoning module PaperTiledImporter (242)
[2017.05.22-22.01.05:302][520]LogModuleManager: Shutting down and abandoning module PaperSpriteSheetImporter (240)
[2017.05.22-22.01.05:302][520]LogModuleManager: Shutting down and abandoning module Paper2DEditor (238)
[2017.05.22-22.01.05:302][520]LogModuleManager: Shutting down and abandoning module MeshPaint (237)
[2017.05.22-22.01.05:302][520]LogModuleManager: Shutting down and abandoning module LevelEditor (235)
[2017.05.22-22.01.05:303][520]LogModuleManager: Shutting down and abandoning module PixelInspectorModule (234)
[2017.05.22-22.01.05:303][520]LogModuleManager: Shutting down and abandoning module MainFrame (232)
[2017.05.22-22.01.05:303][520]LogModuleManager: Shutting down and abandoning module HotReload (231)
[2017.05.22-22.01.05:304][520]LogModuleManager: Shutting down and abandoning module ContentBrowser (227)
[2017.05.22-22.01.05:306][520]LogModuleManager: Shutting down and abandoning module PhysXVehiclesEditor (224)
[2017.05.22-22.01.05:306][520]LogModuleManager: Shutting down and abandoning module PhysXVehicles (222)
[2017.05.22-22.01.05:306][520]LogModuleManager: Shutting down and abandoning module LocationServicesBPLibrary (220)
[2017.05.22-22.01.05:306][520]LogModuleManager: Shutting down and abandoning module UdpMessaging (218)
[2017.05.22-22.01.05:406][520]LogModuleManager: Shutting down and abandoning module TcpMessaging (216)
[2017.05.22-22.01.05:506][520]LogModuleManager: Shutting down and abandoning module SubstanceCore (214)
[2017.05.22-22.01.05:506][520]LogModuleManager: Shutting down and abandoning module GameplayTagsEditor (212)
[2017.05.22-22.01.05:506][520]LogModuleManager: Shutting down and abandoning module FacialAnimationEditor (210)
[2017.05.22-22.01.05:506][520]LogModuleManager: Shutting down and abandoning module FacialAnimation (208)
[2017.05.22-22.01.05:506][520]LogModuleManager: Shutting down and abandoning module LightPropagationVolumeRuntime (206)
[2017.05.22-22.01.05:506][520]LogModuleManager: Shutting down and abandoning module Paper2D (204)
[2017.05.22-22.01.05:506][520]LogModuleManager: Shutting down and abandoning module WindowsMoviePlayer (202)
[2017.05.22-22.01.05:506][520]LogModuleManager: Shutting down and abandoning module WmfMedia (200)
[2017.05.22-22.01.05:507][520]LogModuleManager: Shutting down and abandoning module MfMedia (198)
[2017.05.22-22.01.05:507][520]LogModuleManager: Shutting down and abandoning module MediaAssets (196)
[2017.05.22-22.01.05:507][520]LogModuleManager: Shutting down and abandoning module GameLiveStreaming (194)
[2017.05.22-22.01.05:507][520]LogModuleManager: Shutting down and abandoning module VREditor (192)
[2017.05.22-22.01.05:507][520]LogModuleManager: Shutting down and abandoning module GameplayTasksEditor (190)
[2017.05.22-22.01.05:507][520]LogModuleManager: Shutting down and abandoning module BehaviorTreeEditor (188)
[2017.05.22-22.01.05:507][520]LogModuleManager: Shutting down and abandoning module FunctionalTesting (186)
[2017.05.22-22.01.05:507][520]LogModuleManager: Shutting down and abandoning module CollisionAnalyzer (184)
[2017.05.22-22.01.05:507][520]LogModuleManager: Shutting down and abandoning module UMG (182)
[2017.05.22-22.01.05:507][520]LogModuleManager: Shutting down and abandoning module UMGEditor (181)
[2017.05.22-22.01.05:507][520]LogModuleManager: Shutting down and abandoning module Sequencer (180)
[2017.05.22-22.01.05:507][520]LogModuleManager: Shutting down and abandoning module AssetTools (178)
[2017.05.22-22.01.05:508][520]LogModuleManager: Shutting down and abandoning module MessageLog (177)
[2017.05.22-22.01.05:508][520]LogModuleManager: Shutting down and abandoning module WorkspaceMenuStructure (176)
[2017.05.22-22.01.05:508][520]LogModuleManager: Shutting down and abandoning module SlateReflector (170)
[2017.05.22-22.01.05:508][520]LogModuleManager: Shutting down and abandoning module Slate (168)
[2017.05.22-22.01.05:508][520]LogModuleManager: Shutting down and abandoning module EditorStyle (166)
[2017.05.22-22.01.05:511][520]LogModuleManager: Shutting down and abandoning module SourceCodeAccess (164)
[2017.05.22-22.01.05:511][520]LogModuleManager: Shutting down and abandoning module HeadMountedDisplay (162)
[2017.05.22-22.01.05:511][520]LogModuleManager: Shutting down and abandoning module XAudio2 (160)
[2017.05.22-22.01.05:511][520]LogModuleManager: Shutting down and abandoning module Networking (158)
[2017.05.22-22.01.05:511][520]LogModuleManager: Shutting down and abandoning module Core (154)
[2017.05.22-22.01.05:511][520]LogModuleManager: Shutting down and abandoning module AssetRegistry (152)
[2017.05.22-22.01.05:701][520]LogDirectoryWatcher: A directory notification for '../../../Engine/Content/' was aborted.
[2017.05.22-22.01.05:701][520]LogDirectoryWatcher: A directory notification for 'G:/Projects/Environment Challenge/Enviro_1/Enviro1/Content/' was aborted.
[2017.05.22-22.01.05:701][520]LogDirectoryWatcher: A directory notification for '../../../Engine/Plugins/2D/Paper2D/Content/' was aborted.
[2017.05.22-22.01.05:701][520]LogModuleManager: Shutting down and abandoning module DirectoryWatcher (151)
[2017.05.22-22.01.05:702][520]LogModuleManager: Shutting down and abandoning module KismetCompiler (148)
[2017.05.22-22.01.05:702][520]LogModuleManager: Shutting down and abandoning module PhysXFormats (146)
[2017.05.22-22.01.05:702][520]LogModuleManager: Shutting down and abandoning module MeshUtilities (144)
[2017.05.22-22.01.05:702][520]LogModuleManager: Shutting down and abandoning module SimplygonSwarm (143)
[2017.05.22-22.01.05:702][520]LogModuleManager: Shutting down and abandoning module SimplygonMeshReduction (141)
[2017.05.22-22.01.05:702][520]LogModuleManager: Shutting down and abandoning module QuadricMeshReduction (139)
[2017.05.22-22.01.05:702][520]LogModuleManager: Shutting down and abandoning module PropertyEditor (137)
[2017.05.22-22.01.05:702][520]LogModuleManager: Shutting down and abandoning module DerivedDataCache (134)
[2017.05.22-22.01.05:722][520]LogDerivedDataCache: Shutdown
[2017.05.22-22.01.05:722][520]LogModuleManager: Shutting down and abandoning module TargetPlatform (132)
[2017.05.22-22.01.05:722][520]LogModuleManager: Shutting down and abandoning module VulkanShaderFormat (131)
[2017.05.22-22.01.05:722][520]LogModuleManager: Shutting down and abandoning module ShaderFormatOpenGL (129)
[2017.05.22-22.01.05:722][520]LogModuleManager: Shutting down and abandoning module ShaderFormatD3D (127)
[2017.05.22-22.01.05:722][520]LogModuleManager: Shutting down and abandoning module MetalShaderFormat (125)
[2017.05.22-22.01.05:722][520]LogModuleManager: Shutting down and abandoning module TextureFormatUncompressed (123)
[2017.05.22-22.01.05:722][520]LogModuleManager: Shutting down and abandoning module TextureFormatPVR (121)
[2017.05.22-22.01.05:722][520]LogModuleManager: Shutting down and abandoning module TextureFormatDXT (119)
[2017.05.22-22.01.05:722][520]LogModuleManager: Shutting down and abandoning module TextureFormatIntelISPCTexComp (117)
[2017.05.22-22.01.05:723][520]LogModuleManager: Shutting down and abandoning module TextureFormatASTC (115)
[2017.05.22-22.01.05:723][520]LogModuleManager: Shutting down and abandoning module ImageWrapper (114)
[2017.05.22-22.01.05:723][520]LogModuleManager: Shutting down and abandoning module TextureFormatAndroid (111)
[2017.05.22-22.01.05:723][520]LogModuleManager: Shutting down and abandoning module AudioFormatOpus (109)
[2017.05.22-22.01.05:723][520]LogModuleManager: Shutting down and abandoning module AudioFormatOgg (107)
[2017.05.22-22.01.05:723][520]LogModuleManager: Shutting down and abandoning module AudioFormatADPCM (105)
[2017.05.22-22.01.05:723][520]LogModuleManager: Shutting down and abandoning module LinuxTargetPlatform (103)
[2017.05.22-22.01.05:723][520]LogModuleManager: Shutting down and abandoning module LinuxServerTargetPlatform (101)
[2017.05.22-22.01.05:723][520]LogModuleManager: Shutting down and abandoning module LinuxNoEditorTargetPlatform (99)
[2017.05.22-22.01.05:723][520]LogModuleManager: Shutting down and abandoning module LinuxClientTargetPlatform (97)
[2017.05.22-22.01.05:723][520]LogModuleManager: Shutting down and abandoning module TVOSTargetPlatform (95)
[2017.05.22-22.01.05:723][520]LogModuleManager: Shutting down and abandoning module Messaging (93)
[2017.05.22-22.01.05:723][520]LogModuleManager: Shutting down and abandoning module IOSTargetPlatform (91)
[2017.05.22-22.01.05:723][520]LogModuleManager: Shutting down and abandoning module HTML5TargetPlatform (89)
[2017.05.22-22.01.05:723][520]LogModuleManager: Shutting down and abandoning module Android_PVRTCTargetPlatform (87)
[2017.05.22-22.01.05:723][520]LogModuleManager: Shutting down and abandoning module Android_MultiTargetPlatform (85)
[2017.05.22-22.01.05:723][520]LogModuleManager: Shutting down and abandoning module Android_ETC2TargetPlatform (83)
[2017.05.22-22.01.05:723][520]LogModuleManager: Shutting down and abandoning module Android_ETC1TargetPlatform (81)
[2017.05.22-22.01.05:723][520]LogModuleManager: Shutting down and abandoning module Android_DXTTargetPlatform (79)
[2017.05.22-22.01.05:723][520]LogModuleManager: Shutting down and abandoning module Android_ATCTargetPlatform (77)
[2017.05.22-22.01.05:723][520]LogModuleManager: Shutting down and abandoning module Android_ASTCTargetPlatform (75)
[2017.05.22-22.01.05:723][520]LogModuleManager: Shutting down and abandoning module AndroidTargetPlatform (73)
[2017.05.22-22.01.05:723][520]LogModuleManager: Shutting down and abandoning module WindowsTargetPlatform (71)
[2017.05.22-22.01.05:723][520]LogModuleManager: Shutting down and abandoning module WindowsServerTargetPlatform (69)
[2017.05.22-22.01.05:723][520]LogModuleManager: Shutting down and abandoning module WindowsNoEditorTargetPlatform (67)
[2017.05.22-22.01.05:723][520]LogModuleManager: Shutting down and abandoning module WindowsClientTargetPlatform (65)
[2017.05.22-22.01.05:723][520]LogModuleManager: Shutting down and abandoning module MacTargetPlatform (63)
[2017.05.22-22.01.05:723][520]LogModuleManager: Shutting down and abandoning module MacServerTargetPlatform (61)
[2017.05.22-22.01.05:723][520]LogModuleManager: Shutting down and abandoning module MacNoEditorTargetPlatform (59)
[2017.05.22-22.01.05:723][520]LogModuleManager: Shutting down and abandoning module MacClientTargetPlatform (57)
[2017.05.22-22.01.05:723][520]LogModuleManager: Shutting down and abandoning module AllDesktopTargetPlatform (55)
[2017.05.22-22.01.05:723][520]LogModuleManager: Shutting down and abandoning module InputCore (52)
[2017.05.22-22.01.05:723][520]LogModuleManager: Shutting down and abandoning module Settings (50)
[2017.05.22-22.01.05:723][520]LogModuleManager: Shutting down and abandoning module OculusRift (48)
[2017.05.22-22.01.05:723][520]LogModuleManager: Shutting down and abandoning module GearVR (46)
[2017.05.22-22.01.05:723][520]LogModuleManager: Shutting down and abandoning module ExampleDeviceProfileSelector (44)
[2017.05.22-22.01.05:723][520]LogModuleManager: Shutting down and abandoning module OnlineBlueprintSupport (42)
[2017.05.22-22.01.05:723][520]LogModuleManager: Shutting down and abandoning module OnlineSubsystem (38)
[2017.05.22-22.01.05:723][520]LogOnline:Display: Unloading online subsystem: NULL
[2017.05.22-22.01.05:723][520]LogModuleManager: Shutting down and abandoning module XMPP (37)
[2017.05.22-22.01.05:723][520]LogModuleManager: Shutting down and abandoning module HTTP (35)
[2017.05.22-22.01.05:723][520]LogHttp:Display: Http module shutting down, but needs to wait on 1 outstanding Http requests:
[2017.05.22-22.01.05:723][520]LogHttp:Display: 	verb=[POST] url=[https://datarouter.ol.epicgames.com/datarouter/api/v1/public/data?SessionID=%7BA4295FE3-4E55-AD7D-5F36-AFAE98FD6F30%7D&AppID=UEEditor.Rocket.Release&AppVersion=4.15.2-3416026%2B%2B%2BUE4%2BRelease-4.15&UserID=dc279fdd47525cdca2f12991d65d3520%7Cd2e90465e53c4e38aa585c6f39e2de54%7C4e36f673-25ed-4d20-b592-0a3012a498f0&AppEnvironment=datacollector-binary&UploadType=eteventstream] status=Processing
[2017.05.22-22.01.05:742][520]LogModuleManager: Shutting down and abandoning module SSL (34)
[2017.05.22-22.01.05:744][520]LogModuleManager: Shutting down and abandoning module AudioEditor (30)
[2017.05.22-22.01.05:744][520]LogModuleManager: Shutting down and abandoning module TextureCompressor (28)
[2017.05.22-22.01.05:744][520]LogModuleManager: Shutting down and abandoning module ShaderCore (26)
[2017.05.22-22.01.05:744][520]LogModuleManager: Shutting down and abandoning module Landscape (24)
[2017.05.22-22.01.05:744][520]LogModuleManager: Shutting down and abandoning module SlateRHIRenderer (22)
[2017.05.22-22.01.05:746][520]LogModuleManager: Shutting down and abandoning module OpenGLDrv (20)
[2017.05.22-22.01.05:746][520]LogModuleManager: Shutting down and abandoning module D3D11RHI (18)
[2017.05.22-22.01.05:746][520]LogModuleManager: Shutting down and abandoning module AnimGraphRuntime (16)
[2017.05.22-22.01.05:746][520]LogModuleManager: Shutting down and abandoning module Renderer (14)
[2017.05.22-22.01.05:746][520]LogModuleManager: Shutting down and abandoning module Engine (12)
[2017.05.22-22.01.05:746][520]LogModuleManager: Shutting down and abandoning module CoreUObject (10)
[2017.05.22-22.01.05:746][520]LogModuleManager: Shutting down and abandoning module NetworkFile (8)
[2017.05.22-22.01.05:746][520]LogModuleManager: Shutting down and abandoning module StreamingFile (6)
[2017.05.22-22.01.05:746][520]LogModuleManager: Shutting down and abandoning module SandboxFile (4)
[2017.05.22-22.01.05:746][520]LogModuleManager: Shutting down and abandoning module PakFile (2)
[2017.05.22-22.01.05:748][520]LogExit: Exiting.
[2017.05.22-22.01.05:751][520]Log file closed, 05/22/17 16:01:05
