Log file open, 05/19/17 14:18:35
LogInit:Display: Running engine for game: Enviro1
LogPlatformFile: Not using cached read wrapper
LogInit:Display: RandInit(-1290878676) SRandInit(-1290878676).
LogTaskGraph: Started task graph with 5 named threads and 8 total threads with 1 sets of task threads.
LogStats: Stats thread started at 0.077618
LogInit: Using libcurl 7.47.1
LogInit:  - built for x86_64-pc-win32
LogInit:  - supports SSL with OpenSSL/1.0.2g
LogInit:  - supports HTTP deflate (compression) using libz 1.2.8
LogInit:  - other features:
LogInit:      CURL_VERSION_SSL
LogInit:      CURL_VERSION_LIBZ
LogInit:      CURL_VERSION_IPV6
LogInit:      CURL_VERSION_ASYNCHDNS
LogInit:      CURL_VERSION_LARGEFILE
LogInit:      CURL_VERSION_IDN
LogInit:  CurlRequestOptions (configurable via config and command line):
LogInit:  - bVerifyPeer = false  - Libcurl will NOT verify peer certificate
LogInit:  - bUseHttpProxy = false  - Libcurl will NOT use HTTP proxy
LogInit:  - bDontReuseConnections = false  - Libcurl will reuse connections
LogInit:  - CertBundlePath = nullptr  - Libcurl will use whatever was configured at build time.
LogInit: Build: ++UE4+Release-4.15-CL-3416026
LogInit: Engine Version: 4.15.2-3416026+++UE4+Release-4.15
LogInit: Compatible Engine Version: 4.15.0-3299760+++UE4+Release-4.15
LogInit: Net CL: 3299760
LogDevObjectVersion: Number of dev versions registered: 14
LogDevObjectVersion:   Dev-Blueprints (B0D832E4-1F89-4F0D-ACCF-7EB736FD4AA2): 8
LogDevObjectVersion:   Dev-Build (E1C64328-A22C-4D53-A36C-8E866417BD8C): 0
LogDevObjectVersion:   Dev-Core (375EC13C-06E4-48FB-B500-84F0262A717E): 2
LogDevObjectVersion:   Dev-Editor (E4B068ED-F494-42E9-A231-DA0B2E46BB41): 14
LogDevObjectVersion:   Dev-Framework (CFFC743F-43B0-4480-9391-14DF171D2073): 22
LogDevObjectVersion:   Dev-Mobile (B02B49B5-BB20-44E9-A304-32B752E40360): 0
LogDevObjectVersion:   Dev-Networking (A4E4105C-59A1-49B5-A7C5-40C4547EDFEE): 0
LogDevObjectVersion:   Dev-Online (39C831C9-5AE6-47DC-9A44-9C173E1C8E7C): 0
LogDevObjectVersion:   Dev-Physics (78F01B33-EBEA-4F98-B9B4-84EACCB95AA2): 0
LogDevObjectVersion:   Dev-Platform (6631380F-2D4D-43E0-8009-CF276956A95A): 0
LogDevObjectVersion:   Dev-Rendering (12F88B9F-8875-4AFC-A67C-D90C383ABD29): 12
LogDevObjectVersion:   Dev-Sequencer (7B5AE74C-D270-4C10-A958-57980B212A5A): 3
LogDevObjectVersion:   Dev-VR (D7296918-1DD6-4BDD-9DE2-64A83CC13884): 0
LogDevObjectVersion:   Dev-LoadTimes (C2A15278-BFE7-4AFE-6C17-90FF531DF755): 1
LogInit: Compiled (64-bit): May  1 2017 13:11:28
LogInit: Compiled with Visual C++: 19.00.23026.00
LogInit: Build Configuration: Development
LogInit: Branch Name: ++UE4+Release-4.15
LogInit: Command line:  
LogInit: Base directory: C:/Program Files/Epic Games/UE_4.15/Engine/Binaries/Win64/
LogInit: Installed Engine Build: 1
LogInit: Presizing for max 8388607 objects, including 0 objects not considered by GC, pre-allocating 0 bytes for permanent pool.
LogInit: Object subsystem initialized
[2017.05.19-20.18.36:123][  0]LogInit: Selected Device Profile: [Windows]
[2017.05.19-20.18.36:123][  0]LogInit: Applying CVar settings loaded from the selected device profile: [Windows]
[2017.05.19-20.18.36:135][  0]LogInit: Computer: ASUS-G752VT
[2017.05.19-20.18.36:135][  0]LogInit: User: azure
[2017.05.19-20.18.36:135][  0]LogInit: CPU Page size=65536, Cores=4
[2017.05.19-20.18.36:135][  0]LogInit: High frequency timer resolution =2.531248 MHz
[2017.05.19-20.18.36:136][  0]LogMemory: Memory total: Physical=23.9GB (24GB approx)
[2017.05.19-20.18.36:136][  0]LogMemory: Platform Memory Stats for Windows
[2017.05.19-20.18.36:136][  0]LogMemory: Process Physical Memory: 263.14 MB used, 263.14 MB peak
[2017.05.19-20.18.36:136][  0]LogMemory: Process Virtual Memory: 262.62 MB used, 262.62 MB peak
[2017.05.19-20.18.36:136][  0]LogMemory: Physical Memory: 6778.00 MB used,  17736.38 MB free, 24514.38 MB total
[2017.05.19-20.18.36:136][  0]LogMemory: Virtual Memory: 644.96 MB used,  17736.38 MB free, 134217728.00 MB total
[2017.05.19-20.18.36:451][  0]LogTextLocalizationManager: No specific translations for ('en-US') exist, so ('en') translations will be used.
[2017.05.19-20.18.37:050][  0]LogD3D11RHI: D3D11 adapters:
[2017.05.19-20.18.37:083][  0]LogD3D11RHI:    0. 'NVIDIA GeForce GTX 970M ' (Feature Level 11_0)
[2017.05.19-20.18.37:083][  0]LogD3D11RHI:       6051/0/12257 MB DedicatedVideo/DedicatedSystem/SharedSystem, Outputs:1, VendorId:0x10de
[2017.05.19-20.18.37:084][  0]LogD3D11RHI:    1. 'Microsoft Basic Render Driver' (Feature Level 11_0)
[2017.05.19-20.18.37:084][  0]LogD3D11RHI:       0/0/12257 MB DedicatedVideo/DedicatedSystem/SharedSystem, Outputs:0, VendorId:0x1414
[2017.05.19-20.18.37:084][  0]LogD3D11RHI: Chosen D3D11 Adapter: 0
[2017.05.19-20.18.37:089][  0]LogD3D11RHI: Creating new Direct3DDevice
[2017.05.19-20.18.37:089][  0]LogD3D11RHI:     GPU DeviceId: 0x1618 (for the marketing name, search the web for "GPU Device Id")
[2017.05.19-20.18.37:089][  0]LogWindows: EnumDisplayDevices:
[2017.05.19-20.18.37:089][  0]LogWindows:    0. 'NVIDIA GeForce GTX 970M ' (P:1 D:1)
[2017.05.19-20.18.37:089][  0]LogWindows:    1. 'NVIDIA GeForce GTX 970M ' (P:0 D:0)
[2017.05.19-20.18.37:089][  0]LogWindows:    2. 'NVIDIA GeForce GTX 970M ' (P:0 D:0)
[2017.05.19-20.18.37:089][  0]LogWindows:    3. 'NVIDIA GeForce GTX 970M ' (P:0 D:0)
[2017.05.19-20.18.37:089][  0]LogWindows: DebugString: FoundDriverCount:4 
[2017.05.19-20.18.37:089][  0]LogD3D11RHI:     Adapter Name: NVIDIA GeForce GTX 970M 
[2017.05.19-20.18.37:089][  0]LogD3D11RHI:   Driver Version: 353.62 (internal:10.18.13.5362, unified:353.62)
[2017.05.19-20.18.37:089][  0]LogD3D11RHI:      Driver Date: 7-22-2015
[2017.05.19-20.18.37:089][  0]LogRHI: Texture pool is 1361 MB (70% of 1945 MB)
[2017.05.19-20.18.37:106][  0]LogD3D11RHI: NvAPI_D3D_GetCurrentSLIState failed: 0xfffffff7
[2017.05.19-20.18.37:107][  0]LogD3D11RHI: [Aftermath] Aftermath enabled but failed to initialize due to reason: DriverVersionNotSupported
[2017.05.19-20.18.37:107][  0]LogD3D11RHI: Async texture creation enabled
[2017.05.19-20.18.37:568][  0]LogD3D11RHI: GPU Timing Frequency: 1000.000000 (Debug: 2 1)
[2017.05.19-20.18.37:569][  0]LogShaderCompilers: Guid format shader working directory is -4 characters bigger than the processId version (F:/Projects/Environment Challenge/Enviro_1/Enviro1/Intermediate/Shaders/WorkingDirectory/7788/).
[2017.05.19-20.18.37:570][  0]LogShaderCompilers: Cleaned the shader compiler working directory 'C:/Users/azure/AppData/Local/Temp/UnrealShaderWorkingDir/F4119E5044595079E182DF9334342B4B/'.
[2017.05.19-20.18.37:570][  0]LogShaderCompilers:Display: Using Local Shader Compiler.
[2017.05.19-20.18.38:621][  0]LogTemp:Display: Loaded TP AllDesktopTargetPlatform
[2017.05.19-20.18.38:674][  0]LogTemp:Display: Loaded TP MacClientTargetPlatform
[2017.05.19-20.18.38:724][  0]LogTemp:Display: Loaded TP MacNoEditorTargetPlatform
[2017.05.19-20.18.38:776][  0]LogTemp:Display: Loaded TP MacServerTargetPlatform
[2017.05.19-20.18.38:826][  0]LogTemp:Display: Loaded TP MacTargetPlatform
[2017.05.19-20.18.38:881][  0]LogTemp:Display: Loaded TP WindowsClientTargetPlatform
[2017.05.19-20.18.38:934][  0]LogTemp:Display: Loaded TP WindowsNoEditorTargetPlatform
[2017.05.19-20.18.38:984][  0]LogTemp:Display: Loaded TP WindowsServerTargetPlatform
[2017.05.19-20.18.39:026][  0]LogTemp:Display: Loaded TP WindowsTargetPlatform
[2017.05.19-20.18.39:074][  0]LogTemp:Display: Loaded TP AndroidTargetPlatform
[2017.05.19-20.18.39:125][  0]LogTemp:Display: Loaded TP Android_ASTCTargetPlatform
[2017.05.19-20.18.39:176][  0]LogTemp:Display: Loaded TP Android_ATCTargetPlatform
[2017.05.19-20.18.39:226][  0]LogTemp:Display: Loaded TP Android_DXTTargetPlatform
[2017.05.19-20.18.39:278][  0]LogTemp:Display: Loaded TP Android_ETC1TargetPlatform
[2017.05.19-20.18.39:328][  0]LogTemp:Display: Loaded TP Android_ETC2TargetPlatform
[2017.05.19-20.18.39:426][  0]LogTemp:Display: Loaded TP Android_MultiTargetPlatform
[2017.05.19-20.18.39:426][  0]LogTemp:Display: Loaded TP Android_PVRTCTargetPlatform
[2017.05.19-20.18.39:461][  0]LogTemp:Display: Loaded TP HTML5TargetPlatform
[2017.05.19-20.18.39:553][  0]LogTemp:Display: Loaded TP IOSTargetPlatform
[2017.05.19-20.18.39:587][  0]LogTemp:Display: Loaded TP TVOSTargetPlatform
[2017.05.19-20.18.39:637][  0]LogTemp:Display: Loaded TP LinuxClientTargetPlatform
[2017.05.19-20.18.39:687][  0]LogTemp:Display: Loaded TP LinuxNoEditorTargetPlatform
[2017.05.19-20.18.39:735][  0]LogTemp:Display: Loaded TP LinuxServerTargetPlatform
[2017.05.19-20.18.39:786][  0]LogTemp:Display: Loaded TP LinuxTargetPlatform
[2017.05.19-20.18.39:786][  0]LogTargetPlatformManager:Display: Building Assets For Windows
[2017.05.19-20.18.40:185][  0]LogDerivedDataCache:Display: Max Cache Size: 512 MB
[2017.05.19-20.18.40:233][  0]LogDerivedDataCache: Loaded boot cache 0.05s 50MB C:/Users/azure/AppData/Local/UnrealEngine/4.15/DerivedDataCache/Boot.ddc.
[2017.05.19-20.18.40:233][  0]LogDerivedDataCache:Display: Loaded Boot cache: C:/Users/azure/AppData/Local/UnrealEngine/4.15/DerivedDataCache/Boot.ddc
[2017.05.19-20.18.40:234][  0]LogDerivedDataCache: FDerivedDataBackendGraph:  Pak pak cache file F:/Projects/Environment Challenge/Enviro_1/Enviro1/DerivedDataCache/DDC.ddp not found, will not use a pak cache.
[2017.05.19-20.18.40:234][  0]LogDerivedDataCache: Unable to find inner node Pak for hierarchical cache Hierarchy.
[2017.05.19-20.18.40:234][  0]LogDerivedDataCache: FDerivedDataBackendGraph:  CompressedPak pak cache file F:/Projects/Environment Challenge/Enviro_1/Enviro1/DerivedDataCache/Compressed.ddp not found, will not use a pak cache.
[2017.05.19-20.18.40:234][  0]LogDerivedDataCache: Unable to find inner node CompressedPak for hierarchical cache Hierarchy.
[2017.05.19-20.18.40:254][  0]LogDerivedDataCache:Display: Pak cache opened for reading ../../../Engine/DerivedDataCache/Compressed.ddp.
[2017.05.19-20.18.40:266][  0]LogDerivedDataCache: Using Local data cache path C:/Users/azure/AppData/Local/UnrealEngine/Common/DerivedDataCache: Writable
[2017.05.19-20.18.40:276][  0]LogSlate: Using Freetype 2.6.0
[2017.05.19-20.18.40:276][  0]LogSlate: SlateFontCache - WITH_FREETYPE: 1, WITH_HARFBUZZ: 1
[2017.05.19-20.18.40:276][  0]LogSlate: SlateFontCache - WITH_FREETYPE: 1, WITH_HARFBUZZ: 1
[2017.05.19-20.18.40:563][  0]LogInit: Selected Device Profile: [Windows]
[2017.05.19-20.18.40:565][  0]LogContentStreaming: Texture pool size is 0.00 MB
[2017.05.19-20.18.40:755][  0]LogMeshUtilities: Using QuadricMeshReduction for automatic static mesh reduction
[2017.05.19-20.18.40:796][  0]LogSimplygon: Simplygon DLL not present - disabling.
[2017.05.19-20.18.40:838][  0]LogMeshUtilities: Using SimplygonSwarm for distributed automatic mesh merging
[2017.05.19-20.18.40:838][  0]LogMeshUtilities: No automatic skeletal mesh reduction module available
[2017.05.19-20.18.40:838][  0]LogMeshUtilities: No automatic mesh merging module available
[2017.05.19-20.18.41:352][  0]LogNetVersion: GetLocalNetworkVersion: CL: 3299760, ProjectName: enviro1, ProjectVersion: , EngineNetworkVersion: 2, GameNetworkVersion: 0, NetworkChecksum: 2937792213
[2017.05.19-20.18.41:396][  0]LogAssetRegistry: FAssetRegistry took 0.0219 seconds to start up
[2017.05.19-20.18.41:474][  0]LogPackageLocalizationCache: Processed 3 localized package path(s) for 2 prioritized culture(s) in 0.057630 seconds
[2017.05.19-20.18.41:478][  0]LogUObjectArray: 32493 objects as part of root set at end of initial load.
[2017.05.19-20.18.41:478][  0]LogUObjectAllocator: 7077024 out of 0 bytes used by permanent object pool.
[2017.05.19-20.18.41:478][  0]LogUObjectArray: CloseDisregardForGC: 0/0 objects in disregard for GC pool
[2017.05.19-20.18.41:538][  0]LogInit: WinSock: version 1.1 (2.2), MaxSocks=32767, MaxUdp=65467
[2017.05.19-20.18.43:023][  0]LogSubstanceCoreModule: Substance [CPU] Engine Loaded, Max Texture Size = 2048
[2017.05.19-20.18.43:049][  0]LogTcpMessaging: Initializing TcpMessaging bridge
[2017.05.19-20.18.43:086][  0]LogUdpMessaging: Initializing bridge on interface 0.0.0.0:0 to multicast group 230.0.0.1:6666.
[2017.05.19-20.18.43:508][  0]LogMaterial: Uniform references updated for custom material expression Custom.
[2017.05.19-20.18.43:864][  0]SourceControl: Info Source control is disabled
[2017.05.19-20.18.43:865][  0]SourceControl: Info Source control is disabled
[2017.05.19-20.18.43:910][  0]SourceControl: Info Source control is disabled
[2017.05.19-20.18.43:951][  0]SourceControl: Info Source control is disabled
[2017.05.19-20.18.45:137][  0]LogEngine: Initializing Engine...
[2017.05.19-20.18.45:137][  0]LogHMD: Failed to initialize OpenVR with code 110
[2017.05.19-20.18.45:243][  0]LogStats: UGameplayTagsManager::ConstructGameplayTagTree: Construct from data asset -  0.000 s
[2017.05.19-20.18.45:243][  0]LogStats: UGameplayTagsManager::ConstructGameplayTagTree: GameplayTagTreeChangedEvent.Broadcast -  0.000 s
[2017.05.19-20.18.45:355][  0]LogAIModule: Creating AISystem for world Untitled
[2017.05.19-20.18.45:370][  0]LogInit: XAudio2 using 'Headphones (Jam Party Stereo)' : 2 channels at 44.1 kHz using 16 bits per sample (channel mask 0x3)
[2017.05.19-20.18.45:999][  0]LogInit: FAudioDevice initialized.
[2017.05.19-20.18.46:024][  0]LogDerivedDataCache: Saved boot cache 0.03s 50MB C:/Users/azure/AppData/Local/UnrealEngine/4.15/DerivedDataCache/Boot.ddc.
[2017.05.19-20.18.46:033][  0]LogInit: Texture streaming: Enabled
[2017.05.19-20.18.46:122][  0]LogEngineSessionManager: EngineSessionManager initialized
[2017.05.19-20.18.46:203][  0]LogInit: Transaction tracking system initialized
[2017.05.19-20.18.46:526][  0]BlueprintLog: New page: Editor Load
[2017.05.19-20.18.47:401][  0]LocalizationService: Info Localization service is disabled
[2017.05.19-20.18.48:024][  0]LogConsoleResponse:Display: 
[2017.05.19-20.18.48:142][  0]LogCook:Display: Max memory allowance for cook 16384mb min free memory 0mb
[2017.05.19-20.18.48:142][  0]LogCook:Display: Mobile HDR setting 1
[2017.05.19-20.18.48:344][  0]LogFileCache: Scanning file cache for directory 'F:/Projects/Environment Challenge/Enviro_1/Enviro1/Content/' took 0.01s
[2017.05.19-20.18.49:107][  0]SourceControl: Info Source control is disabled
[2017.05.19-20.18.49:108][  0]Cmd: MAP LOAD FILE="F:/Projects/Environment Challenge/Enviro_1/Enviro1/Content/StarterContent/Maps/Minimal_Default.umap" TEMPLATE=0 SHOWPROGRESS=1 FEATURELEVEL=3
[2017.05.19-20.18.49:108][  0]LightingResults: New page: Lighting Build
[2017.05.19-20.18.49:148][  0]MapCheck: New page: Map Check
[2017.05.19-20.18.49:148][  0]LightingResults: New page: Lighting Build
[2017.05.19-20.18.49:268][  0]LogLinker:Warning: Can't find file '/Game/StarterContent/Maps/Minimal_Default_BuiltData'
[2017.05.19-20.18.49:268][  0]LogLinker:Warning: Can't find file for asset '/Game/StarterContent/Maps/Minimal_Default_BuiltData' while loading F:/Projects/Environment Challenge/Enviro_1/Enviro1/Content/StarterContent/Maps/Minimal_Default.umap.
[2017.05.19-20.18.49:268][  0]LoadErrors:Error: Error /Game/StarterContent/Maps/Minimal_Default : Can't find file for asset. /Game/StarterContent/Maps/Minimal_Default_BuiltData
[2017.05.19-20.18.49:282][  0]LogLinker:Warning: Can't find file '/Game/StarterContent/Maps/Minimal_Default_BuiltData'
[2017.05.19-20.18.49:283][  0]LogLinker:Warning: Can't find file for asset '/Game/StarterContent/Maps/Minimal_Default_BuiltData' while loading F:/Projects/Environment Challenge/Enviro_1/Enviro1/Content/StarterContent/Maps/Minimal_Default.umap.
[2017.05.19-20.18.49:283][  0]LoadErrors:Error: Error /Game/StarterContent/Maps/Minimal_Default : Can't find file for asset. /Game/StarterContent/Maps/Minimal_Default_BuiltData
[2017.05.19-20.18.49:289][  0]LogLinker:Warning: Can't find file '/Game/StarterContent/Maps/Minimal_Default_BuiltData'
[2017.05.19-20.18.49:289][  0]LogLinker:Warning: Can't find file for asset '/Game/StarterContent/Maps/Minimal_Default_BuiltData' while loading NULL.
[2017.05.19-20.18.49:289][  0]LogLinker:Warning: Can't find file '/Game/StarterContent/Maps/Minimal_Default_BuiltData'
[2017.05.19-20.18.49:289][  0]LogLinker:Warning: Can't find file for asset '/Game/StarterContent/Maps/Minimal_Default_BuiltData' while loading NULL.
[2017.05.19-20.18.49:295][  0]LogLinker:Warning: Can't find file '/Game/StarterContent/Maps/Minimal_Default_BuiltData'
[2017.05.19-20.18.49:295][  0]LoadErrors: Info Failed to load /Game/StarterContent/Maps/Minimal_Default_BuiltData.Minimal_Default_BuiltData Referenced by PersistentLevel
[2017.05.19-20.18.49:295][  0]LogLinker:Warning: Can't find file for asset '/Game/StarterContent/Maps/Minimal_Default_BuiltData' while loading NULL.
[2017.05.19-20.18.49:295][  0]LoadErrors: Info Failed to load /Game/StarterContent/Maps/Minimal_Default_BuiltData.Minimal_Default_BuiltData Referenced by PersistentLevel
[2017.05.19-20.18.49:441][  0]LogAIModule: Creating AISystem for world Minimal_Default
[2017.05.19-20.18.49:466][  0]LogEditorServer: Finished looking for orphan Actors (0.000 secs)
[2017.05.19-20.18.49:467][  0]Cmd: MAP CHECKDEP NOCLEARLOG
[2017.05.19-20.18.49:504][  0]MapCheck: Info Map check complete: 0 Error(s), 0 Warning(s), took 37.37ms to complete.
[2017.05.19-20.18.49:504][  0]LogFileHelpers: Loading map 'Minimal_Default' took 0.397
[2017.05.19-20.18.49:562][  0]LogWindowsTextInputMethodSystem:Display: IME system now deactivated.
[2017.05.19-20.18.49:562][  0]LogWindowsTextInputMethodSystem:Display: IME system now deactivated.
[2017.05.19-20.18.49:675][  0]LogCollectionManager: Loaded 0 collections in 0.001415 seconds
[2017.05.19-20.18.49:750][  0]LogFileCache: Scanning file cache for directory 'F:/Projects/Environment Challenge/Enviro_1/Enviro1/Saved/Collections/' took 0.01s
[2017.05.19-20.18.49:750][  0]LogFileCache: Scanning file cache for directory 'F:/Projects/Environment Challenge/Enviro_1/Enviro1/Content/Developers/azure/Collections/' took 0.01s
[2017.05.19-20.18.49:750][  0]LogFileCache: Scanning file cache for directory 'F:/Projects/Environment Challenge/Enviro_1/Enviro1/Content/Collections/' took 0.01s
[2017.05.19-20.18.49:750][  0]LogCollectionManager: Rebuilt the GUID cache for 0 collections in 0.000001 seconds
[2017.05.19-20.18.49:759][  0]LogContentBrowser: Native class hierarchy populated in 0.0083 seconds. Added 2259 classes and 459 folders.
[2017.05.19-20.18.49:821][  0]LogContentBrowser: Native class hierarchy updated for 'WidgetCarousel' in 0.0005 seconds. Added 0 classes and 0 folders.
[2017.05.19-20.18.49:851][  0]LogContentBrowser: Native class hierarchy updated for 'AddContentDialog' in 0.0005 seconds. Added 0 classes and 0 folders.
[2017.05.19-20.18.49:890][  0]LogContentBrowser: Native class hierarchy updated for 'SceneOutliner' in 0.0004 seconds. Added 1 classes and 2 folders.
[2017.05.19-20.18.49:937][  0]LogCrashTracker: Crashtracker disabled due to settings.
[2017.05.19-20.18.50:041][  0]LogContentBrowser: Native class hierarchy updated for 'HierarchicalLODOutliner' in 0.0005 seconds. Added 1 classes and 2 folders.
[2017.05.19-20.18.50:041][  0]LogLoad: (Engine Initialization) Total time: 15.81 seconds
[2017.05.19-20.18.50:041][  0]LogLoad: (Engine Initialization) Total Blueprint compile time: 0.08 seconds
[2017.05.19-20.18.50:041][  0]LogExternalProfiler: No external profilers were discovered.  External profiling features will not be available.
[2017.05.19-20.18.50:053][  0]LogOcInput: OculusInput pre-init called
[2017.05.19-20.18.50:071][  0]LogContentStreaming: Texture pool size now 1000 MB
[2017.05.19-20.18.50:089][  0]LogSlate: Took 0.000182 seconds to synchronously load lazily loaded font '../../../Engine/Content/Slate/Fonts/Roboto-Regular.ttf' (155K)
[2017.05.19-20.18.50:092][  0]LogSlate: Took 0.000209 seconds to synchronously load lazily loaded font '../../../Engine/Content/Slate/Fonts/Roboto-Bold.ttf' (160K)
[2017.05.19-20.18.50:097][  0]LogSlate: Took 0.000218 seconds to synchronously load lazily loaded font '../../../Engine/Content/Editor/Slate/Fonts/FontAwesome.ttf' (139K)
[2017.05.19-20.18.50:266][  0]LogRenderer: Reallocating scene render targets to support 1208x600 NumSamples 1 (Frame:2).
[2017.05.19-20.18.50:316][  0]LogSlate: Took 0.000137 seconds to synchronously load lazily loaded font '../../../Engine/Content/Slate/Fonts/Roboto-Light.ttf' (159K)
[2017.05.19-20.18.50:400][  1]LogAssetRegistry: Asset discovery search completed in 9.0262 seconds
[2017.05.19-20.18.50:400][  1]LogCollectionManager: Rebuilt the object cache for 0 collections in 0.000004 seconds (found 0 objects)
[2017.05.19-20.18.50:400][  1]LogCollectionManager: Fixed up redirectors for 0 collections in 0.000020 seconds (updated 0 objects)
[2017.05.19-20.19.02:487][600]LogSlate: Took 0.000131 seconds to synchronously load lazily loaded font '../../../Engine/Content/Slate/Fonts/Roboto-Light.ttf' (159K)
[2017.05.19-20.19.02:514][600]LogLinker:Warning: Can't find file '/Game/StarterContent/Maps/WHITEBOX_BuiltData'
[2017.05.19-20.19.02:514][600]LogLinker:Warning: Can't find file for asset '/Game/StarterContent/Maps/WHITEBOX_BuiltData' while loading F:/Projects/Environment Challenge/Enviro_1/Enviro1/Content/StarterContent/Maps/WHITEBOX.umap.
[2017.05.19-20.19.02:514][600]LoadErrors:Error: Error /Game/StarterContent/Maps/WHITEBOX : Can't find file for asset. /Game/StarterContent/Maps/WHITEBOX_BuiltData
[2017.05.19-20.19.02:518][600]LogLinker:Warning: Can't find file '/Game/StarterContent/Maps/WHITEBOX_BuiltData'
[2017.05.19-20.19.02:518][600]LogLinker:Warning: Can't find file for asset '/Game/StarterContent/Maps/WHITEBOX_BuiltData' while loading F:/Projects/Environment Challenge/Enviro_1/Enviro1/Content/StarterContent/Maps/WHITEBOX.umap.
[2017.05.19-20.19.02:520][600]LogLinker:Warning: Can't find file '/Game/StarterContent/Maps/WHITEBOX_BuiltData'
[2017.05.19-20.19.02:520][600]LogLinker:Warning: Can't find file for asset '/Game/StarterContent/Maps/WHITEBOX_BuiltData' while loading NULL.
[2017.05.19-20.19.02:520][600]LogLinker:Warning: Can't find file '/Game/StarterContent/Maps/WHITEBOX_BuiltData'
[2017.05.19-20.19.02:520][600]LogLinker:Warning: Can't find file for asset '/Game/StarterContent/Maps/WHITEBOX_BuiltData' while loading NULL.
[2017.05.19-20.19.02:524][600]LogLinker:Warning: Can't find file '/Game/StarterContent/Maps/WHITEBOX_BuiltData'
[2017.05.19-20.19.02:524][600]LoadErrors: Info Failed to load /Game/StarterContent/Maps/WHITEBOX_BuiltData.WHITEBOX_BuiltData Referenced by PersistentLevel
[2017.05.19-20.19.02:524][600]LogLinker:Warning: Can't find file for asset '/Game/StarterContent/Maps/WHITEBOX_BuiltData' while loading NULL.
[2017.05.19-20.19.02:554][600]LogAIModule: Creating AISystem for world WHITEBOX
[2017.05.19-20.19.02:573][600]Cmd: MAP LOAD FILE="F:/Projects/Environment Challenge/Enviro_1/Enviro1/Content/StarterContent/Maps/WHITEBOX.umap" TEMPLATE=0 SHOWPROGRESS=1 FEATURELEVEL=3
[2017.05.19-20.19.02:573][600]LightingResults: New page: Lighting Build
[2017.05.19-20.19.02:575][600]LoadErrors: New page: Loading map: WHITEBOX.umap
[2017.05.19-20.19.02:576][600]MapCheck: New page: Map Check
[2017.05.19-20.19.02:576][600]LightingResults: New page: Lighting Build
[2017.05.19-20.19.02:590][600]LogEditorServer: Finished looking for orphan Actors (0.000 secs)
[2017.05.19-20.19.02:693][600]Cmd: MAP CHECKDEP NOCLEARLOG
[2017.05.19-20.19.02:732][600]MapCheck: Info Map check complete: 0 Error(s), 0 Warning(s), took 38.708ms to complete.
[2017.05.19-20.19.02:732][600]LogFileHelpers: Loading map 'WHITEBOX' took 0.160
[2017.05.19-20.19.12:894][790]LogEditorViewport: Clicking on Actor (LMB): CameraActor (CameraActor)
[2017.05.19-20.19.36:159][514]LogEditorViewport: Clicking on Actor (LMB): StaticMeshActor (Floor_400x402)
[2017.05.19-20.19.37:190][621]LogEditorViewport: Clicking on Actor (LMB): StaticMeshActor (Floor_400x406)
[2017.05.19-20.19.37:838][688]LogEditorViewport: Clicking on Actor (LMB): StaticMeshActor (Floor_400x404)
[2017.05.19-20.19.38:272][730]LogEditorViewport: Clicking on Actor (LMB): StaticMeshActor (Floor_400x405)
[2017.05.19-20.19.38:706][772]LogEditorViewport: Clicking on Actor (LMB): StaticMeshActor (Floor_400x407)
[2017.05.19-20.19.51:375][981]LogEditorViewport: Clicking on Actor (LMB): StaticMeshActor (Cube2)
[2017.05.19-20.19.55:446][324]Cmd: TRANSACTION UNDO
[2017.05.19-20.19.55:446][324]LogEditorTransaction: Undo Create Actors
[2017.05.19-20.19.55:459][324]LogSlate: Took 0.000162 seconds to synchronously load lazily loaded font '../../../Engine/Content/Slate/Fonts/Roboto-Light.ttf' (159K)
[2017.05.19-20.20.46:731][ 40]LogEditorViewport: Clicking on Actor (LMB): StaticMeshActor (Cube6)
[2017.05.19-20.20.48:652][260]LogEditorViewport: Clicking on Actor (LMB): StaticMeshActor (Cube2)
[2017.05.19-20.20.51:261][527]LogEditorViewport: Clicking on Actor (LMB): StaticMeshActor (Cube6)
[2017.05.19-20.20.55:034][864]LogEditorViewport: Clicking on Actor (LMB): StaticMeshActor (Cube2)
[2017.05.19-20.21.05:111][806]LogEditorViewport: Clicking on Actor (LMB): StaticMeshActor (Wall_Door_400x300)
[2017.05.19-20.21.12:869][603]LogEditorViewport: Clicking Background
[2017.05.19-20.21.18:192][241]LogEditorViewport: Clicking on Actor (LMB): StaticMeshActor (Cube)
[2017.05.19-20.21.21:764][594]LogEditorViewport: Clicking on Actor (LMB): StaticMeshActor (Cube13)
[2017.05.19-20.21.58:122][203]LogSlate: Took 0.000196 seconds to synchronously load lazily loaded font '../../../Engine/Content/Editor/Slate/Fonts/Roboto-BoldCondensed.ttf' (158K)
[2017.05.19-20.22.12:847][976]LogClient: High resolution screenshot saved as F:/Projects/Environment Challenge/Enviro_1/Enviro1/Saved/Screenshots/Windows/HighresScreenshot00000.png
[2017.05.19-20.28.33:243][698]LogEditorViewport: Clicking on Actor (LMB): StaticMeshActor (Wall_400x304)
[2017.05.19-20.28.46:707][833]LogMaterial: Missing cached shader map for material EngineGrid_MAT, compiling. 
[2017.05.19-20.28.46:708][833]LogTemp:Display: Added material ShaderMap 0x0000020AA3309600 with Material 0x0000020A8F368180 to ShaderMapsBeingCompiled
[2017.05.19-20.28.46:730][833]LogTemp:Display: Kicking off shader compilation for EngineGrid_MAT, GameThreadShaderMap 0x0000020AA3309600
[2017.05.19-20.28.46:817][833]LogMaterial: Missing cached shader map for material EngineGrid_MAT, compiling. 
[2017.05.19-20.28.46:817][833]LogTemp:Display: Added material ShaderMap 0x0000020AA3139D00 with Material 0x0000020A8F368180 to ShaderMapsBeingCompiled
[2017.05.19-20.28.46:828][833]LogTemp:Display: Kicking off shader compilation for EngineGrid_MAT, GameThreadShaderMap 0x0000020AA3139D00
[2017.05.19-20.28.46:829][833]LogMaterial: 0.00 seconds spent updating 1 materials, 1 interfaces, 0 instances, 0 with static permutations.
[2017.05.19-20.28.46:854][833]LogMaterial: Missing cached shader map for material FMatExpressionPreview MaterialExpressionTextureSampleParameter2D_0, compiling. 
[2017.05.19-20.28.46:855][833]LogTemp:Display: Added material ShaderMap 0x0000020ABE721600 with Material 0x0000020ABE773A00 to ShaderMapsBeingCompiled
[2017.05.19-20.28.46:858][833]LogTemp:Display: Kicking off shader compilation for FMatExpressionPreview MaterialExpressionTextureSampleParameter2D_0, GameThreadShaderMap 0x0000020ABE721600
[2017.05.19-20.28.46:859][833]LogMaterial: Missing cached shader map for material FMatExpressionPreview MaterialExpressionTextureSampleParameter2D_2, compiling. 
[2017.05.19-20.28.46:860][833]LogTemp:Display: Added material ShaderMap 0x0000020AA61C3580 with Material 0x0000020ABE771F00 to ShaderMapsBeingCompiled
[2017.05.19-20.28.46:863][833]LogTemp:Display: Kicking off shader compilation for FMatExpressionPreview MaterialExpressionTextureSampleParameter2D_2, GameThreadShaderMap 0x0000020AA61C3580
[2017.05.19-20.28.46:865][833]LogMaterial: Missing cached shader map for material FMatExpressionPreview MaterialExpressionTextureSampleParameter2D_1, compiling. 
[2017.05.19-20.28.46:866][833]LogTemp:Display: Added material ShaderMap 0x0000020AA61C1D00 with Material 0x0000020ABE771C00 to ShaderMapsBeingCompiled
[2017.05.19-20.28.46:869][833]LogTemp:Display: Kicking off shader compilation for FMatExpressionPreview MaterialExpressionTextureSampleParameter2D_1, GameThreadShaderMap 0x0000020AA61C1D00
[2017.05.19-20.28.47:044][834]LogSlate: Took 0.000226 seconds to synchronously load lazily loaded font '../../../Engine/Content/Editor/Slate/Fonts/Roboto-Italic.ttf' (157K)
[2017.05.19-20.28.48:115][873]LogTemp:Display: Finished compile of shader map 0x0000020AA3139D00
[2017.05.19-20.28.48:115][873]LogTemp:Display: Shader map EngineGrid_MAT complete, GameThreadShaderMap 0x0000020AA3139D00, marking material EngineGrid_MAT as finished
[2017.05.19-20.28.48:115][873]LogTemp:Display: Marking material as finished 0x0000020A8F368180
[2017.05.19-20.28.48:160][874]LogTemp:Display: Finished compile of shader map 0x0000020ABE721600
[2017.05.19-20.28.48:160][874]LogTemp:Display: Shader map FMatExpressionPreview MaterialExpressionTextureSampleParameter2D_0 complete, GameThreadShaderMap 0x0000020ABE721600, marking material FMatExpressionPreview MaterialExpressionTextureSampleParameter2D_0 as finished
[2017.05.19-20.28.48:160][874]LogTemp:Display: Marking material as finished 0x0000020ABE773A00
[2017.05.19-20.28.48:295][877]LogTemp:Display: Finished compile of shader map 0x0000020AA61C3580
[2017.05.19-20.28.48:295][877]LogTemp:Display: Shader map FMatExpressionPreview MaterialExpressionTextureSampleParameter2D_2 complete, GameThreadShaderMap 0x0000020AA61C3580, marking material FMatExpressionPreview MaterialExpressionTextureSampleParameter2D_2 as finished
[2017.05.19-20.28.48:295][877]LogTemp:Display: Marking material as finished 0x0000020ABE771F00
[2017.05.19-20.28.48:335][878]LogTemp:Display: Finished compile of shader map 0x0000020AA61C1D00
[2017.05.19-20.28.48:335][878]LogTemp:Display: Shader map FMatExpressionPreview MaterialExpressionTextureSampleParameter2D_1 complete, GameThreadShaderMap 0x0000020AA61C1D00, marking material FMatExpressionPreview MaterialExpressionTextureSampleParameter2D_1 as finished
[2017.05.19-20.28.48:335][878]LogTemp:Display: Marking material as finished 0x0000020ABE771C00
[2017.05.19-20.29.27:213][704]LogMaterial: Missing cached shader map for material EngineGrid_INST_Mat, compiling. 
[2017.05.19-20.29.27:214][704]LogTemp:Display: Added material ShaderMap 0x0000020ABE969D00 with Material 0x0000020A8E915180 to ShaderMapsBeingCompiled
[2017.05.19-20.29.27:230][704]LogTemp:Display: Kicking off shader compilation for EngineGrid_INST_Mat, GameThreadShaderMap 0x0000020ABE969D00
[2017.05.19-20.29.28:908][748]LogTemp:Display: Finished compile of shader map 0x0000020ABE969D00
[2017.05.19-20.29.28:908][748]LogTemp:Display: Shader map EngineGrid_INST_Mat complete, GameThreadShaderMap 0x0000020ABE969D00, marking material EngineGrid_INST_Mat as finished
[2017.05.19-20.29.28:908][748]LogTemp:Display: Marking material as finished 0x0000020A8E915180
[2017.05.19-20.30.30:956][936]LogEditorViewport: Clicking Background
[2017.05.19-20.30.35:465][379]LogEditorViewport: Clicking Background
[2017.05.19-20.31.50:441][626]Cmd: QUIT_EDITOR
[2017.05.19-20.31.50:677][626]LogWindowsTextInputMethodSystem:Display: IME system now deactivated.
[2017.05.19-20.31.50:677][626]LogWindowsTextInputMethodSystem:Display: IME system now deactivated.
[2017.05.19-20.31.50:703][626]LogExit: Preparing to exit.
[2017.05.19-20.31.51:499][626]LogExit: Editor shut down
[2017.05.19-20.31.51:499][626]LogExit: Transaction tracking system shut down
[2017.05.19-20.31.51:506][626]LogTemp:Display: Removed shader map 0x0000020AA3309600 from material 0x0000020A8F368180
[2017.05.19-20.31.51:556][626]LogObj: Freed 0b from 0 cluster array pools.
[2017.05.19-20.31.51:556][626]LogExit: Object subsystem successfully closed.
[2017.05.19-20.31.51:564][626]LogD3D11RHI: Shutdown
[2017.05.19-20.31.51:564][626]LogD3D11RHI: CleanupD3DDevice
[2017.05.19-20.31.51:565][626]LogD3D11RHI: ~FD3D11DynamicRHI
[2017.05.19-20.31.51:580][626]LogModuleManager: Shutting down and abandoning module MaterialEditor (506)
[2017.05.19-20.31.51:580][626]LogModuleManager: Shutting down and abandoning module HierarchicalLODUtilities (504)
[2017.05.19-20.31.51:580][626]LogModuleManager: Shutting down and abandoning module HierarchicalLODOutliner (502)
[2017.05.19-20.31.51:580][626]LogModuleManager: Shutting down and abandoning module CrashTracker (500)
[2017.05.19-20.31.51:580][626]LogModuleManager: Shutting down and abandoning module SceneOutliner (498)
[2017.05.19-20.31.51:580][626]LogModuleManager: Shutting down and abandoning module AddContentDialog (496)
[2017.05.19-20.31.51:580][626]LogDirectoryWatcher: A directory notification for 'C:/Program Files/Epic Games/UE_4.15/FeaturePacks/' was aborted.
[2017.05.19-20.31.51:580][626]LogModuleManager: Shutting down and abandoning module WidgetCarousel (495)
[2017.05.19-20.31.51:580][626]LogModuleManager: Shutting down and abandoning module EditorWidgets (492)
[2017.05.19-20.31.51:580][626]LogModuleManager: Shutting down and abandoning module CollectionManager (490)
[2017.05.19-20.31.51:581][626]LogDirectoryWatcher: A directory notification for 'F:/Projects/Environment Challenge/Enviro_1/Enviro1/Content/Collections/' was aborted.
[2017.05.19-20.31.51:581][626]LogDirectoryWatcher: A directory notification for 'F:/Projects/Environment Challenge/Enviro_1/Enviro1/Content/Developers/azure/Collections/' was aborted.
[2017.05.19-20.31.51:581][626]LogDirectoryWatcher: A directory notification for 'F:/Projects/Environment Challenge/Enviro_1/Enviro1/Saved/Collections/' was aborted.
[2017.05.19-20.31.51:581][626]LogModuleManager: Shutting down and abandoning module StatsViewer (488)
[2017.05.19-20.31.51:581][626]LogModuleManager: Shutting down and abandoning module FoliageEdit (486)
[2017.05.19-20.31.51:581][626]LogModuleManager: Shutting down and abandoning module LandscapeEditor (484)
[2017.05.19-20.31.51:581][626]LogModuleManager: Shutting down and abandoning module SceneDepthPickerMode (482)
[2017.05.19-20.31.51:581][626]LogModuleManager: Shutting down and abandoning module ActorPickerMode (480)
[2017.05.19-20.31.51:581][626]LogModuleManager: Shutting down and abandoning module GeometryMode (478)
[2017.05.19-20.31.51:581][626]LogModuleManager: Shutting down and abandoning module TextureAlignMode (476)
[2017.05.19-20.31.51:581][626]LogModuleManager: Shutting down and abandoning module BspMode (474)
[2017.05.19-20.31.51:581][626]LogModuleManager: Shutting down and abandoning module HardwareSurvey (472)
[2017.05.19-20.31.51:581][626]LogModuleManager: Shutting down and abandoning module SequenceRecorderSections (470)
[2017.05.19-20.31.51:581][626]LogModuleManager: Shutting down and abandoning module AutomationWorker (468)
[2017.05.19-20.31.51:581][626]LogModuleManager: Shutting down and abandoning module MatineeToLevelSequence (466)
[2017.05.19-20.31.51:581][626]LogModuleManager: Shutting down and abandoning module LevelSequenceEditor (464)
[2017.05.19-20.31.51:581][626]LogModuleManager: Shutting down and abandoning module PlacementMode (463)
[2017.05.19-20.31.51:581][626]LogModuleManager: Shutting down and abandoning module WmfMediaFactory (460)
[2017.05.19-20.31.51:581][626]LogModuleManager: Shutting down and abandoning module WmfMediaEditor (458)
[2017.05.19-20.31.51:581][626]LogModuleManager: Shutting down and abandoning module MfMediaFactory (456)
[2017.05.19-20.31.51:581][626]LogModuleManager: Shutting down and abandoning module MfMediaEditor (454)
[2017.05.19-20.31.51:581][626]LogModuleManager: Shutting down and abandoning module AvfMediaFactory (452)
[2017.05.19-20.31.51:581][626]LogModuleManager: Shutting down and abandoning module AvfMediaEditor (450)
[2017.05.19-20.31.51:581][626]LogModuleManager: Shutting down and abandoning module AndroidMediaFactory (448)
[2017.05.19-20.31.51:581][626]LogModuleManager: Shutting down and abandoning module Media (447)
[2017.05.19-20.31.51:581][626]LogModuleManager: Shutting down and abandoning module AndroidMediaEditor (444)
[2017.05.19-20.31.51:581][626]LogModuleManager: Shutting down and abandoning module CharacterAI (442)
[2017.05.19-20.31.51:581][626]LogModuleManager: Shutting down and abandoning module AudioCapture (440)
[2017.05.19-20.31.51:581][626]LogModuleManager: Shutting down and abandoning module SequenceRecorder (439)
[2017.05.19-20.31.51:581][626]LogModuleManager: Shutting down and abandoning module SmartSnapping (436)
[2017.05.19-20.31.51:581][626]LogModuleManager: Shutting down and abandoning module SessionServices (434)
[2017.05.19-20.31.51:581][626]LogModuleManager: Shutting down and abandoning module ViewportSnapping (432)
[2017.05.19-20.31.51:581][626]LogModuleManager: Shutting down and abandoning module ViewportInteraction (430)
[2017.05.19-20.31.51:581][626]LogModuleManager: Shutting down and abandoning module LogVisualizer (428)
[2017.05.19-20.31.51:581][626]LogModuleManager: Shutting down and abandoning module IntroTutorials (426)
[2017.05.19-20.31.51:581][626]LogModuleManager: Shutting down and abandoning module GameProjectGeneration (425)
[2017.05.19-20.31.51:581][626]LogModuleManager: Shutting down and abandoning module EditorLiveStreaming (422)
[2017.05.19-20.31.51:581][626]LogModuleManager: Shutting down and abandoning module IOSPlatformEditor (420)
[2017.05.19-20.31.51:581][626]LogModuleManager: Shutting down and abandoning module HTML5PlatformEditor (418)
[2017.05.19-20.31.51:581][626]LogModuleManager: Shutting down and abandoning module AndroidPlatformEditor (416)
[2017.05.19-20.31.51:581][626]LogModuleManager: Shutting down and abandoning module AndroidDeviceDetection (415)
[2017.05.19-20.31.52:071][626]LogModuleManager: Shutting down and abandoning module IOSRuntimeSettings (412)
[2017.05.19-20.31.52:071][626]LogModuleManager: Shutting down and abandoning module AndroidRuntimeSettings (410)
[2017.05.19-20.31.52:071][626]LogModuleManager: Shutting down and abandoning module InputBindingEditor (408)
[2017.05.19-20.31.52:071][626]LogModuleManager: Shutting down and abandoning module NiagaraEditor (406)
[2017.05.19-20.31.52:071][626]LogModuleManager: Shutting down and abandoning module MergeActors (404)
[2017.05.19-20.31.52:071][626]LogModuleManager: Shutting down and abandoning module SizeMap (402)
[2017.05.19-20.31.52:071][626]LogModuleManager: Shutting down and abandoning module TreeMap (400)
[2017.05.19-20.31.52:071][626]LogModuleManager: Shutting down and abandoning module ReferenceViewer (398)
[2017.05.19-20.31.52:071][626]LogModuleManager: Shutting down and abandoning module LocalizationDashboard (396)
[2017.05.19-20.31.52:071][626]LogModuleManager: Shutting down and abandoning module LocalizationService (395)
[2017.05.19-20.31.52:071][626]LogModuleManager: Shutting down and abandoning module HardwareTargeting (392)
[2017.05.19-20.31.52:071][626]LogModuleManager: Shutting down and abandoning module DeviceProfileEditor (390)
[2017.05.19-20.31.52:071][626]LogModuleManager: Shutting down and abandoning module UndoHistory (388)
[2017.05.19-20.31.52:071][626]LogModuleManager: Shutting down and abandoning module UserFeedback (386)
[2017.05.19-20.31.52:071][626]LogModuleManager: Shutting down and abandoning module XmlParser (384)
[2017.05.19-20.31.52:071][626]LogModuleManager: Shutting down and abandoning module Blutility (382)
[2017.05.19-20.31.52:071][626]LogModuleManager: Shutting down and abandoning module ProjectSettingsViewer (380)
[2017.05.19-20.31.52:071][626]LogModuleManager: Shutting down and abandoning module ProjectTargetPlatformEditor (379)
[2017.05.19-20.31.52:072][626]LogModuleManager: Shutting down and abandoning module EditorSettingsViewer (376)
[2017.05.19-20.31.52:072][626]LogModuleManager: Shutting down and abandoning module SettingsEditor (374)
[2017.05.19-20.31.52:072][626]LogModuleManager: Shutting down and abandoning module ProjectLauncher (372)
[2017.05.19-20.31.52:072][626]LogModuleManager: Shutting down and abandoning module SessionFrontend (370)
[2017.05.19-20.31.52:072][626]LogModuleManager: Shutting down and abandoning module ProfilerClient (368)
[2017.05.19-20.31.52:072][626]LogModuleManager: Shutting down and abandoning module DeviceManager (366)
[2017.05.19-20.31.52:072][626]LogModuleManager: Shutting down and abandoning module TargetDeviceServices (365)
[2017.05.19-20.31.52:114][626]LogModuleManager: Shutting down and abandoning module AutomationController (362)
[2017.05.19-20.31.52:114][626]LogModuleManager: Shutting down and abandoning module AutomationWindow (360)
[2017.05.19-20.31.52:114][626]LogModuleManager: Shutting down and abandoning module Layers (358)
[2017.05.19-20.31.52:114][626]LogModuleManager: Shutting down and abandoning module ComponentVisualizers (356)
[2017.05.19-20.31.52:114][626]LogModuleManager: Shutting down and abandoning module DetailCustomizations (354)
[2017.05.19-20.31.52:114][626]LogModuleManager: Shutting down and abandoning module PackagesDialog (352)
[2017.05.19-20.31.52:114][626]LogModuleManager: Shutting down and abandoning module Persona (350)
[2017.05.19-20.31.52:114][626]LogModuleManager: Shutting down and abandoning module AnimGraph (349)
[2017.05.19-20.31.52:114][626]LogModuleManager: Shutting down and abandoning module Kismet (346)
[2017.05.19-20.31.52:114][626]LogModuleManager: Shutting down and abandoning module GraphEditor (344)
[2017.05.19-20.31.52:115][626]LogModuleManager: Shutting down and abandoning module ClassViewer (342)
[2017.05.19-20.31.52:115][626]LogModuleManager: Shutting down and abandoning module Toolbox (340)
[2017.05.19-20.31.52:115][626]LogModuleManager: Shutting down and abandoning module ModuleUI (338)
[2017.05.19-20.31.52:115][626]LogModuleManager: Shutting down and abandoning module MovieSceneTools (336)
[2017.05.19-20.31.52:115][626]LogModuleManager: Shutting down and abandoning module OutputLog (334)
[2017.05.19-20.31.52:115][626]LogModuleManager: Shutting down and abandoning module GammaUI (332)
[2017.05.19-20.31.52:115][626]LogModuleManager: Shutting down and abandoning module Documentation (330)
[2017.05.19-20.31.52:115][626]LogModuleManager: Shutting down and abandoning module Niagara (328)
[2017.05.19-20.31.52:115][626]LogModuleManager: Shutting down and abandoning module StreamingPauseRendering (326)
[2017.05.19-20.31.52:115][626]LogModuleManager: Shutting down and abandoning module AnalyticsET (324)
[2017.05.19-20.31.52:115][626]LogModuleManager: Shutting down and abandoning module PortalServices (322)
[2017.05.19-20.31.52:115][626]LogModuleManager: Shutting down and abandoning module PortalRpc (320)
[2017.05.19-20.31.52:115][626]LogModuleManager: Shutting down and abandoning module MessagingRpc (318)
[2017.05.19-20.31.52:115][626]LogModuleManager: Shutting down and abandoning module AIModule (316)
[2017.05.19-20.31.52:115][626]LogModuleManager: Shutting down and abandoning module GameplayDebugger (315)
[2017.05.19-20.31.52:115][626]LogModuleManager: Shutting down and abandoning module AITestSuite (313)
[2017.05.19-20.31.52:115][626]LogModuleManager: Shutting down and abandoning module ProfilerService (310)
[2017.05.19-20.31.52:148][626]LogModuleManager: Shutting down and abandoning module TaskGraph (308)
[2017.05.19-20.31.52:148][626]LogModuleManager: Shutting down and abandoning module SubstanceEditor (306)
[2017.05.19-20.31.52:148][626]LogModuleManager: Shutting down and abandoning module SteamVRController (304)
[2017.05.19-20.31.52:148][626]LogModuleManager: Shutting down and abandoning module SteamVR (302)
[2017.05.19-20.31.52:148][626]LogModuleManager: Shutting down and abandoning module ProceduralMeshComponentEditor (300)
[2017.05.19-20.31.52:148][626]LogModuleManager: Shutting down and abandoning module ProceduralMeshComponent (298)
[2017.05.19-20.31.52:148][626]LogModuleManager: Shutting down and abandoning module OculusLibrary (296)
[2017.05.19-20.31.52:148][626]LogModuleManager: Shutting down and abandoning module OculusInput (294)
[2017.05.19-20.31.52:148][626]LogModuleManager: Shutting down and abandoning module MobilePatchingUtils (292)
[2017.05.19-20.31.52:148][626]LogModuleManager: Shutting down and abandoning module CustomMeshComponent (290)
[2017.05.19-20.31.52:148][626]LogModuleManager: Shutting down and abandoning module CableComponent (288)
[2017.05.19-20.31.52:148][626]LogModuleManager: Shutting down and abandoning module ArchVisCharacter (286)
[2017.05.19-20.31.52:148][626]LogModuleManager: Shutting down and abandoning module MediaPlayerEditor (282)
[2017.05.19-20.31.52:148][626]LogModuleManager: Shutting down and abandoning module HTML5Networking (280)
[2017.05.19-20.31.52:148][626]LogModuleManager: Shutting down and abandoning module AlembicImporter (278)
[2017.05.19-20.31.52:148][626]LogModuleManager: Shutting down and abandoning module AlembicLibrary (277)
[2017.05.19-20.31.52:148][626]LogModuleManager: Shutting down and abandoning module GeometryCache (276)
[2017.05.19-20.31.52:148][626]LogModuleManager: Shutting down and abandoning module GeometryCacheEd (275)
[2017.05.19-20.31.52:148][626]LogModuleManager: Shutting down and abandoning module SuperSearchEditor (270)
[2017.05.19-20.31.52:148][626]LogModuleManager: Shutting down and abandoning module SuperSearch (269)
[2017.05.19-20.31.52:148][626]LogModuleManager: Shutting down and abandoning module SpeedTreeImporter (266)
[2017.05.19-20.31.52:148][626]LogModuleManager: Shutting down and abandoning module PluginBrowser (264)
[2017.05.19-20.31.52:148][626]LogModuleManager: Shutting down and abandoning module MobileLauncherProfileWizard (262)
[2017.05.19-20.31.52:148][626]LogModuleManager: Shutting down and abandoning module EpicSurvey (260)
[2017.05.19-20.31.52:148][626]LogModuleManager: Shutting down and abandoning module VisualStudioSourceCodeAccess (258)
[2017.05.19-20.31.52:148][626]LogModuleManager: Shutting down and abandoning module DesktopPlatform (257)
[2017.05.19-20.31.52:148][626]LogModuleManager: Shutting down and abandoning module UObjectPlugin (254)
[2017.05.19-20.31.52:148][626]LogModuleManager: Shutting down and abandoning module SubversionSourceControl (252)
[2017.05.19-20.31.52:148][626]LogModuleManager: Shutting down and abandoning module PerforceSourceControl (250)
[2017.05.19-20.31.52:148][626]LogModuleManager: Shutting down and abandoning module GitSourceControl (248)
[2017.05.19-20.31.52:148][626]LogModuleManager: Shutting down and abandoning module SourceControl (247)
[2017.05.19-20.31.52:148][626]LogModuleManager: Shutting down and abandoning module LightPropagationVolumeEditor (244)
[2017.05.19-20.31.52:148][626]LogModuleManager: Shutting down and abandoning module PaperTiledImporter (242)
[2017.05.19-20.31.52:148][626]LogModuleManager: Shutting down and abandoning module PaperSpriteSheetImporter (240)
[2017.05.19-20.31.52:148][626]LogModuleManager: Shutting down and abandoning module Paper2DEditor (238)
[2017.05.19-20.31.52:148][626]LogModuleManager: Shutting down and abandoning module MeshPaint (237)
[2017.05.19-20.31.52:148][626]LogModuleManager: Shutting down and abandoning module LevelEditor (235)
[2017.05.19-20.31.52:148][626]LogModuleManager: Shutting down and abandoning module PixelInspectorModule (234)
[2017.05.19-20.31.52:148][626]LogModuleManager: Shutting down and abandoning module MainFrame (232)
[2017.05.19-20.31.52:148][626]LogModuleManager: Shutting down and abandoning module HotReload (231)
[2017.05.19-20.31.52:149][626]LogModuleManager: Shutting down and abandoning module ContentBrowser (227)
[2017.05.19-20.31.52:150][626]LogModuleManager: Shutting down and abandoning module PhysXVehiclesEditor (224)
[2017.05.19-20.31.52:150][626]LogModuleManager: Shutting down and abandoning module PhysXVehicles (222)
[2017.05.19-20.31.52:150][626]LogModuleManager: Shutting down and abandoning module LocationServicesBPLibrary (220)
[2017.05.19-20.31.52:150][626]LogModuleManager: Shutting down and abandoning module UdpMessaging (218)
[2017.05.19-20.31.52:250][626]LogModuleManager: Shutting down and abandoning module TcpMessaging (216)
[2017.05.19-20.31.52:352][626]LogModuleManager: Shutting down and abandoning module SubstanceCore (214)
[2017.05.19-20.31.52:352][626]LogModuleManager: Shutting down and abandoning module GameplayTagsEditor (212)
[2017.05.19-20.31.52:352][626]LogModuleManager: Shutting down and abandoning module FacialAnimationEditor (210)
[2017.05.19-20.31.52:352][626]LogModuleManager: Shutting down and abandoning module FacialAnimation (208)
[2017.05.19-20.31.52:352][626]LogModuleManager: Shutting down and abandoning module LightPropagationVolumeRuntime (206)
[2017.05.19-20.31.52:352][626]LogModuleManager: Shutting down and abandoning module Paper2D (204)
[2017.05.19-20.31.52:352][626]LogModuleManager: Shutting down and abandoning module WindowsMoviePlayer (202)
[2017.05.19-20.31.52:352][626]LogModuleManager: Shutting down and abandoning module WmfMedia (200)
[2017.05.19-20.31.52:352][626]LogModuleManager: Shutting down and abandoning module MfMedia (198)
[2017.05.19-20.31.52:352][626]LogModuleManager: Shutting down and abandoning module MediaAssets (196)
[2017.05.19-20.31.52:352][626]LogModuleManager: Shutting down and abandoning module GameLiveStreaming (194)
[2017.05.19-20.31.52:352][626]LogModuleManager: Shutting down and abandoning module VREditor (192)
[2017.05.19-20.31.52:352][626]LogModuleManager: Shutting down and abandoning module GameplayTasksEditor (190)
[2017.05.19-20.31.52:352][626]LogModuleManager: Shutting down and abandoning module BehaviorTreeEditor (188)
[2017.05.19-20.31.52:352][626]LogModuleManager: Shutting down and abandoning module FunctionalTesting (186)
[2017.05.19-20.31.52:352][626]LogModuleManager: Shutting down and abandoning module CollisionAnalyzer (184)
[2017.05.19-20.31.52:352][626]LogModuleManager: Shutting down and abandoning module UMG (182)
[2017.05.19-20.31.52:352][626]LogModuleManager: Shutting down and abandoning module UMGEditor (181)
[2017.05.19-20.31.52:352][626]LogModuleManager: Shutting down and abandoning module Sequencer (180)
[2017.05.19-20.31.52:352][626]LogModuleManager: Shutting down and abandoning module AssetTools (178)
[2017.05.19-20.31.52:352][626]LogModuleManager: Shutting down and abandoning module MessageLog (177)
[2017.05.19-20.31.52:352][626]LogModuleManager: Shutting down and abandoning module WorkspaceMenuStructure (176)
[2017.05.19-20.31.52:352][626]LogModuleManager: Shutting down and abandoning module SlateReflector (170)
[2017.05.19-20.31.52:353][626]LogModuleManager: Shutting down and abandoning module Slate (168)
[2017.05.19-20.31.52:353][626]LogModuleManager: Shutting down and abandoning module EditorStyle (166)
[2017.05.19-20.31.52:355][626]LogModuleManager: Shutting down and abandoning module SourceCodeAccess (164)
[2017.05.19-20.31.52:355][626]LogModuleManager: Shutting down and abandoning module HeadMountedDisplay (162)
[2017.05.19-20.31.52:355][626]LogModuleManager: Shutting down and abandoning module XAudio2 (160)
[2017.05.19-20.31.52:355][626]LogModuleManager: Shutting down and abandoning module Networking (158)
[2017.05.19-20.31.52:355][626]LogModuleManager: Shutting down and abandoning module Core (154)
[2017.05.19-20.31.52:355][626]LogModuleManager: Shutting down and abandoning module AssetRegistry (152)
[2017.05.19-20.31.52:498][626]LogDirectoryWatcher: A directory notification for '../../../Engine/Content/' was aborted.
[2017.05.19-20.31.52:499][626]LogDirectoryWatcher: A directory notification for 'F:/Projects/Environment Challenge/Enviro_1/Enviro1/Content/' was aborted.
[2017.05.19-20.31.52:499][626]LogDirectoryWatcher: A directory notification for '../../../Engine/Plugins/2D/Paper2D/Content/' was aborted.
[2017.05.19-20.31.52:499][626]LogModuleManager: Shutting down and abandoning module DirectoryWatcher (151)
[2017.05.19-20.31.52:499][626]LogModuleManager: Shutting down and abandoning module KismetCompiler (148)
[2017.05.19-20.31.52:499][626]LogModuleManager: Shutting down and abandoning module PhysXFormats (146)
[2017.05.19-20.31.52:499][626]LogModuleManager: Shutting down and abandoning module MeshUtilities (144)
[2017.05.19-20.31.52:499][626]LogModuleManager: Shutting down and abandoning module SimplygonSwarm (143)
[2017.05.19-20.31.52:499][626]LogModuleManager: Shutting down and abandoning module SimplygonMeshReduction (141)
[2017.05.19-20.31.52:499][626]LogModuleManager: Shutting down and abandoning module QuadricMeshReduction (139)
[2017.05.19-20.31.52:499][626]LogModuleManager: Shutting down and abandoning module PropertyEditor (137)
[2017.05.19-20.31.52:499][626]LogModuleManager: Shutting down and abandoning module DerivedDataCache (134)
[2017.05.19-20.31.52:595][626]LogDerivedDataCache: Shutdown
[2017.05.19-20.31.52:595][626]LogModuleManager: Shutting down and abandoning module TargetPlatform (132)
[2017.05.19-20.31.52:595][626]LogModuleManager: Shutting down and abandoning module VulkanShaderFormat (131)
[2017.05.19-20.31.52:595][626]LogModuleManager: Shutting down and abandoning module ShaderFormatOpenGL (129)
[2017.05.19-20.31.52:595][626]LogModuleManager: Shutting down and abandoning module ShaderFormatD3D (127)
[2017.05.19-20.31.52:595][626]LogModuleManager: Shutting down and abandoning module MetalShaderFormat (125)
[2017.05.19-20.31.52:595][626]LogModuleManager: Shutting down and abandoning module TextureFormatUncompressed (123)
[2017.05.19-20.31.52:595][626]LogModuleManager: Shutting down and abandoning module TextureFormatPVR (121)
[2017.05.19-20.31.52:595][626]LogModuleManager: Shutting down and abandoning module TextureFormatDXT (119)
[2017.05.19-20.31.52:595][626]LogModuleManager: Shutting down and abandoning module TextureFormatIntelISPCTexComp (117)
[2017.05.19-20.31.52:595][626]LogModuleManager: Shutting down and abandoning module TextureFormatASTC (115)
[2017.05.19-20.31.52:595][626]LogModuleManager: Shutting down and abandoning module ImageWrapper (114)
[2017.05.19-20.31.52:595][626]LogModuleManager: Shutting down and abandoning module TextureFormatAndroid (111)
[2017.05.19-20.31.52:595][626]LogModuleManager: Shutting down and abandoning module AudioFormatOpus (109)
[2017.05.19-20.31.52:595][626]LogModuleManager: Shutting down and abandoning module AudioFormatOgg (107)
[2017.05.19-20.31.52:595][626]LogModuleManager: Shutting down and abandoning module AudioFormatADPCM (105)
[2017.05.19-20.31.52:595][626]LogModuleManager: Shutting down and abandoning module LinuxTargetPlatform (103)
[2017.05.19-20.31.52:595][626]LogModuleManager: Shutting down and abandoning module LinuxServerTargetPlatform (101)
[2017.05.19-20.31.52:595][626]LogModuleManager: Shutting down and abandoning module LinuxNoEditorTargetPlatform (99)
[2017.05.19-20.31.52:595][626]LogModuleManager: Shutting down and abandoning module LinuxClientTargetPlatform (97)
[2017.05.19-20.31.52:596][626]LogModuleManager: Shutting down and abandoning module TVOSTargetPlatform (95)
[2017.05.19-20.31.52:596][626]LogModuleManager: Shutting down and abandoning module Messaging (93)
[2017.05.19-20.31.52:596][626]LogModuleManager: Shutting down and abandoning module IOSTargetPlatform (91)
[2017.05.19-20.31.52:596][626]LogModuleManager: Shutting down and abandoning module HTML5TargetPlatform (89)
[2017.05.19-20.31.52:596][626]LogModuleManager: Shutting down and abandoning module Android_PVRTCTargetPlatform (87)
[2017.05.19-20.31.52:596][626]LogModuleManager: Shutting down and abandoning module Android_MultiTargetPlatform (85)
[2017.05.19-20.31.52:596][626]LogModuleManager: Shutting down and abandoning module Android_ETC2TargetPlatform (83)
[2017.05.19-20.31.52:596][626]LogModuleManager: Shutting down and abandoning module Android_ETC1TargetPlatform (81)
[2017.05.19-20.31.52:596][626]LogModuleManager: Shutting down and abandoning module Android_DXTTargetPlatform (79)
[2017.05.19-20.31.52:596][626]LogModuleManager: Shutting down and abandoning module Android_ATCTargetPlatform (77)
[2017.05.19-20.31.52:596][626]LogModuleManager: Shutting down and abandoning module Android_ASTCTargetPlatform (75)
[2017.05.19-20.31.52:596][626]LogModuleManager: Shutting down and abandoning module AndroidTargetPlatform (73)
[2017.05.19-20.31.52:596][626]LogModuleManager: Shutting down and abandoning module WindowsTargetPlatform (71)
[2017.05.19-20.31.52:596][626]LogModuleManager: Shutting down and abandoning module WindowsServerTargetPlatform (69)
[2017.05.19-20.31.52:596][626]LogModuleManager: Shutting down and abandoning module WindowsNoEditorTargetPlatform (67)
[2017.05.19-20.31.52:596][626]LogModuleManager: Shutting down and abandoning module WindowsClientTargetPlatform (65)
[2017.05.19-20.31.52:596][626]LogModuleManager: Shutting down and abandoning module MacTargetPlatform (63)
[2017.05.19-20.31.52:596][626]LogModuleManager: Shutting down and abandoning module MacServerTargetPlatform (61)
[2017.05.19-20.31.52:596][626]LogModuleManager: Shutting down and abandoning module MacNoEditorTargetPlatform (59)
[2017.05.19-20.31.52:596][626]LogModuleManager: Shutting down and abandoning module MacClientTargetPlatform (57)
[2017.05.19-20.31.52:596][626]LogModuleManager: Shutting down and abandoning module AllDesktopTargetPlatform (55)
[2017.05.19-20.31.52:596][626]LogModuleManager: Shutting down and abandoning module InputCore (52)
[2017.05.19-20.31.52:596][626]LogModuleManager: Shutting down and abandoning module Settings (50)
[2017.05.19-20.31.52:596][626]LogModuleManager: Shutting down and abandoning module OculusRift (48)
[2017.05.19-20.31.52:596][626]LogModuleManager: Shutting down and abandoning module GearVR (46)
[2017.05.19-20.31.52:596][626]LogModuleManager: Shutting down and abandoning module ExampleDeviceProfileSelector (44)
[2017.05.19-20.31.52:596][626]LogModuleManager: Shutting down and abandoning module OnlineBlueprintSupport (42)
[2017.05.19-20.31.52:596][626]LogModuleManager: Shutting down and abandoning module OnlineSubsystem (38)
[2017.05.19-20.31.52:596][626]LogOnline:Display: Unloading online subsystem: NULL
[2017.05.19-20.31.52:596][626]LogModuleManager: Shutting down and abandoning module XMPP (37)
[2017.05.19-20.31.52:596][626]LogModuleManager: Shutting down and abandoning module HTTP (35)
[2017.05.19-20.31.52:596][626]LogHttp:Display: Http module shutting down, but needs to wait on 1 outstanding Http requests:
[2017.05.19-20.31.52:596][626]LogHttp:Display: 	verb=[POST] url=[https://datarouter.ol.epicgames.com/datarouter/api/v1/public/data?SessionID=%7BDD4C80BA-4C35-3B94-9353-8AAA961EDA68%7D&AppID=UEEditor.Rocket.Release&AppVersion=4.15.2-3416026%2B%2B%2BUE4%2BRelease-4.15&UserID=f87b7eb244207085343e53a8f93190ff%7C4e59904afcc6489195f8095de720415d%7C9fa60dca-0af5-4e86-a8a7-0177cf4232e6&AppEnvironment=datacollector-binary&UploadType=eteventstream] status=Processing
[2017.05.19-20.31.52:609][626]LogModuleManager: Shutting down and abandoning module SSL (34)
[2017.05.19-20.31.52:611][626]LogModuleManager: Shutting down and abandoning module AudioEditor (30)
[2017.05.19-20.31.52:611][626]LogModuleManager: Shutting down and abandoning module TextureCompressor (28)
[2017.05.19-20.31.52:611][626]LogModuleManager: Shutting down and abandoning module ShaderCore (26)
[2017.05.19-20.31.52:611][626]LogModuleManager: Shutting down and abandoning module Landscape (24)
[2017.05.19-20.31.52:611][626]LogModuleManager: Shutting down and abandoning module SlateRHIRenderer (22)
[2017.05.19-20.31.52:613][626]LogModuleManager: Shutting down and abandoning module OpenGLDrv (20)
[2017.05.19-20.31.52:613][626]LogModuleManager: Shutting down and abandoning module D3D11RHI (18)
[2017.05.19-20.31.52:613][626]LogModuleManager: Shutting down and abandoning module AnimGraphRuntime (16)
[2017.05.19-20.31.52:613][626]LogModuleManager: Shutting down and abandoning module Renderer (14)
[2017.05.19-20.31.52:613][626]LogModuleManager: Shutting down and abandoning module Engine (12)
[2017.05.19-20.31.52:613][626]LogModuleManager: Shutting down and abandoning module CoreUObject (10)
[2017.05.19-20.31.52:613][626]LogModuleManager: Shutting down and abandoning module NetworkFile (8)
[2017.05.19-20.31.52:613][626]LogModuleManager: Shutting down and abandoning module StreamingFile (6)
[2017.05.19-20.31.52:613][626]LogModuleManager: Shutting down and abandoning module SandboxFile (4)
[2017.05.19-20.31.52:613][626]LogModuleManager: Shutting down and abandoning module PakFile (2)
[2017.05.19-20.31.52:616][626]LogExit: Exiting.
[2017.05.19-20.31.52:629][626]Log file closed, 05/19/17 14:31:52
