Log file open, 05/21/17 18:10:10
LogInit:Display: Running engine for game: Enviro1
LogPlatformFile: Not using cached read wrapper
LogInit:Display: RandInit(-1068055843) SRandInit(-1068055843).
LogTaskGraph: Started task graph with 5 named threads and 8 total threads with 1 sets of task threads.
LogStats: Stats thread started at 0.064598
LogInit: Using libcurl 7.47.1
LogInit:  - built for x86_64-pc-win32
LogInit:  - supports SSL with OpenSSL/1.0.2g
LogInit:  - supports HTTP deflate (compression) using libz 1.2.8
LogInit:  - other features:
LogInit:      CURL_VERSION_SSL
LogInit:      CURL_VERSION_LIBZ
LogInit:      CURL_VERSION_IPV6
LogInit:      CURL_VERSION_ASYNCHDNS
LogInit:      CURL_VERSION_LARGEFILE
LogInit:      CURL_VERSION_IDN
LogInit:  CurlRequestOptions (configurable via config and command line):
LogInit:  - bVerifyPeer = false  - Libcurl will NOT verify peer certificate
LogInit:  - bUseHttpProxy = false  - Libcurl will NOT use HTTP proxy
LogInit:  - bDontReuseConnections = false  - Libcurl will reuse connections
LogInit:  - CertBundlePath = nullptr  - Libcurl will use whatever was configured at build time.
LogInit: Build: ++UE4+Release-4.15-CL-3416026
LogInit: Engine Version: 4.15.2-3416026+++UE4+Release-4.15
LogInit: Compatible Engine Version: 4.15.0-3299760+++UE4+Release-4.15
LogInit: Net CL: 3299760
LogDevObjectVersion: Number of dev versions registered: 14
LogDevObjectVersion:   Dev-Blueprints (B0D832E4-1F89-4F0D-ACCF-7EB736FD4AA2): 8
LogDevObjectVersion:   Dev-Build (E1C64328-A22C-4D53-A36C-8E866417BD8C): 0
LogDevObjectVersion:   Dev-Core (375EC13C-06E4-48FB-B500-84F0262A717E): 2
LogDevObjectVersion:   Dev-Editor (E4B068ED-F494-42E9-A231-DA0B2E46BB41): 14
LogDevObjectVersion:   Dev-Framework (CFFC743F-43B0-4480-9391-14DF171D2073): 22
LogDevObjectVersion:   Dev-Mobile (B02B49B5-BB20-44E9-A304-32B752E40360): 0
LogDevObjectVersion:   Dev-Networking (A4E4105C-59A1-49B5-A7C5-40C4547EDFEE): 0
LogDevObjectVersion:   Dev-Online (39C831C9-5AE6-47DC-9A44-9C173E1C8E7C): 0
LogDevObjectVersion:   Dev-Physics (78F01B33-EBEA-4F98-B9B4-84EACCB95AA2): 0
LogDevObjectVersion:   Dev-Platform (6631380F-2D4D-43E0-8009-CF276956A95A): 0
LogDevObjectVersion:   Dev-Rendering (12F88B9F-8875-4AFC-A67C-D90C383ABD29): 12
LogDevObjectVersion:   Dev-Sequencer (7B5AE74C-D270-4C10-A958-57980B212A5A): 3
LogDevObjectVersion:   Dev-VR (D7296918-1DD6-4BDD-9DE2-64A83CC13884): 0
LogDevObjectVersion:   Dev-LoadTimes (C2A15278-BFE7-4AFE-6C17-90FF531DF755): 1
LogInit: Compiled (64-bit): May  1 2017 13:11:28
LogInit: Compiled with Visual C++: 19.00.23026.00
LogInit: Build Configuration: Development
LogInit: Branch Name: ++UE4+Release-4.15
LogInit: Command line:  
LogInit: Base directory: C:/Program Files/Epic Games/UE_4.15/Engine/Binaries/Win64/
LogInit: Installed Engine Build: 1
LogInit: Presizing for max 8388607 objects, including 0 objects not considered by GC, pre-allocating 0 bytes for permanent pool.
LogInit: Object subsystem initialized
[2017.05.22-00.10.11:608][  0]LogInit: Selected Device Profile: [Windows]
[2017.05.22-00.10.11:608][  0]LogInit: Applying CVar settings loaded from the selected device profile: [Windows]
[2017.05.22-00.10.11:657][  0]LogInit: Computer: BRADTHEDAD
[2017.05.22-00.10.11:657][  0]LogInit: User: DadPC
[2017.05.22-00.10.11:657][  0]LogInit: CPU Page size=65536, Cores=4
[2017.05.22-00.10.11:657][  0]LogInit: High frequency timer resolution =4.101559 MHz
[2017.05.22-00.10.11:657][  0]LogMemory: Memory total: Physical=15.9GB (16GB approx)
[2017.05.22-00.10.11:657][  0]LogMemory: Platform Memory Stats for Windows
[2017.05.22-00.10.11:657][  0]LogMemory: Process Physical Memory: 263.13 MB used, 263.13 MB peak
[2017.05.22-00.10.11:657][  0]LogMemory: Process Virtual Memory: 262.58 MB used, 262.58 MB peak
[2017.05.22-00.10.11:657][  0]LogMemory: Physical Memory: 4173.52 MB used,  12149.27 MB free, 16322.79 MB total
[2017.05.22-00.10.11:657][  0]LogMemory: Virtual Memory: 644.97 MB used,  12149.27 MB free, 134217728.00 MB total
[2017.05.22-00.10.11:714][  0]LogTextLocalizationManager: No specific translations for ('en-US') exist, so ('en') translations will be used.
[2017.05.22-00.10.12:159][  0]LogD3D11RHI: D3D11 adapters:
[2017.05.22-00.10.12:176][  0]LogD3D11RHI:    0. 'AMD Radeon (TM) R9 390 Series' (Feature Level 11_0)
[2017.05.22-00.10.12:176][  0]LogD3D11RHI:       8169/0/8161 MB DedicatedVideo/DedicatedSystem/SharedSystem, Outputs:1, VendorId:0x1002
[2017.05.22-00.10.12:177][  0]LogD3D11RHI:    1. 'Microsoft Basic Render Driver' (Feature Level 11_0)
[2017.05.22-00.10.12:177][  0]LogD3D11RHI:       0/0/8161 MB DedicatedVideo/DedicatedSystem/SharedSystem, Outputs:0, VendorId:0x1414
[2017.05.22-00.10.12:177][  0]LogD3D11RHI: Chosen D3D11 Adapter: 0
[2017.05.22-00.10.12:180][  0]LogD3D11RHI: Creating new Direct3DDevice
[2017.05.22-00.10.12:180][  0]LogD3D11RHI:     GPU DeviceId: 0x67b1 (for the marketing name, search the web for "GPU Device Id")
[2017.05.22-00.10.12:180][  0]LogWindows: EnumDisplayDevices:
[2017.05.22-00.10.12:180][  0]LogWindows:    0. 'AMD Radeon (TM) R9 390 Series' (P:1 D:1)
[2017.05.22-00.10.12:180][  0]LogWindows:    1. 'AMD Radeon (TM) R9 390 Series' (P:0 D:0)
[2017.05.22-00.10.12:180][  0]LogWindows:    2. 'AMD Radeon (TM) R9 390 Series' (P:0 D:0)
[2017.05.22-00.10.12:181][  0]LogWindows:    3. 'AMD Radeon (TM) R9 390 Series' (P:0 D:0)
[2017.05.22-00.10.12:181][  0]LogWindows:    4. 'AMD Radeon (TM) R9 390 Series' (P:0 D:0)
[2017.05.22-00.10.12:181][  0]LogWindows:    5. 'AMD Radeon (TM) R9 390 Series' (P:0 D:0)
[2017.05.22-00.10.12:181][  0]LogWindows: DebugString: FoundDriverCount:6 
[2017.05.22-00.10.12:181][  0]LogD3D11RHI:     Adapter Name: AMD Radeon (TM) R9 390 Series
[2017.05.22-00.10.12:181][  0]LogD3D11RHI:   Driver Version: Crimson ReLive 17.5.2 (internal:22.19.165.512, unified:22.19.165.512)
[2017.05.22-00.10.12:181][  0]LogD3D11RHI:      Driver Date: 5-17-2017
[2017.05.22-00.10.12:181][  0]LogRHI: Texture pool is 1361 MB (70% of 1945 MB)
[2017.05.22-00.10.12:251][  0]LogD3D11RHI: Async texture creation enabled
[2017.05.22-00.10.12:262][  0]LogD3D11RHI: GPU Timing Frequency: 27.000000 (Debug: 2 1)
[2017.05.22-00.10.12:263][  0]LogShaderCompilers: Guid format shader working directory is -3 characters bigger than the processId version (F:/Projects/Environment Challenge/Enviro_1/Enviro1/Intermediate/Shaders/WorkingDirectory/7032/).
[2017.05.22-00.10.12:263][  0]LogShaderCompilers: Cleaned the shader compiler working directory 'C:/Users/Dad PC/AppData/Local/Temp/UnrealShaderWorkingDir/17AF7FC8468793C1D46B75BDEC9233EA/'.
[2017.05.22-00.10.12:263][  0]LogShaderCompilers:Display: Using Local Shader Compiler.
[2017.05.22-00.10.12:970][  0]LogTemp:Display: Loaded TP AllDesktopTargetPlatform
[2017.05.22-00.10.13:007][  0]LogTemp:Display: Loaded TP MacClientTargetPlatform
[2017.05.22-00.10.13:044][  0]LogTemp:Display: Loaded TP MacNoEditorTargetPlatform
[2017.05.22-00.10.13:081][  0]LogTemp:Display: Loaded TP MacServerTargetPlatform
[2017.05.22-00.10.13:117][  0]LogTemp:Display: Loaded TP MacTargetPlatform
[2017.05.22-00.10.13:154][  0]LogTemp:Display: Loaded TP WindowsClientTargetPlatform
[2017.05.22-00.10.13:190][  0]LogTemp:Display: Loaded TP WindowsNoEditorTargetPlatform
[2017.05.22-00.10.13:227][  0]LogTemp:Display: Loaded TP WindowsServerTargetPlatform
[2017.05.22-00.10.13:257][  0]LogTemp:Display: Loaded TP WindowsTargetPlatform
[2017.05.22-00.10.13:292][  0]LogTemp:Display: Loaded TP AndroidTargetPlatform
[2017.05.22-00.10.13:328][  0]LogTemp:Display: Loaded TP Android_ASTCTargetPlatform
[2017.05.22-00.10.13:364][  0]LogTemp:Display: Loaded TP Android_ATCTargetPlatform
[2017.05.22-00.10.13:400][  0]LogTemp:Display: Loaded TP Android_DXTTargetPlatform
[2017.05.22-00.10.13:436][  0]LogTemp:Display: Loaded TP Android_ETC1TargetPlatform
[2017.05.22-00.10.13:471][  0]LogTemp:Display: Loaded TP Android_ETC2TargetPlatform
[2017.05.22-00.10.13:544][  0]LogTemp:Display: Loaded TP Android_MultiTargetPlatform
[2017.05.22-00.10.13:544][  0]LogTemp:Display: Loaded TP Android_PVRTCTargetPlatform
[2017.05.22-00.10.13:568][  0]LogTemp:Display: Loaded TP HTML5TargetPlatform
[2017.05.22-00.10.13:639][  0]LogTemp:Display: Loaded TP IOSTargetPlatform
[2017.05.22-00.10.13:664][  0]LogTemp:Display: Loaded TP TVOSTargetPlatform
[2017.05.22-00.10.13:699][  0]LogTemp:Display: Loaded TP LinuxClientTargetPlatform
[2017.05.22-00.10.13:735][  0]LogTemp:Display: Loaded TP LinuxNoEditorTargetPlatform
[2017.05.22-00.10.13:771][  0]LogTemp:Display: Loaded TP LinuxServerTargetPlatform
[2017.05.22-00.10.13:807][  0]LogTemp:Display: Loaded TP LinuxTargetPlatform
[2017.05.22-00.10.13:807][  0]LogTargetPlatformManager:Display: Building Assets For Windows
[2017.05.22-00.10.14:090][  0]LogDerivedDataCache:Display: Max Cache Size: 512 MB
[2017.05.22-00.10.14:133][  0]LogDerivedDataCache: Loaded boot cache 0.04s 50MB C:/Users/Dad PC/AppData/Local/UnrealEngine/4.15/DerivedDataCache/Boot.ddc.
[2017.05.22-00.10.14:133][  0]LogDerivedDataCache:Display: Loaded Boot cache: C:/Users/Dad PC/AppData/Local/UnrealEngine/4.15/DerivedDataCache/Boot.ddc
[2017.05.22-00.10.14:133][  0]LogDerivedDataCache: FDerivedDataBackendGraph:  Pak pak cache file F:/Projects/Environment Challenge/Enviro_1/Enviro1/DerivedDataCache/DDC.ddp not found, will not use a pak cache.
[2017.05.22-00.10.14:133][  0]LogDerivedDataCache: Unable to find inner node Pak for hierarchical cache Hierarchy.
[2017.05.22-00.10.14:133][  0]LogDerivedDataCache: FDerivedDataBackendGraph:  CompressedPak pak cache file F:/Projects/Environment Challenge/Enviro_1/Enviro1/DerivedDataCache/Compressed.ddp not found, will not use a pak cache.
[2017.05.22-00.10.14:133][  0]LogDerivedDataCache: Unable to find inner node CompressedPak for hierarchical cache Hierarchy.
[2017.05.22-00.10.14:147][  0]LogDerivedDataCache:Display: Pak cache opened for reading ../../../Engine/DerivedDataCache/Compressed.ddp.
[2017.05.22-00.10.14:158][  0]LogDerivedDataCache: Using Local data cache path C:/Users/Dad PC/AppData/Local/UnrealEngine/Common/DerivedDataCache: Writable
[2017.05.22-00.10.14:165][  0]LogSlate: Using Freetype 2.6.0
[2017.05.22-00.10.14:165][  0]LogSlate: SlateFontCache - WITH_FREETYPE: 1, WITH_HARFBUZZ: 1
[2017.05.22-00.10.14:165][  0]LogSlate: SlateFontCache - WITH_FREETYPE: 1, WITH_HARFBUZZ: 1
[2017.05.22-00.10.14:338][  0]LogInit: Selected Device Profile: [Windows]
[2017.05.22-00.10.14:340][  0]LogContentStreaming: Texture pool size is 0.00 MB
[2017.05.22-00.10.14:478][  0]LogMeshUtilities: Using QuadricMeshReduction for automatic static mesh reduction
[2017.05.22-00.10.14:506][  0]LogSimplygon: Simplygon DLL not present - disabling.
[2017.05.22-00.10.14:536][  0]LogMeshUtilities: Using SimplygonSwarm for distributed automatic mesh merging
[2017.05.22-00.10.14:536][  0]LogMeshUtilities: No automatic skeletal mesh reduction module available
[2017.05.22-00.10.14:536][  0]LogMeshUtilities: No automatic mesh merging module available
[2017.05.22-00.10.15:097][  0]LogNetVersion: GetLocalNetworkVersion: CL: 3299760, ProjectName: enviro1, ProjectVersion: , EngineNetworkVersion: 2, GameNetworkVersion: 0, NetworkChecksum: 2937792213
[2017.05.22-00.10.15:134][  0]LogAssetRegistry: FAssetRegistry took 0.0214 seconds to start up
[2017.05.22-00.10.16:191][  0]LogPackageLocalizationCache: Processed 3 localized package path(s) for 2 prioritized culture(s) in 1.042822 seconds
[2017.05.22-00.10.16:204][  0]LogUObjectArray: 32493 objects as part of root set at end of initial load.
[2017.05.22-00.10.16:204][  0]LogUObjectAllocator: 7077024 out of 0 bytes used by permanent object pool.
[2017.05.22-00.10.16:204][  0]LogUObjectArray: CloseDisregardForGC: 0/0 objects in disregard for GC pool
[2017.05.22-00.10.16:259][  0]LogInit: WinSock: version 1.1 (2.2), MaxSocks=32767, MaxUdp=65467
[2017.05.22-00.10.17:310][  0]LogSubstanceCoreModule: Substance [CPU] Engine Loaded, Max Texture Size = 2048
[2017.05.22-00.10.17:329][  0]LogTcpMessaging: Initializing TcpMessaging bridge
[2017.05.22-00.10.17:358][  0]LogUdpMessaging: Initializing bridge on interface 0.0.0.0:0 to multicast group 230.0.0.1:6666.
[2017.05.22-00.10.18:696][  0]LogMaterial: Uniform references updated for custom material expression Custom.
[2017.05.22-00.10.18:964][  0]SourceControl: Info Source control is disabled
[2017.05.22-00.10.18:964][  0]SourceControl: Info Source control is disabled
[2017.05.22-00.10.18:994][  0]SourceControl: Info Source control is disabled
[2017.05.22-00.10.19:023][  0]SourceControl: Info Source control is disabled
[2017.05.22-00.10.19:846][  0]LogEngine: Initializing Engine...
[2017.05.22-00.10.19:846][  0]LogHMD: Failed to initialize OpenVR with code 110
[2017.05.22-00.10.19:921][  0]LogStats: UGameplayTagsManager::ConstructGameplayTagTree: Construct from data asset -  0.000 s
[2017.05.22-00.10.19:921][  0]LogStats: UGameplayTagsManager::ConstructGameplayTagTree: GameplayTagTreeChangedEvent.Broadcast -  0.000 s
[2017.05.22-00.10.20:002][  0]LogAIModule: Creating AISystem for world Untitled
[2017.05.22-00.10.20:009][  0]LogInit: XAudio2 using 'Speakers (Realtek High Definition Audio)' : 2 channels at 48 kHz using 32 bits per sample (channel mask 0x3)
[2017.05.22-00.10.20:016][  0]LogInit: FAudioDevice initialized.
[2017.05.22-00.10.20:038][  0]LogDerivedDataCache: Saved boot cache 0.02s 50MB C:/Users/Dad PC/AppData/Local/UnrealEngine/4.15/DerivedDataCache/Boot.ddc.
[2017.05.22-00.10.20:046][  0]LogInit: Texture streaming: Enabled
[2017.05.22-00.10.20:107][  0]LogEngineSessionManager: EngineSessionManager initialized
[2017.05.22-00.10.20:162][  0]LogInit: Transaction tracking system initialized
[2017.05.22-00.10.20:378][  0]BlueprintLog: New page: Editor Load
[2017.05.22-00.10.22:135][  0]LocalizationService: Info Localization service is disabled
[2017.05.22-00.10.22:578][  0]LogConsoleResponse:Display: 
[2017.05.22-00.10.22:662][  0]LogCook:Display: Max memory allowance for cook 16384mb min free memory 0mb
[2017.05.22-00.10.22:662][  0]LogCook:Display: Mobile HDR setting 1
[2017.05.22-00.10.23:302][  0]LogFileCache: Scanning file cache for directory 'F:/Projects/Environment Challenge/Enviro_1/Enviro1/Content/' took 0.01s
[2017.05.22-00.10.23:331][  0]SourceControl: Info Source control is disabled
[2017.05.22-00.10.23:331][  0]Cmd: MAP LOAD FILE="F:/Projects/Environment Challenge/Enviro_1/Enviro1/Content/StarterContent/Maps/Minimal_Default.umap" TEMPLATE=0 SHOWPROGRESS=1 FEATURELEVEL=3
[2017.05.22-00.10.23:331][  0]LightingResults: New page: Lighting Build
[2017.05.22-00.10.23:358][  0]MapCheck: New page: Map Check
[2017.05.22-00.10.23:358][  0]LightingResults: New page: Lighting Build
[2017.05.22-00.10.23:448][  0]LogLinker:Warning: Can't find file '/Game/StarterContent/Maps/Minimal_Default_BuiltData'
[2017.05.22-00.10.23:448][  0]LogLinker:Warning: Can't find file for asset '/Game/StarterContent/Maps/Minimal_Default_BuiltData' while loading F:/Projects/Environment Challenge/Enviro_1/Enviro1/Content/StarterContent/Maps/Minimal_Default.umap.
[2017.05.22-00.10.23:448][  0]LoadErrors:Error: Error /Game/StarterContent/Maps/Minimal_Default : Can't find file for asset. /Game/StarterContent/Maps/Minimal_Default_BuiltData
[2017.05.22-00.10.23:459][  0]LogLinker:Warning: Can't find file '/Game/StarterContent/Maps/Minimal_Default_BuiltData'
[2017.05.22-00.10.23:459][  0]LogLinker:Warning: Can't find file for asset '/Game/StarterContent/Maps/Minimal_Default_BuiltData' while loading F:/Projects/Environment Challenge/Enviro_1/Enviro1/Content/StarterContent/Maps/Minimal_Default.umap.
[2017.05.22-00.10.23:459][  0]LoadErrors:Error: Error /Game/StarterContent/Maps/Minimal_Default : Can't find file for asset. /Game/StarterContent/Maps/Minimal_Default_BuiltData
[2017.05.22-00.10.23:464][  0]LogLinker:Warning: Can't find file '/Game/StarterContent/Maps/Minimal_Default_BuiltData'
[2017.05.22-00.10.23:464][  0]LogLinker:Warning: Can't find file for asset '/Game/StarterContent/Maps/Minimal_Default_BuiltData' while loading NULL.
[2017.05.22-00.10.23:465][  0]LogLinker:Warning: Can't find file '/Game/StarterContent/Maps/Minimal_Default_BuiltData'
[2017.05.22-00.10.23:465][  0]LogLinker:Warning: Can't find file for asset '/Game/StarterContent/Maps/Minimal_Default_BuiltData' while loading NULL.
[2017.05.22-00.10.23:469][  0]LogLinker:Warning: Can't find file '/Game/StarterContent/Maps/Minimal_Default_BuiltData'
[2017.05.22-00.10.23:469][  0]LoadErrors: Info Failed to load /Game/StarterContent/Maps/Minimal_Default_BuiltData.Minimal_Default_BuiltData Referenced by PersistentLevel
[2017.05.22-00.10.23:469][  0]LogLinker:Warning: Can't find file for asset '/Game/StarterContent/Maps/Minimal_Default_BuiltData' while loading NULL.
[2017.05.22-00.10.23:469][  0]LoadErrors: Info Failed to load /Game/StarterContent/Maps/Minimal_Default_BuiltData.Minimal_Default_BuiltData Referenced by PersistentLevel
[2017.05.22-00.10.23:582][  0]LogAIModule: Creating AISystem for world Minimal_Default
[2017.05.22-00.10.23:601][  0]LogEditorServer: Finished looking for orphan Actors (0.000 secs)
[2017.05.22-00.10.23:601][  0]Cmd: MAP CHECKDEP NOCLEARLOG
[2017.05.22-00.10.23:629][  0]MapCheck: Info Map check complete: 0 Error(s), 0 Warning(s), took 27.677ms to complete.
[2017.05.22-00.10.23:629][  0]LogFileHelpers: Loading map 'Minimal_Default' took 0.298
[2017.05.22-00.10.23:681][  0]LogWindowsTextInputMethodSystem:Display: IME system now deactivated.
[2017.05.22-00.10.23:765][  0]LogCollectionManager: Loaded 0 collections in 0.001801 seconds
[2017.05.22-00.10.23:827][  0]LogFileCache: Scanning file cache for directory 'F:/Projects/Environment Challenge/Enviro_1/Enviro1/Saved/Collections/' took 0.01s
[2017.05.22-00.10.23:827][  0]LogFileCache: Scanning file cache for directory 'F:/Projects/Environment Challenge/Enviro_1/Enviro1/Content/Developers/DadPC/Collections/' took 0.01s
[2017.05.22-00.10.23:827][  0]LogFileCache: Scanning file cache for directory 'F:/Projects/Environment Challenge/Enviro_1/Enviro1/Content/Collections/' took 0.01s
[2017.05.22-00.10.23:827][  0]LogCollectionManager: Rebuilt the GUID cache for 0 collections in 0.000001 seconds
[2017.05.22-00.10.23:833][  0]LogContentBrowser: Native class hierarchy populated in 0.0065 seconds. Added 2259 classes and 459 folders.
[2017.05.22-00.10.23:876][  0]LogContentBrowser: Native class hierarchy updated for 'WidgetCarousel' in 0.0004 seconds. Added 0 classes and 0 folders.
[2017.05.22-00.10.23:899][  0]LogContentBrowser: Native class hierarchy updated for 'AddContentDialog' in 0.0004 seconds. Added 0 classes and 0 folders.
[2017.05.22-00.10.23:928][  0]LogContentBrowser: Native class hierarchy updated for 'SceneOutliner' in 0.0004 seconds. Added 1 classes and 2 folders.
[2017.05.22-00.10.23:961][  0]LogCrashTracker: Crashtracker disabled due to settings.
[2017.05.22-00.10.23:965][  0]LogUObjectGlobals:Warning: Failed to find object 'Class None.'
[2017.05.22-00.10.24:015][  0]LogContentBrowser: Native class hierarchy updated for 'HierarchicalLODOutliner' in 0.0004 seconds. Added 1 classes and 2 folders.
[2017.05.22-00.10.24:015][  0]LogLoad: (Engine Initialization) Total time: 14.20 seconds
[2017.05.22-00.10.24:015][  0]LogLoad: (Engine Initialization) Total Blueprint compile time: 0.06 seconds
[2017.05.22-00.10.24:015][  0]LogExternalProfiler: No external profilers were discovered.  External profiling features will not be available.
[2017.05.22-00.10.24:024][  0]LogOcInput: OculusInput pre-init called
[2017.05.22-00.10.24:037][  0]LogAssetRegistry: Asset discovery search completed in 8.9248 seconds
[2017.05.22-00.10.24:037][  0]LogCollectionManager: Rebuilt the object cache for 0 collections in 0.000003 seconds (found 0 objects)
[2017.05.22-00.10.24:037][  0]LogCollectionManager: Fixed up redirectors for 0 collections in 0.000012 seconds (updated 0 objects)
[2017.05.22-00.10.24:039][  0]LogContentStreaming: Texture pool size now 1000 MB
[2017.05.22-00.10.24:054][  0]LogSlate: Took 0.000177 seconds to synchronously load lazily loaded font '../../../Engine/Content/Slate/Fonts/Roboto-Regular.ttf' (155K)
[2017.05.22-00.10.24:056][  0]LogSlate: Took 0.000137 seconds to synchronously load lazily loaded font '../../../Engine/Content/Slate/Fonts/Roboto-Bold.ttf' (160K)
[2017.05.22-00.10.24:060][  0]LogSlate: Took 0.000174 seconds to synchronously load lazily loaded font '../../../Engine/Content/Editor/Slate/Fonts/FontAwesome.ttf' (139K)
[2017.05.22-00.10.24:178][  0]LogRenderer: Reallocating scene render targets to support 1124x696 NumSamples 1 (Frame:2).
[2017.05.22-00.10.24:206][  0]LogSlate: Took 0.000127 seconds to synchronously load lazily loaded font '../../../Engine/Content/Slate/Fonts/Roboto-Light.ttf' (159K)
[2017.05.22-00.10.30:341][720]LogSlate: Took 0.000104 seconds to synchronously load lazily loaded font '../../../Engine/Content/Slate/Fonts/Roboto-Light.ttf' (159K)
[2017.05.22-00.10.30:348][720]LogLinker:Warning: Can't find file '/Game/StarterContent/Maps/WHITEBOX_BuiltData'
[2017.05.22-00.10.30:348][720]LogLinker:Warning: Can't find file for asset '/Game/StarterContent/Maps/WHITEBOX_BuiltData' while loading F:/Projects/Environment Challenge/Enviro_1/Enviro1/Content/Whiteboxing/Map/WHITEBOX.umap.
[2017.05.22-00.10.30:348][720]LoadErrors:Error: Error /Game/Whiteboxing/Map/WHITEBOX : Can't find file for asset. /Game/StarterContent/Maps/WHITEBOX_BuiltData
[2017.05.22-00.10.30:351][720]LogLinker:Warning: Can't find file '/Game/StarterContent/Maps/WHITEBOX_BuiltData'
[2017.05.22-00.10.30:351][720]LogLinker:Warning: Can't find file for asset '/Game/StarterContent/Maps/WHITEBOX_BuiltData' while loading F:/Projects/Environment Challenge/Enviro_1/Enviro1/Content/Whiteboxing/Map/WHITEBOX.umap.
[2017.05.22-00.10.30:352][720]LogLinker:Warning: Can't find file '/Game/StarterContent/Maps/WHITEBOX_BuiltData'
[2017.05.22-00.10.30:352][720]LogLinker:Warning: Can't find file for asset '/Game/StarterContent/Maps/WHITEBOX_BuiltData' while loading NULL.
[2017.05.22-00.10.30:352][720]LogLinker:Warning: Can't find file '/Game/StarterContent/Maps/WHITEBOX_BuiltData'
[2017.05.22-00.10.30:352][720]LogLinker:Warning: Can't find file for asset '/Game/StarterContent/Maps/WHITEBOX_BuiltData' while loading NULL.
[2017.05.22-00.10.30:355][720]LogLinker:Warning: Can't find file '/Game/StarterContent/Maps/WHITEBOX_BuiltData'
[2017.05.22-00.10.30:355][720]LoadErrors: Info Failed to load /Game/StarterContent/Maps/WHITEBOX_BuiltData.WHITEBOX_BuiltData Referenced by PersistentLevel
[2017.05.22-00.10.30:355][720]LogLinker:Warning: Can't find file for asset '/Game/StarterContent/Maps/WHITEBOX_BuiltData' while loading NULL.
[2017.05.22-00.10.30:375][720]LogAIModule: Creating AISystem for world WHITEBOX
[2017.05.22-00.10.30:390][720]Cmd: MAP LOAD FILE="F:/Projects/Environment Challenge/Enviro_1/Enviro1/Content/Whiteboxing/Map/WHITEBOX.umap" TEMPLATE=0 SHOWPROGRESS=1 FEATURELEVEL=3
[2017.05.22-00.10.30:390][720]LightingResults: New page: Lighting Build
[2017.05.22-00.10.30:391][720]LoadErrors: New page: Loading map: WHITEBOX.umap
[2017.05.22-00.10.30:391][720]MapCheck: New page: Map Check
[2017.05.22-00.10.30:391][720]LightingResults: New page: Lighting Build
[2017.05.22-00.10.30:401][720]LogEditorServer: Finished looking for orphan Actors (0.000 secs)
[2017.05.22-00.10.30:417][720]Cmd: MAP CHECKDEP NOCLEARLOG
[2017.05.22-00.10.30:444][720]MapCheck: Info Map check complete: 0 Error(s), 0 Warning(s), took 26.772ms to complete.
[2017.05.22-00.10.30:444][720]LogFileHelpers: Loading map 'WHITEBOX' took 0.055
[2017.05.22-00.10.45:533][275]LogEditorViewport: Clicking on Actor (LMB): PointLight (PointLight)
[2017.05.22-00.10.55:659][466]Cmd: OBJ SAVEPACKAGE PACKAGE="/Game/Whiteboxing/Map/WHITEBOX" FILE="F:/Projects/Environment Challenge/Enviro_1/Enviro1/Content/Whiteboxing/Map/WHITEBOX.umap" SILENT=true AUTOSAVING=false KEEPDIRTY=false
[2017.05.22-00.10.55:742][466]LogSavePackage: Save=57.18ms
[2017.05.22-00.10.55:742][466]LogSavePackage: Moving 'F:/Projects/Environment Challenge/Enviro_1/Enviro1/Saved/WHITEBOX837E5A5F46EDB70C811718BD56059F1C.tmp' to 'F:/Projects/Environment Challenge/Enviro_1/Enviro1/Content/Whiteboxing/Map/WHITEBOX.umap'
[2017.05.22-00.10.55:855][466]LogSavePackage:Display: Finished SavePackage F:/Projects/Environment Challenge/Enviro_1/Enviro1/Content/Whiteboxing/Map/WHITEBOX.umap
[2017.05.22-00.11.16:078][711]LogEditorViewport: Clicking on Actor (LMB): StaticMeshActor (Cube)
[2017.05.22-00.11.19:262][ 74]LogEditorViewport: Clicking on Actor (context menu): StaticMeshActor (Plane2)
[2017.05.22-00.11.32:187][381]LogStaticMesh: Building static mesh StaticMesh...
[2017.05.22-00.11.32:191][381]LogStaticMesh: Built static mesh [0.00s] /Game/Whiteboxing/Meshes/StaticMesh.StaticMesh
[2017.05.22-00.11.32:223][381]LogSlate: Took 0.000134 seconds to synchronously load lazily loaded font '../../../Engine/Content/Slate/Fonts/Roboto-Light.ttf' (159K)
[2017.05.22-00.11.52:856][775]Cmd: OBJ SAVEPACKAGE PACKAGE="/Game/Whiteboxing/Meshes/StaticMesh" FILE="F:/Projects/Environment Challenge/Enviro_1/Enviro1/Content/Whiteboxing/Meshes/StaticMesh.uasset" SILENT=true
[2017.05.22-00.11.52:987][775]LogSavePackage: Save=16.87ms
[2017.05.22-00.11.52:987][775]LogSavePackage: Moving 'F:/Projects/Environment Challenge/Enviro_1/Enviro1/Saved/StaticMesh72C51A214948B4110D56C2B0D17EF65A.tmp' to 'F:/Projects/Environment Challenge/Enviro_1/Enviro1/Content/Whiteboxing/Meshes/StaticMesh.uasset'
[2017.05.22-00.11.53:073][775]LogSavePackage:Display: Finished SavePackage F:/Projects/Environment Challenge/Enviro_1/Enviro1/Content/Whiteboxing/Meshes/StaticMesh.uasset
[2017.05.22-00.12.00:545][508]Cmd: OBJ SAVEPACKAGE PACKAGE="/Game/Whiteboxing/Meshes/Bed" FILE="F:/Projects/Environment Challenge/Enviro_1/Enviro1/Content/Whiteboxing/Meshes/Bed.uasset" SILENT=true
[2017.05.22-00.12.00:589][508]LogSavePackage: Save=17.95ms
[2017.05.22-00.12.00:589][508]LogSavePackage: Moving 'F:/Projects/Environment Challenge/Enviro_1/Enviro1/Saved/BedB6E8859D4FC924D9CEAD7F90B12841B4.tmp' to 'F:/Projects/Environment Challenge/Enviro_1/Enviro1/Content/Whiteboxing/Meshes/Bed.uasset'
[2017.05.22-00.12.00:681][508]LogSavePackage:Display: Finished SavePackage F:/Projects/Environment Challenge/Enviro_1/Enviro1/Content/Whiteboxing/Meshes/Bed.uasset
[2017.05.22-00.14.38:635][507]LogEditorViewport: Clicking on Actor (LMB): StaticMeshActor (Wall_400x304)
[2017.05.22-00.14.44:356][176]Cmd: DELETE
[2017.05.22-00.14.44:356][176]Cmd: ACTOR DELETE
[2017.05.22-00.14.44:357][176]LogEditorActor: Deleted Actor: Character
[2017.05.22-00.14.44:364][176]LogEditorActor: Deleted 1 Actors (0.008 secs)
[2017.05.22-00.14.54:997][432]Cmd: CAMERA ALIGN ACTIVEVIEWPORTONLY
[2017.05.22-00.15.03:434][436]LogEditorViewport: Clicking on Actor (LMB): StaticMeshActor (Cube5)
[2017.05.22-00.16.01:311][102]LogEditorViewport: Clicking on Actor (context menu): StaticMeshActor (Wall_400x300)
[2017.05.22-00.16.08:371][938]LogActorFactory: Actor Factory created Bed
[2017.05.22-00.16.10:410][177]Cmd: TRANSACTION UNDO
[2017.05.22-00.16.10:410][177]LogEditorTransaction: Undo Create Actor
[2017.05.22-00.16.11:350][283]LogEditorViewport: Clicking on Actor (context menu): StaticMeshActor (Floor_400x401)
[2017.05.22-00.16.25:264][987]LogStaticMesh: Building static mesh Room...
[2017.05.22-00.16.25:339][987]LogStaticMesh: Built static mesh [0.08s] /Game/Meshes/Room.Room
[2017.05.22-00.16.27:437][236]LogEditorViewport: Clicking on Actor (LMB): StaticMeshActor (Cube)
[2017.05.22-00.16.32:303][796]LogEditorViewport: Clicking on Actor (LMB): CameraActor (CameraActor)
[2017.05.22-00.16.36:504][280]LogEditorViewport: Clicking on Actor (LMB): StaticMeshActor (Cube4)
[2017.05.22-00.18.44:001][964]LogEditorViewport: Clicking on Actor (LMB): StaticMeshActor (Cube3)
[2017.05.22-00.18.57:356][557]LogEditorViewport: Clicking on Actor (LMB): StaticMeshActor (Wall_400x302)
[2017.05.22-00.18.59:719][834]LogEditorViewport: Clicking Background
[2017.05.22-00.19.02:775][199]LogEditorViewport: Clicking on Actor (LMB): StaticMeshActor (Cube)
[2017.05.22-00.19.04:266][372]Cmd: CAMERA ALIGN ACTIVEVIEWPORTONLY
[2017.05.22-00.19.05:816][557]Cmd: TRANSACTION UNDO
[2017.05.22-00.19.05:816][557]LogEditorTransaction: Undo Move Actors
[2017.05.22-00.19.20:559][297]Cmd: TRANSACTION UNDO
[2017.05.22-00.19.20:559][297]LogEditorTransaction: Undo Move Actors
[2017.05.22-00.19.34:190][928]Cmd: OBJ SAVEPACKAGE PACKAGE="/Game/Whiteboxing/Map/WHITEBOX" FILE="F:/Projects/Environment Challenge/Enviro_1/Enviro1/Content/Whiteboxing/Map/WHITEBOX.umap" SILENT=true AUTOSAVING=false KEEPDIRTY=false
[2017.05.22-00.19.34:270][928]LogSavePackage: Save=54.97ms
[2017.05.22-00.19.34:270][928]LogSavePackage: Moving 'F:/Projects/Environment Challenge/Enviro_1/Enviro1/Saved/WHITEBOX33991EBE4BE481C3109215B0F9C5848A.tmp' to 'F:/Projects/Environment Challenge/Enviro_1/Enviro1/Content/Whiteboxing/Map/WHITEBOX.umap'
[2017.05.22-00.19.34:366][928]LogSavePackage:Display: Finished SavePackage F:/Projects/Environment Challenge/Enviro_1/Enviro1/Content/Whiteboxing/Map/WHITEBOX.umap
[2017.05.22-00.19.45:647][258]LogEditorViewport: Clicking on Actor (LMB): StaticMeshActor (Cube2)
[2017.05.22-00.20.38:864][408]LogEditorViewport: Clicking on Actor (context menu): StaticMeshActor (Wall_Door_400x300)
[2017.05.22-00.20.42:014][547]LogStaticMesh: Building static mesh StaticMesh...
[2017.05.22-00.20.42:094][547]LogStaticMesh: Built static mesh [0.08s] /Game/Meshes/StaticMesh.StaticMesh
[2017.05.22-00.21.02:290][959]LogEditorViewport: Clicking on Actor (context menu): StaticMeshActor (Floor_400x401)
[2017.05.22-00.21.09:578][366]LogStaticMesh: Building static mesh StaticMesh2...
[2017.05.22-00.21.09:659][366]LogStaticMesh: Built static mesh [0.08s] /Game/Meshes/StaticMesh2.StaticMesh2
[2017.05.22-00.21.36:281][182]LogEditorViewport: Clicking on Actor (LMB): StaticMeshActor (Floor_400x401)
[2017.05.22-00.21.41:290][777]LogEditorViewport: Clicking on Actor (LMB): StaticMeshActor (Cube8)
[2017.05.22-00.21.45:032][204]LogEditorViewport: Clicking on Actor (context menu): StaticMeshActor (Cube11)
[2017.05.22-00.22.05:419][448]LogStaticMesh: Building static mesh chair_Leather...
[2017.05.22-00.22.05:429][448]LogStaticMesh: Built static mesh [0.01s] /Game/Meshes/chair_Leather.chair_Leather
[2017.05.22-00.22.37:748][323]LogObjectTools:Warning: ForceReplaceReferences replaced references for a transient object 'StaticMeshComponent_15' or package '/Engine/Transient'.
[2017.05.22-00.23.10:171][129]LogEditorViewport: Clicking on Actor (LMB): StaticMeshActor (Floor_400x406)
[2017.05.22-00.23.54:449][328]Cmd: OBJ SAVEPACKAGE PACKAGE="/Game/Meshes/Room" FILE="F:/Projects/Environment Challenge/Enviro_1/Enviro1/Content/Meshes/Room.uasset" SILENT=true
[2017.05.22-00.23.55:025][328]LogSavePackage: Save=41.55ms
[2017.05.22-00.23.55:025][328]LogSavePackage: Moving 'F:/Projects/Environment Challenge/Enviro_1/Enviro1/Saved/RoomAB0F428740D59A2DA41FCD8716526D08.tmp' to 'F:/Projects/Environment Challenge/Enviro_1/Enviro1/Content/Meshes/Room.uasset'
[2017.05.22-00.23.55:135][328]LogSavePackage:Display: Finished SavePackage F:/Projects/Environment Challenge/Enviro_1/Enviro1/Content/Meshes/Room.uasset
[2017.05.22-00.24.58:161][621]LogFbx:Warning: FBX version number for this version of the FBX SDK is 7.5.0


[2017.05.22-00.25.23:187][601]Cmd: DELETE
[2017.05.22-00.25.23:187][601]Cmd: ACTOR DELETE
[2017.05.22-00.25.23:187][601]LogEditorActor: Deleted Actor: Character
[2017.05.22-00.25.23:194][601]LogEditorActor: Deleted 1 Actors (0.007 secs)
[2017.05.22-00.25.36:155][103]LogActorFactory: Actor Factory created Shape_Trim_90_Out
[2017.05.22-00.25.36:486][142]LogActorFactory: Actor Factory created Shape_Trim_90_Out
[2017.05.22-00.25.37:987][316]Cmd: DELETE
[2017.05.22-00.25.37:987][316]Cmd: ACTOR DELETE
[2017.05.22-00.25.37:988][316]LogEditorActor: Deleted Actor: StaticMeshActor
[2017.05.22-00.25.37:996][316]LogEditorActor: Deleted 1 Actors (0.008 secs)
[2017.05.22-00.25.44:858][138]Cmd: OBJ SAVEPACKAGE PACKAGE="/Game/Whiteboxing/Map/WHITEBOX" FILE="F:/Projects/Environment Challenge/Enviro_1/Enviro1/Content/Whiteboxing/Map/WHITEBOX.umap" SILENT=true AUTOSAVING=false KEEPDIRTY=false
[2017.05.22-00.25.44:940][138]LogSavePackage: Save=54.12ms
[2017.05.22-00.25.44:940][138]LogSavePackage: Moving 'F:/Projects/Environment Challenge/Enviro_1/Enviro1/Saved/WHITEBOXA0C3ED9A40053F3D3392CC9F5BE28D69.tmp' to 'F:/Projects/Environment Challenge/Enviro_1/Enviro1/Content/Whiteboxing/Map/WHITEBOX.umap'
[2017.05.22-00.25.45:074][138]LogSavePackage:Display: Finished SavePackage F:/Projects/Environment Challenge/Enviro_1/Enviro1/Content/Whiteboxing/Map/WHITEBOX.umap
[2017.05.22-00.25.49:579][483]Cmd: OBJ SAVEPACKAGE PACKAGE="/Game/Meshes/StaticMesh" FILE="F:/Projects/Environment Challenge/Enviro_1/Enviro1/Content/Meshes/StaticMesh.uasset" SILENT=true
[2017.05.22-00.25.49:607][483]LogSavePackage: Save=3.82ms
[2017.05.22-00.25.49:607][483]LogSavePackage: Moving 'F:/Projects/Environment Challenge/Enviro_1/Enviro1/Saved/StaticMesh5EA93259480DFFC21FD546A7EBD4F739.tmp' to 'F:/Projects/Environment Challenge/Enviro_1/Enviro1/Content/Meshes/StaticMesh.uasset'
[2017.05.22-00.25.49:680][483]LogSavePackage:Display: Finished SavePackage F:/Projects/Environment Challenge/Enviro_1/Enviro1/Content/Meshes/StaticMesh.uasset
[2017.05.22-00.25.49:737][483]LogWindowsTextInputMethodSystem:Display: IME system now deactivated.
[2017.05.22-00.25.49:978][484]Cmd: QUIT_EDITOR
[2017.05.22-00.25.50:109][484]LogExit: Preparing to exit.
[2017.05.22-00.25.51:583][484]LogExit: Editor shut down
[2017.05.22-00.25.51:584][484]LogExit: Transaction tracking system shut down
[2017.05.22-00.25.51:649][484]LogObj: Freed 0b from 0 cluster array pools.
[2017.05.22-00.25.51:649][484]LogExit: Object subsystem successfully closed.
[2017.05.22-00.25.51:666][484]LogD3D11RHI: Shutdown
[2017.05.22-00.25.51:666][484]LogD3D11RHI: CleanupD3DDevice
[2017.05.22-00.25.51:815][484]LogD3D11RHI: ~FD3D11DynamicRHI
[2017.05.22-00.25.51:824][484]LogModuleManager: Shutting down and abandoning module HierarchicalLODUtilities (506)
[2017.05.22-00.25.51:824][484]LogModuleManager: Shutting down and abandoning module StaticMeshEditor (504)
[2017.05.22-00.25.51:824][484]LogModuleManager: Shutting down and abandoning module HierarchicalLODOutliner (502)
[2017.05.22-00.25.51:824][484]LogModuleManager: Shutting down and abandoning module CrashTracker (500)
[2017.05.22-00.25.51:824][484]LogModuleManager: Shutting down and abandoning module SceneOutliner (498)
[2017.05.22-00.25.51:824][484]LogModuleManager: Shutting down and abandoning module AddContentDialog (496)
[2017.05.22-00.25.51:824][484]LogDirectoryWatcher: A directory notification for 'C:/Program Files/Epic Games/UE_4.15/FeaturePacks/' was aborted.
[2017.05.22-00.25.51:825][484]LogModuleManager: Shutting down and abandoning module WidgetCarousel (495)
[2017.05.22-00.25.51:825][484]LogModuleManager: Shutting down and abandoning module EditorWidgets (492)
[2017.05.22-00.25.51:825][484]LogModuleManager: Shutting down and abandoning module CollectionManager (490)
[2017.05.22-00.25.51:825][484]LogDirectoryWatcher: A directory notification for 'F:/Projects/Environment Challenge/Enviro_1/Enviro1/Content/Collections/' was aborted.
[2017.05.22-00.25.51:825][484]LogDirectoryWatcher: A directory notification for 'F:/Projects/Environment Challenge/Enviro_1/Enviro1/Content/Developers/DadPC/Collections/' was aborted.
[2017.05.22-00.25.51:825][484]LogDirectoryWatcher: A directory notification for 'F:/Projects/Environment Challenge/Enviro_1/Enviro1/Saved/Collections/' was aborted.
[2017.05.22-00.25.51:825][484]LogModuleManager: Shutting down and abandoning module StatsViewer (488)
[2017.05.22-00.25.51:825][484]LogModuleManager: Shutting down and abandoning module FoliageEdit (486)
[2017.05.22-00.25.51:825][484]LogModuleManager: Shutting down and abandoning module LandscapeEditor (484)
[2017.05.22-00.25.51:825][484]LogModuleManager: Shutting down and abandoning module SceneDepthPickerMode (482)
[2017.05.22-00.25.51:825][484]LogModuleManager: Shutting down and abandoning module ActorPickerMode (480)
[2017.05.22-00.25.51:825][484]LogModuleManager: Shutting down and abandoning module GeometryMode (478)
[2017.05.22-00.25.51:825][484]LogModuleManager: Shutting down and abandoning module TextureAlignMode (476)
[2017.05.22-00.25.51:825][484]LogModuleManager: Shutting down and abandoning module BspMode (474)
[2017.05.22-00.25.51:825][484]LogModuleManager: Shutting down and abandoning module HardwareSurvey (472)
[2017.05.22-00.25.51:825][484]LogModuleManager: Shutting down and abandoning module SequenceRecorderSections (470)
[2017.05.22-00.25.51:825][484]LogModuleManager: Shutting down and abandoning module AutomationWorker (468)
[2017.05.22-00.25.51:825][484]LogModuleManager: Shutting down and abandoning module MatineeToLevelSequence (466)
[2017.05.22-00.25.51:825][484]LogModuleManager: Shutting down and abandoning module LevelSequenceEditor (464)
[2017.05.22-00.25.51:825][484]LogModuleManager: Shutting down and abandoning module PlacementMode (463)
[2017.05.22-00.25.51:825][484]LogModuleManager: Shutting down and abandoning module WmfMediaFactory (460)
[2017.05.22-00.25.51:825][484]LogModuleManager: Shutting down and abandoning module WmfMediaEditor (458)
[2017.05.22-00.25.51:825][484]LogModuleManager: Shutting down and abandoning module MfMediaFactory (456)
[2017.05.22-00.25.51:825][484]LogModuleManager: Shutting down and abandoning module MfMediaEditor (454)
[2017.05.22-00.25.51:825][484]LogModuleManager: Shutting down and abandoning module AvfMediaFactory (452)
[2017.05.22-00.25.51:825][484]LogModuleManager: Shutting down and abandoning module AvfMediaEditor (450)
[2017.05.22-00.25.51:825][484]LogModuleManager: Shutting down and abandoning module AndroidMediaFactory (448)
[2017.05.22-00.25.51:825][484]LogModuleManager: Shutting down and abandoning module Media (447)
[2017.05.22-00.25.51:825][484]LogModuleManager: Shutting down and abandoning module AndroidMediaEditor (444)
[2017.05.22-00.25.51:825][484]LogModuleManager: Shutting down and abandoning module CharacterAI (442)
[2017.05.22-00.25.51:825][484]LogModuleManager: Shutting down and abandoning module AudioCapture (440)
[2017.05.22-00.25.51:825][484]LogModuleManager: Shutting down and abandoning module SequenceRecorder (439)
[2017.05.22-00.25.51:825][484]LogModuleManager: Shutting down and abandoning module SmartSnapping (436)
[2017.05.22-00.25.51:825][484]LogModuleManager: Shutting down and abandoning module SessionServices (434)
[2017.05.22-00.25.51:825][484]LogModuleManager: Shutting down and abandoning module ViewportSnapping (432)
[2017.05.22-00.25.51:825][484]LogModuleManager: Shutting down and abandoning module ViewportInteraction (430)
[2017.05.22-00.25.51:825][484]LogModuleManager: Shutting down and abandoning module LogVisualizer (428)
[2017.05.22-00.25.51:825][484]LogModuleManager: Shutting down and abandoning module IntroTutorials (426)
[2017.05.22-00.25.51:825][484]LogModuleManager: Shutting down and abandoning module GameProjectGeneration (425)
[2017.05.22-00.25.51:825][484]LogModuleManager: Shutting down and abandoning module EditorLiveStreaming (422)
[2017.05.22-00.25.51:825][484]LogModuleManager: Shutting down and abandoning module IOSPlatformEditor (420)
[2017.05.22-00.25.51:825][484]LogModuleManager: Shutting down and abandoning module HTML5PlatformEditor (418)
[2017.05.22-00.25.51:825][484]LogModuleManager: Shutting down and abandoning module AndroidPlatformEditor (416)
[2017.05.22-00.25.51:825][484]LogModuleManager: Shutting down and abandoning module AndroidDeviceDetection (415)
[2017.05.22-00.25.52:533][484]LogModuleManager: Shutting down and abandoning module IOSRuntimeSettings (412)
[2017.05.22-00.25.52:533][484]LogModuleManager: Shutting down and abandoning module AndroidRuntimeSettings (410)
[2017.05.22-00.25.52:533][484]LogModuleManager: Shutting down and abandoning module InputBindingEditor (408)
[2017.05.22-00.25.52:533][484]LogModuleManager: Shutting down and abandoning module NiagaraEditor (406)
[2017.05.22-00.25.52:533][484]LogModuleManager: Shutting down and abandoning module MergeActors (404)
[2017.05.22-00.25.52:533][484]LogModuleManager: Shutting down and abandoning module SizeMap (402)
[2017.05.22-00.25.52:533][484]LogModuleManager: Shutting down and abandoning module TreeMap (400)
[2017.05.22-00.25.52:533][484]LogModuleManager: Shutting down and abandoning module ReferenceViewer (398)
[2017.05.22-00.25.52:533][484]LogModuleManager: Shutting down and abandoning module LocalizationDashboard (396)
[2017.05.22-00.25.52:534][484]LogModuleManager: Shutting down and abandoning module LocalizationService (395)
[2017.05.22-00.25.52:534][484]LogModuleManager: Shutting down and abandoning module HardwareTargeting (392)
[2017.05.22-00.25.52:534][484]LogModuleManager: Shutting down and abandoning module DeviceProfileEditor (390)
[2017.05.22-00.25.52:534][484]LogModuleManager: Shutting down and abandoning module UndoHistory (388)
[2017.05.22-00.25.52:534][484]LogModuleManager: Shutting down and abandoning module UserFeedback (386)
[2017.05.22-00.25.52:534][484]LogModuleManager: Shutting down and abandoning module XmlParser (384)
[2017.05.22-00.25.52:534][484]LogModuleManager: Shutting down and abandoning module Blutility (382)
[2017.05.22-00.25.52:534][484]LogModuleManager: Shutting down and abandoning module ProjectSettingsViewer (380)
[2017.05.22-00.25.52:534][484]LogModuleManager: Shutting down and abandoning module ProjectTargetPlatformEditor (379)
[2017.05.22-00.25.52:534][484]LogModuleManager: Shutting down and abandoning module EditorSettingsViewer (376)
[2017.05.22-00.25.52:534][484]LogModuleManager: Shutting down and abandoning module SettingsEditor (374)
[2017.05.22-00.25.52:534][484]LogModuleManager: Shutting down and abandoning module ProjectLauncher (372)
[2017.05.22-00.25.52:534][484]LogModuleManager: Shutting down and abandoning module SessionFrontend (370)
[2017.05.22-00.25.52:535][484]LogModuleManager: Shutting down and abandoning module ProfilerClient (368)
[2017.05.22-00.25.52:535][484]LogModuleManager: Shutting down and abandoning module DeviceManager (366)
[2017.05.22-00.25.52:535][484]LogModuleManager: Shutting down and abandoning module TargetDeviceServices (365)
[2017.05.22-00.25.52:578][484]LogModuleManager: Shutting down and abandoning module AutomationController (362)
[2017.05.22-00.25.52:578][484]LogModuleManager: Shutting down and abandoning module AutomationWindow (360)
[2017.05.22-00.25.52:578][484]LogModuleManager: Shutting down and abandoning module Layers (358)
[2017.05.22-00.25.52:578][484]LogModuleManager: Shutting down and abandoning module ComponentVisualizers (356)
[2017.05.22-00.25.52:578][484]LogModuleManager: Shutting down and abandoning module DetailCustomizations (354)
[2017.05.22-00.25.52:578][484]LogModuleManager: Shutting down and abandoning module PackagesDialog (352)
[2017.05.22-00.25.52:578][484]LogModuleManager: Shutting down and abandoning module Persona (350)
[2017.05.22-00.25.52:578][484]LogModuleManager: Shutting down and abandoning module AnimGraph (349)
[2017.05.22-00.25.52:578][484]LogModuleManager: Shutting down and abandoning module Kismet (346)
[2017.05.22-00.25.52:579][484]LogModuleManager: Shutting down and abandoning module GraphEditor (344)
[2017.05.22-00.25.52:579][484]LogModuleManager: Shutting down and abandoning module ClassViewer (342)
[2017.05.22-00.25.52:580][484]LogModuleManager: Shutting down and abandoning module Toolbox (340)
[2017.05.22-00.25.52:580][484]LogModuleManager: Shutting down and abandoning module ModuleUI (338)
[2017.05.22-00.25.52:580][484]LogModuleManager: Shutting down and abandoning module MovieSceneTools (336)
[2017.05.22-00.25.52:580][484]LogModuleManager: Shutting down and abandoning module OutputLog (334)
[2017.05.22-00.25.52:580][484]LogModuleManager: Shutting down and abandoning module GammaUI (332)
[2017.05.22-00.25.52:580][484]LogModuleManager: Shutting down and abandoning module Documentation (330)
[2017.05.22-00.25.52:580][484]LogModuleManager: Shutting down and abandoning module Niagara (328)
[2017.05.22-00.25.52:580][484]LogModuleManager: Shutting down and abandoning module StreamingPauseRendering (326)
[2017.05.22-00.25.52:580][484]LogModuleManager: Shutting down and abandoning module AnalyticsET (324)
[2017.05.22-00.25.52:580][484]LogModuleManager: Shutting down and abandoning module PortalServices (322)
[2017.05.22-00.25.52:580][484]LogModuleManager: Shutting down and abandoning module PortalRpc (320)
[2017.05.22-00.25.52:580][484]LogModuleManager: Shutting down and abandoning module MessagingRpc (318)
[2017.05.22-00.25.52:580][484]LogModuleManager: Shutting down and abandoning module AIModule (316)
[2017.05.22-00.25.52:580][484]LogModuleManager: Shutting down and abandoning module GameplayDebugger (315)
[2017.05.22-00.25.52:580][484]LogModuleManager: Shutting down and abandoning module AITestSuite (313)
[2017.05.22-00.25.52:580][484]LogModuleManager: Shutting down and abandoning module ProfilerService (310)
[2017.05.22-00.25.52:688][484]LogModuleManager: Shutting down and abandoning module TaskGraph (308)
[2017.05.22-00.25.52:688][484]LogModuleManager: Shutting down and abandoning module SubstanceEditor (306)
[2017.05.22-00.25.52:688][484]LogModuleManager: Shutting down and abandoning module SteamVRController (304)
[2017.05.22-00.25.52:688][484]LogModuleManager: Shutting down and abandoning module SteamVR (302)
[2017.05.22-00.25.52:688][484]LogModuleManager: Shutting down and abandoning module ProceduralMeshComponentEditor (300)
[2017.05.22-00.25.52:688][484]LogModuleManager: Shutting down and abandoning module ProceduralMeshComponent (298)
[2017.05.22-00.25.52:688][484]LogModuleManager: Shutting down and abandoning module OculusLibrary (296)
[2017.05.22-00.25.52:688][484]LogModuleManager: Shutting down and abandoning module OculusInput (294)
[2017.05.22-00.25.52:688][484]LogModuleManager: Shutting down and abandoning module MobilePatchingUtils (292)
[2017.05.22-00.25.52:688][484]LogModuleManager: Shutting down and abandoning module CustomMeshComponent (290)
[2017.05.22-00.25.52:688][484]LogModuleManager: Shutting down and abandoning module CableComponent (288)
[2017.05.22-00.25.52:688][484]LogModuleManager: Shutting down and abandoning module ArchVisCharacter (286)
[2017.05.22-00.25.52:688][484]LogModuleManager: Shutting down and abandoning module MediaPlayerEditor (282)
[2017.05.22-00.25.52:688][484]LogModuleManager: Shutting down and abandoning module HTML5Networking (280)
[2017.05.22-00.25.52:688][484]LogModuleManager: Shutting down and abandoning module AlembicImporter (278)
[2017.05.22-00.25.52:688][484]LogModuleManager: Shutting down and abandoning module AlembicLibrary (277)
[2017.05.22-00.25.52:689][484]LogModuleManager: Shutting down and abandoning module GeometryCache (276)
[2017.05.22-00.25.52:689][484]LogModuleManager: Shutting down and abandoning module GeometryCacheEd (275)
[2017.05.22-00.25.52:689][484]LogModuleManager: Shutting down and abandoning module SuperSearchEditor (270)
[2017.05.22-00.25.52:689][484]LogModuleManager: Shutting down and abandoning module SuperSearch (269)
[2017.05.22-00.25.52:689][484]LogModuleManager: Shutting down and abandoning module SpeedTreeImporter (266)
[2017.05.22-00.25.52:689][484]LogModuleManager: Shutting down and abandoning module PluginBrowser (264)
[2017.05.22-00.25.52:689][484]LogModuleManager: Shutting down and abandoning module MobileLauncherProfileWizard (262)
[2017.05.22-00.25.52:689][484]LogModuleManager: Shutting down and abandoning module EpicSurvey (260)
[2017.05.22-00.25.52:689][484]LogModuleManager: Shutting down and abandoning module VisualStudioSourceCodeAccess (258)
[2017.05.22-00.25.52:689][484]LogModuleManager: Shutting down and abandoning module DesktopPlatform (257)
[2017.05.22-00.25.52:689][484]LogModuleManager: Shutting down and abandoning module UObjectPlugin (254)
[2017.05.22-00.25.52:689][484]LogModuleManager: Shutting down and abandoning module SubversionSourceControl (252)
[2017.05.22-00.25.52:689][484]LogModuleManager: Shutting down and abandoning module PerforceSourceControl (250)
[2017.05.22-00.25.52:689][484]LogModuleManager: Shutting down and abandoning module GitSourceControl (248)
[2017.05.22-00.25.52:689][484]LogModuleManager: Shutting down and abandoning module SourceControl (247)
[2017.05.22-00.25.52:689][484]LogModuleManager: Shutting down and abandoning module LightPropagationVolumeEditor (244)
[2017.05.22-00.25.52:689][484]LogModuleManager: Shutting down and abandoning module PaperTiledImporter (242)
[2017.05.22-00.25.52:689][484]LogModuleManager: Shutting down and abandoning module PaperSpriteSheetImporter (240)
[2017.05.22-00.25.52:689][484]LogModuleManager: Shutting down and abandoning module Paper2DEditor (238)
[2017.05.22-00.25.52:689][484]LogModuleManager: Shutting down and abandoning module MeshPaint (237)
[2017.05.22-00.25.52:690][484]LogModuleManager: Shutting down and abandoning module LevelEditor (235)
[2017.05.22-00.25.52:692][484]LogModuleManager: Shutting down and abandoning module PixelInspectorModule (234)
[2017.05.22-00.25.52:692][484]LogModuleManager: Shutting down and abandoning module MainFrame (232)
[2017.05.22-00.25.52:692][484]LogModuleManager: Shutting down and abandoning module HotReload (231)
[2017.05.22-00.25.52:693][484]LogModuleManager: Shutting down and abandoning module ContentBrowser (227)
[2017.05.22-00.25.52:694][484]LogModuleManager: Shutting down and abandoning module PhysXVehiclesEditor (224)
[2017.05.22-00.25.52:694][484]LogModuleManager: Shutting down and abandoning module PhysXVehicles (222)
[2017.05.22-00.25.52:694][484]LogModuleManager: Shutting down and abandoning module LocationServicesBPLibrary (220)
[2017.05.22-00.25.52:694][484]LogModuleManager: Shutting down and abandoning module UdpMessaging (218)
[2017.05.22-00.25.52:794][484]LogModuleManager: Shutting down and abandoning module TcpMessaging (216)
[2017.05.22-00.25.52:895][484]LogModuleManager: Shutting down and abandoning module SubstanceCore (214)
[2017.05.22-00.25.52:895][484]LogModuleManager: Shutting down and abandoning module GameplayTagsEditor (212)
[2017.05.22-00.25.52:895][484]LogModuleManager: Shutting down and abandoning module FacialAnimationEditor (210)
[2017.05.22-00.25.52:895][484]LogModuleManager: Shutting down and abandoning module FacialAnimation (208)
[2017.05.22-00.25.52:895][484]LogModuleManager: Shutting down and abandoning module LightPropagationVolumeRuntime (206)
[2017.05.22-00.25.52:895][484]LogModuleManager: Shutting down and abandoning module Paper2D (204)
[2017.05.22-00.25.52:895][484]LogModuleManager: Shutting down and abandoning module WindowsMoviePlayer (202)
[2017.05.22-00.25.52:895][484]LogModuleManager: Shutting down and abandoning module WmfMedia (200)
[2017.05.22-00.25.52:895][484]LogModuleManager: Shutting down and abandoning module MfMedia (198)
[2017.05.22-00.25.52:895][484]LogModuleManager: Shutting down and abandoning module MediaAssets (196)
[2017.05.22-00.25.52:895][484]LogModuleManager: Shutting down and abandoning module GameLiveStreaming (194)
[2017.05.22-00.25.52:895][484]LogModuleManager: Shutting down and abandoning module VREditor (192)
[2017.05.22-00.25.52:896][484]LogModuleManager: Shutting down and abandoning module GameplayTasksEditor (190)
[2017.05.22-00.25.52:896][484]LogModuleManager: Shutting down and abandoning module BehaviorTreeEditor (188)
[2017.05.22-00.25.52:896][484]LogModuleManager: Shutting down and abandoning module FunctionalTesting (186)
[2017.05.22-00.25.52:896][484]LogModuleManager: Shutting down and abandoning module CollisionAnalyzer (184)
[2017.05.22-00.25.52:896][484]LogModuleManager: Shutting down and abandoning module UMG (182)
[2017.05.22-00.25.52:896][484]LogModuleManager: Shutting down and abandoning module UMGEditor (181)
[2017.05.22-00.25.52:896][484]LogModuleManager: Shutting down and abandoning module Sequencer (180)
[2017.05.22-00.25.52:896][484]LogModuleManager: Shutting down and abandoning module AssetTools (178)
[2017.05.22-00.25.52:896][484]LogModuleManager: Shutting down and abandoning module MessageLog (177)
[2017.05.22-00.25.52:896][484]LogModuleManager: Shutting down and abandoning module WorkspaceMenuStructure (176)
[2017.05.22-00.25.52:896][484]LogModuleManager: Shutting down and abandoning module SlateReflector (170)
[2017.05.22-00.25.52:896][484]LogModuleManager: Shutting down and abandoning module Slate (168)
[2017.05.22-00.25.52:896][484]LogModuleManager: Shutting down and abandoning module EditorStyle (166)
[2017.05.22-00.25.52:904][484]LogModuleManager: Shutting down and abandoning module SourceCodeAccess (164)
[2017.05.22-00.25.52:904][484]LogModuleManager: Shutting down and abandoning module HeadMountedDisplay (162)
[2017.05.22-00.25.52:904][484]LogModuleManager: Shutting down and abandoning module XAudio2 (160)
[2017.05.22-00.25.52:904][484]LogModuleManager: Shutting down and abandoning module Networking (158)
[2017.05.22-00.25.52:904][484]LogModuleManager: Shutting down and abandoning module Core (154)
[2017.05.22-00.25.52:904][484]LogModuleManager: Shutting down and abandoning module AssetRegistry (152)
[2017.05.22-00.25.53:141][484]LogDirectoryWatcher: A directory notification for '../../../Engine/Content/' was aborted.
[2017.05.22-00.25.53:141][484]LogDirectoryWatcher: A directory notification for 'F:/Projects/Environment Challenge/Enviro_1/Enviro1/Content/' was aborted.
[2017.05.22-00.25.53:141][484]LogDirectoryWatcher: A directory notification for '../../../Engine/Plugins/2D/Paper2D/Content/' was aborted.
[2017.05.22-00.25.53:141][484]LogModuleManager: Shutting down and abandoning module DirectoryWatcher (151)
[2017.05.22-00.25.53:141][484]LogModuleManager: Shutting down and abandoning module KismetCompiler (148)
[2017.05.22-00.25.53:141][484]LogModuleManager: Shutting down and abandoning module PhysXFormats (146)
[2017.05.22-00.25.53:141][484]LogModuleManager: Shutting down and abandoning module MeshUtilities (144)
[2017.05.22-00.25.53:141][484]LogModuleManager: Shutting down and abandoning module SimplygonSwarm (143)
[2017.05.22-00.25.53:141][484]LogModuleManager: Shutting down and abandoning module SimplygonMeshReduction (141)
[2017.05.22-00.25.53:141][484]LogModuleManager: Shutting down and abandoning module QuadricMeshReduction (139)
[2017.05.22-00.25.53:141][484]LogModuleManager: Shutting down and abandoning module PropertyEditor (137)
[2017.05.22-00.25.53:141][484]LogModuleManager: Shutting down and abandoning module DerivedDataCache (134)
[2017.05.22-00.25.53:210][484]LogDerivedDataCache: Shutdown
[2017.05.22-00.25.53:210][484]LogModuleManager: Shutting down and abandoning module TargetPlatform (132)
[2017.05.22-00.25.53:210][484]LogModuleManager: Shutting down and abandoning module VulkanShaderFormat (131)
[2017.05.22-00.25.53:210][484]LogModuleManager: Shutting down and abandoning module ShaderFormatOpenGL (129)
[2017.05.22-00.25.53:210][484]LogModuleManager: Shutting down and abandoning module ShaderFormatD3D (127)
[2017.05.22-00.25.53:210][484]LogModuleManager: Shutting down and abandoning module MetalShaderFormat (125)
[2017.05.22-00.25.53:210][484]LogModuleManager: Shutting down and abandoning module TextureFormatUncompressed (123)
[2017.05.22-00.25.53:210][484]LogModuleManager: Shutting down and abandoning module TextureFormatPVR (121)
[2017.05.22-00.25.53:210][484]LogModuleManager: Shutting down and abandoning module TextureFormatDXT (119)
[2017.05.22-00.25.53:210][484]LogModuleManager: Shutting down and abandoning module TextureFormatIntelISPCTexComp (117)
[2017.05.22-00.25.53:210][484]LogModuleManager: Shutting down and abandoning module TextureFormatASTC (115)
[2017.05.22-00.25.53:210][484]LogModuleManager: Shutting down and abandoning module ImageWrapper (114)
[2017.05.22-00.25.53:210][484]LogModuleManager: Shutting down and abandoning module TextureFormatAndroid (111)
[2017.05.22-00.25.53:210][484]LogModuleManager: Shutting down and abandoning module AudioFormatOpus (109)
[2017.05.22-00.25.53:210][484]LogModuleManager: Shutting down and abandoning module AudioFormatOgg (107)
[2017.05.22-00.25.53:210][484]LogModuleManager: Shutting down and abandoning module AudioFormatADPCM (105)
[2017.05.22-00.25.53:210][484]LogModuleManager: Shutting down and abandoning module LinuxTargetPlatform (103)
[2017.05.22-00.25.53:210][484]LogModuleManager: Shutting down and abandoning module LinuxServerTargetPlatform (101)
[2017.05.22-00.25.53:210][484]LogModuleManager: Shutting down and abandoning module LinuxNoEditorTargetPlatform (99)
[2017.05.22-00.25.53:210][484]LogModuleManager: Shutting down and abandoning module LinuxClientTargetPlatform (97)
[2017.05.22-00.25.53:210][484]LogModuleManager: Shutting down and abandoning module TVOSTargetPlatform (95)
[2017.05.22-00.25.53:210][484]LogModuleManager: Shutting down and abandoning module Messaging (93)
[2017.05.22-00.25.53:210][484]LogModuleManager: Shutting down and abandoning module IOSTargetPlatform (91)
[2017.05.22-00.25.53:211][484]LogModuleManager: Shutting down and abandoning module HTML5TargetPlatform (89)
[2017.05.22-00.25.53:211][484]LogModuleManager: Shutting down and abandoning module Android_PVRTCTargetPlatform (87)
[2017.05.22-00.25.53:211][484]LogModuleManager: Shutting down and abandoning module Android_MultiTargetPlatform (85)
[2017.05.22-00.25.53:211][484]LogModuleManager: Shutting down and abandoning module Android_ETC2TargetPlatform (83)
[2017.05.22-00.25.53:211][484]LogModuleManager: Shutting down and abandoning module Android_ETC1TargetPlatform (81)
[2017.05.22-00.25.53:211][484]LogModuleManager: Shutting down and abandoning module Android_DXTTargetPlatform (79)
[2017.05.22-00.25.53:211][484]LogModuleManager: Shutting down and abandoning module Android_ATCTargetPlatform (77)
[2017.05.22-00.25.53:211][484]LogModuleManager: Shutting down and abandoning module Android_ASTCTargetPlatform (75)
[2017.05.22-00.25.53:211][484]LogModuleManager: Shutting down and abandoning module AndroidTargetPlatform (73)
[2017.05.22-00.25.53:211][484]LogModuleManager: Shutting down and abandoning module WindowsTargetPlatform (71)
[2017.05.22-00.25.53:211][484]LogModuleManager: Shutting down and abandoning module WindowsServerTargetPlatform (69)
[2017.05.22-00.25.53:211][484]LogModuleManager: Shutting down and abandoning module WindowsNoEditorTargetPlatform (67)
[2017.05.22-00.25.53:211][484]LogModuleManager: Shutting down and abandoning module WindowsClientTargetPlatform (65)
[2017.05.22-00.25.53:211][484]LogModuleManager: Shutting down and abandoning module MacTargetPlatform (63)
[2017.05.22-00.25.53:211][484]LogModuleManager: Shutting down and abandoning module MacServerTargetPlatform (61)
[2017.05.22-00.25.53:211][484]LogModuleManager: Shutting down and abandoning module MacNoEditorTargetPlatform (59)
[2017.05.22-00.25.53:211][484]LogModuleManager: Shutting down and abandoning module MacClientTargetPlatform (57)
[2017.05.22-00.25.53:211][484]LogModuleManager: Shutting down and abandoning module AllDesktopTargetPlatform (55)
[2017.05.22-00.25.53:211][484]LogModuleManager: Shutting down and abandoning module InputCore (52)
[2017.05.22-00.25.53:211][484]LogModuleManager: Shutting down and abandoning module Settings (50)
[2017.05.22-00.25.53:211][484]LogModuleManager: Shutting down and abandoning module OculusRift (48)
[2017.05.22-00.25.53:211][484]LogModuleManager: Shutting down and abandoning module GearVR (46)
[2017.05.22-00.25.53:211][484]LogModuleManager: Shutting down and abandoning module ExampleDeviceProfileSelector (44)
[2017.05.22-00.25.53:211][484]LogModuleManager: Shutting down and abandoning module OnlineBlueprintSupport (42)
[2017.05.22-00.25.53:211][484]LogModuleManager: Shutting down and abandoning module OnlineSubsystem (38)
[2017.05.22-00.25.53:211][484]LogOnline:Display: Unloading online subsystem: NULL
[2017.05.22-00.25.53:211][484]LogModuleManager: Shutting down and abandoning module XMPP (37)
[2017.05.22-00.25.53:212][484]LogModuleManager: Shutting down and abandoning module HTTP (35)
[2017.05.22-00.25.53:212][484]LogHttp:Display: Http module shutting down, but needs to wait on 1 outstanding Http requests:
[2017.05.22-00.25.53:212][484]LogHttp:Display: 	verb=[POST] url=[https://datarouter.ol.epicgames.com/datarouter/api/v1/public/data?SessionID=%7BADC05298-42CD-8584-93CC-A4945281FF1E%7D&AppID=UEEditor.Rocket.Release&AppVersion=4.15.2-3416026%2B%2B%2BUE4%2BRelease-4.15&UserID=76be9e0d4bf666b328e2d6a77288e11a%7Cd2e90465e53c4e38aa585c6f39e2de54%7C547c6589-7de2-45ed-b294-b3c0b54288c5&AppEnvironment=datacollector-binary&UploadType=eteventstream] status=Processing
[2017.05.22-00.25.53:233][484]LogModuleManager: Shutting down and abandoning module SSL (34)
[2017.05.22-00.25.53:236][484]LogModuleManager: Shutting down and abandoning module AudioEditor (30)
[2017.05.22-00.25.53:236][484]LogModuleManager: Shutting down and abandoning module TextureCompressor (28)
[2017.05.22-00.25.53:236][484]LogModuleManager: Shutting down and abandoning module ShaderCore (26)
[2017.05.22-00.25.53:236][484]LogModuleManager: Shutting down and abandoning module Landscape (24)
[2017.05.22-00.25.53:236][484]LogModuleManager: Shutting down and abandoning module SlateRHIRenderer (22)
[2017.05.22-00.25.53:236][484]LogModuleManager: Shutting down and abandoning module OpenGLDrv (20)
[2017.05.22-00.25.53:236][484]LogModuleManager: Shutting down and abandoning module D3D11RHI (18)
[2017.05.22-00.25.53:236][484]LogModuleManager: Shutting down and abandoning module AnimGraphRuntime (16)
[2017.05.22-00.25.53:236][484]LogModuleManager: Shutting down and abandoning module Renderer (14)
[2017.05.22-00.25.53:236][484]LogModuleManager: Shutting down and abandoning module Engine (12)
[2017.05.22-00.25.53:236][484]LogModuleManager: Shutting down and abandoning module CoreUObject (10)
[2017.05.22-00.25.53:236][484]LogModuleManager: Shutting down and abandoning module NetworkFile (8)
[2017.05.22-00.25.53:236][484]LogModuleManager: Shutting down and abandoning module StreamingFile (6)
[2017.05.22-00.25.53:236][484]LogModuleManager: Shutting down and abandoning module SandboxFile (4)
[2017.05.22-00.25.53:236][484]LogModuleManager: Shutting down and abandoning module PakFile (2)
[2017.05.22-00.25.53:237][484]LogExit: Exiting.
[2017.05.22-00.25.53:246][484]Log file closed, 05/21/17 18:25:53
