Log file open, 05/24/17 14:38:17
LogInit:Display: Running engine for game: Enviro1
LogPlatformFile: Not using cached read wrapper
LogInit:Display: RandInit(-1233493282) SRandInit(-1233493282).
LogTaskGraph: Started task graph with 5 named threads and 8 total threads with 1 sets of task threads.
LogStats: Stats thread started at 0.094175
LogInit: Using libcurl 7.47.1
LogInit:  - built for x86_64-pc-win32
LogInit:  - supports SSL with OpenSSL/1.0.2g
LogInit:  - supports HTTP deflate (compression) using libz 1.2.8
LogInit:  - other features:
LogInit:      CURL_VERSION_SSL
LogInit:      CURL_VERSION_LIBZ
LogInit:      CURL_VERSION_IPV6
LogInit:      CURL_VERSION_ASYNCHDNS
LogInit:      CURL_VERSION_LARGEFILE
LogInit:      CURL_VERSION_IDN
LogInit:  CurlRequestOptions (configurable via config and command line):
LogInit:  - bVerifyPeer = false  - Libcurl will NOT verify peer certificate
LogInit:  - bUseHttpProxy = false  - Libcurl will NOT use HTTP proxy
LogInit:  - bDontReuseConnections = false  - Libcurl will reuse connections
LogInit:  - CertBundlePath = nullptr  - Libcurl will use whatever was configured at build time.
LogInit: Build: ++UE4+Release-4.15-CL-3416026
LogInit: Engine Version: 4.15.2-3416026+++UE4+Release-4.15
LogInit: Compatible Engine Version: 4.15.0-3299760+++UE4+Release-4.15
LogInit: Net CL: 3299760
LogDevObjectVersion: Number of dev versions registered: 14
LogDevObjectVersion:   Dev-Blueprints (B0D832E4-1F89-4F0D-ACCF-7EB736FD4AA2): 8
LogDevObjectVersion:   Dev-Build (E1C64328-A22C-4D53-A36C-8E866417BD8C): 0
LogDevObjectVersion:   Dev-Core (375EC13C-06E4-48FB-B500-84F0262A717E): 2
LogDevObjectVersion:   Dev-Editor (E4B068ED-F494-42E9-A231-DA0B2E46BB41): 14
LogDevObjectVersion:   Dev-Framework (CFFC743F-43B0-4480-9391-14DF171D2073): 22
LogDevObjectVersion:   Dev-Mobile (B02B49B5-BB20-44E9-A304-32B752E40360): 0
LogDevObjectVersion:   Dev-Networking (A4E4105C-59A1-49B5-A7C5-40C4547EDFEE): 0
LogDevObjectVersion:   Dev-Online (39C831C9-5AE6-47DC-9A44-9C173E1C8E7C): 0
LogDevObjectVersion:   Dev-Physics (78F01B33-EBEA-4F98-B9B4-84EACCB95AA2): 0
LogDevObjectVersion:   Dev-Platform (6631380F-2D4D-43E0-8009-CF276956A95A): 0
LogDevObjectVersion:   Dev-Rendering (12F88B9F-8875-4AFC-A67C-D90C383ABD29): 12
LogDevObjectVersion:   Dev-Sequencer (7B5AE74C-D270-4C10-A958-57980B212A5A): 3
LogDevObjectVersion:   Dev-VR (D7296918-1DD6-4BDD-9DE2-64A83CC13884): 0
LogDevObjectVersion:   Dev-LoadTimes (C2A15278-BFE7-4AFE-6C17-90FF531DF755): 1
LogInit: Compiled (64-bit): May  1 2017 13:11:28
LogInit: Compiled with Visual C++: 19.00.23026.00
LogInit: Build Configuration: Development
LogInit: Branch Name: ++UE4+Release-4.15
LogInit: Command line:  
LogInit: Base directory: C:/Program Files/Epic Games/UE_4.15/Engine/Binaries/Win64/
LogInit: Installed Engine Build: 1
LogInit: Presizing for max 8388607 objects, including 0 objects not considered by GC, pre-allocating 0 bytes for permanent pool.
LogInit: Object subsystem initialized
[2017.05.24-20.38.19:166][  0]LogInit: Selected Device Profile: [Windows]
[2017.05.24-20.38.19:166][  0]LogInit: Applying CVar settings loaded from the selected device profile: [Windows]
[2017.05.24-20.38.19:196][  0]LogInit: Computer: TBPC-07
[2017.05.24-20.38.19:197][  0]LogInit: User: u0992726
[2017.05.24-20.38.19:197][  0]LogInit: CPU Page size=65536, Cores=4
[2017.05.24-20.38.19:197][  0]LogInit: High frequency timer resolution =3.117812 MHz
[2017.05.24-20.38.19:197][  0]LogMemory: Memory total: Physical=16.0GB (16GB approx)
[2017.05.24-20.38.19:197][  0]LogMemory: Platform Memory Stats for Windows
[2017.05.24-20.38.19:197][  0]LogMemory: Process Physical Memory: 262.23 MB used, 262.23 MB peak
[2017.05.24-20.38.19:197][  0]LogMemory: Process Virtual Memory: 263.45 MB used, 263.45 MB peak
[2017.05.24-20.38.19:197][  0]LogMemory: Physical Memory: 5757.23 MB used,  10578.89 MB free, 16336.13 MB total
[2017.05.24-20.38.19:197][  0]LogMemory: Virtual Memory: 622.75 MB used,  10578.89 MB free, 8388608.00 MB total
[2017.05.24-20.38.19:342][  0]LogTextLocalizationManager: No specific translations for ('en-US') exist, so ('en') translations will be used.
[2017.05.24-20.38.20:155][  0]LogD3D11RHI: D3D11 adapters:
[2017.05.24-20.38.20:173][  0]LogD3D11RHI:    0. 'NVIDIA GeForce GT 730  ' (Feature Level 11_0)
[2017.05.24-20.38.20:173][  0]LogD3D11RHI:       1974/0/2048 MB DedicatedVideo/DedicatedSystem/SharedSystem, Outputs:1, VendorId:0x10de
[2017.05.24-20.38.20:173][  0]LogD3D11RHI: Chosen D3D11 Adapter: 0
[2017.05.24-20.38.20:180][  0]LogD3D11RHI: Creating new Direct3DDevice
[2017.05.24-20.38.20:180][  0]LogD3D11RHI:     GPU DeviceId: 0x1287 (for the marketing name, search the web for "GPU Device Id")
[2017.05.24-20.38.20:180][  0]LogWindows: EnumDisplayDevices:
[2017.05.24-20.38.20:180][  0]LogWindows:    0. 'NVIDIA GeForce GT 730  ' (P:1 D:1)
[2017.05.24-20.38.20:181][  0]LogWindows:    1. 'NVIDIA GeForce GT 730  ' (P:0 D:0)
[2017.05.24-20.38.20:181][  0]LogWindows:    2. 'NVIDIA GeForce GT 730  ' (P:0 D:0)
[2017.05.24-20.38.20:181][  0]LogWindows:    3. 'RDPDD Chained DD' (P:0 D:0)
[2017.05.24-20.38.20:181][  0]LogWindows:    4. 'RDP Encoder Mirror Driver' (P:0 D:0)
[2017.05.24-20.38.20:181][  0]LogWindows:    5. 'RDP Reflector Display Driver' (P:0 D:0)
[2017.05.24-20.38.20:181][  0]LogWindows: DebugString: GetVideoDriverDetailsInvalid PrimaryIsNotTheChoosenAdapter GetVideoDriverDetailsInvalid PrimaryIsNotTheChoosenAdapter GetVideoDriverDetailsInvalid PrimaryIsNotTheChoosenAdapter FoundDriverCount:3 
[2017.05.24-20.38.20:181][  0]LogD3D11RHI:     Adapter Name: NVIDIA GeForce GT 730  
[2017.05.24-20.38.20:181][  0]LogD3D11RHI:   Driver Version: 347.52 (internal:9.18.13.4752, unified:347.52)
[2017.05.24-20.38.20:181][  0]LogD3D11RHI:      Driver Date: 2-5-2015
[2017.05.24-20.38.20:181][  0]LogRHI: Texture pool is 1361 MB (70% of 1945 MB)
[2017.05.24-20.38.20:192][  0]LogD3D11RHI:Warning: Timestamp queries are currently disabled on this hardware due to instability. Realtime GPU stats will not be available. You can override this behaviour by setting r.NVIDIATimestampWorkaround to 0
[2017.05.24-20.38.20:193][  0]LogD3D11RHI: NvAPI_D3D_GetCurrentSLIState failed: 0xfffffff7
[2017.05.24-20.38.20:193][  0]LogD3D11RHI: [Aftermath] Aftermath enabled but failed to initialize due to reason: DriverVersionNotSupported
[2017.05.24-20.38.20:193][  0]LogD3D11RHI: Async texture creation enabled
[2017.05.24-20.38.20:211][  0]LogD3D11RHI: GPU Timing Frequency: 1000.000000 (Debug: 2 2)
[2017.05.24-20.38.20:213][  0]LogShaderCompilers: Guid format shader working directory is -1 characters bigger than the processId version (G:/Projects/Environment Challenge/Enviro_1/Enviro1/Intermediate/Shaders/WorkingDirectory/2108/).
[2017.05.24-20.38.20:213][  0]LogShaderCompilers: Cleaned the shader compiler working directory 'C:/Users/u0992726/AppData/Local/Temp/UnrealShaderWorkingDir/7AD963B14DAFD8B21F08C498A805A18C/'.
[2017.05.24-20.38.20:213][  0]LogShaderCompilers:Display: Using Local Shader Compiler.
[2017.05.24-20.38.22:097][  0]LogTemp:Display: Loaded TP AllDesktopTargetPlatform
[2017.05.24-20.38.22:181][  0]LogTemp:Display: Loaded TP MacClientTargetPlatform
[2017.05.24-20.38.22:266][  0]LogTemp:Display: Loaded TP MacNoEditorTargetPlatform
[2017.05.24-20.38.22:354][  0]LogTemp:Display: Loaded TP MacServerTargetPlatform
[2017.05.24-20.38.22:446][  0]LogTemp:Display: Loaded TP MacTargetPlatform
[2017.05.24-20.38.22:531][  0]LogTemp:Display: Loaded TP WindowsClientTargetPlatform
[2017.05.24-20.38.22:616][  0]LogTemp:Display: Loaded TP WindowsNoEditorTargetPlatform
[2017.05.24-20.38.22:703][  0]LogTemp:Display: Loaded TP WindowsServerTargetPlatform
[2017.05.24-20.38.22:779][  0]LogTemp:Display: Loaded TP WindowsTargetPlatform
[2017.05.24-20.38.22:862][  0]LogTemp:Display: Loaded TP AndroidTargetPlatform
[2017.05.24-20.38.22:947][  0]LogTemp:Display: Loaded TP Android_ASTCTargetPlatform
[2017.05.24-20.38.23:035][  0]LogTemp:Display: Loaded TP Android_ATCTargetPlatform
[2017.05.24-20.38.23:118][  0]LogTemp:Display: Loaded TP Android_DXTTargetPlatform
[2017.05.24-20.38.23:202][  0]LogTemp:Display: Loaded TP Android_ETC1TargetPlatform
[2017.05.24-20.38.23:286][  0]LogTemp:Display: Loaded TP Android_ETC2TargetPlatform
[2017.05.24-20.38.23:457][  0]LogTemp:Display: Loaded TP Android_MultiTargetPlatform
[2017.05.24-20.38.23:457][  0]LogTemp:Display: Loaded TP Android_PVRTCTargetPlatform
[2017.05.24-20.38.23:529][  0]LogTemp:Display: Loaded TP HTML5TargetPlatform
[2017.05.24-20.38.23:669][  0]LogTemp:Display: Loaded TP IOSTargetPlatform
[2017.05.24-20.38.23:720][  0]LogTemp:Display: Loaded TP TVOSTargetPlatform
[2017.05.24-20.38.23:803][  0]LogTemp:Display: Loaded TP LinuxClientTargetPlatform
[2017.05.24-20.38.23:888][  0]LogTemp:Display: Loaded TP LinuxNoEditorTargetPlatform
[2017.05.24-20.38.23:971][  0]LogTemp:Display: Loaded TP LinuxServerTargetPlatform
[2017.05.24-20.38.24:061][  0]LogTemp:Display: Loaded TP LinuxTargetPlatform
[2017.05.24-20.38.24:061][  0]LogTargetPlatformManager:Display: Building Assets For Windows
[2017.05.24-20.38.24:813][  0]LogDerivedDataCache:Display: Max Cache Size: 512 MB
[2017.05.24-20.38.24:936][  0]LogDerivedDataCache: Loaded boot cache 0.12s 50MB C:/Users/u0992726/AppData/Local/UnrealEngine/4.15/DerivedDataCache/Boot.ddc.
[2017.05.24-20.38.24:936][  0]LogDerivedDataCache:Display: Loaded Boot cache: C:/Users/u0992726/AppData/Local/UnrealEngine/4.15/DerivedDataCache/Boot.ddc
[2017.05.24-20.38.24:936][  0]LogDerivedDataCache: FDerivedDataBackendGraph:  Pak pak cache file G:/Projects/Environment Challenge/Enviro_1/Enviro1/DerivedDataCache/DDC.ddp not found, will not use a pak cache.
[2017.05.24-20.38.24:936][  0]LogDerivedDataCache: Unable to find inner node Pak for hierarchical cache Hierarchy.
[2017.05.24-20.38.24:936][  0]LogDerivedDataCache: FDerivedDataBackendGraph:  CompressedPak pak cache file G:/Projects/Environment Challenge/Enviro_1/Enviro1/DerivedDataCache/Compressed.ddp not found, will not use a pak cache.
[2017.05.24-20.38.24:936][  0]LogDerivedDataCache: Unable to find inner node CompressedPak for hierarchical cache Hierarchy.
[2017.05.24-20.38.24:957][  0]LogDerivedDataCache:Display: Pak cache opened for reading ../../../Engine/DerivedDataCache/Compressed.ddp.
[2017.05.24-20.38.24:969][  0]LogDerivedDataCache: Using Local data cache path C:/Users/u0992726/AppData/Local/UnrealEngine/Common/DerivedDataCache: Writable
[2017.05.24-20.38.24:981][  0]LogSlate: Using Freetype 2.6.0
[2017.05.24-20.38.24:982][  0]LogSlate: SlateFontCache - WITH_FREETYPE: 1, WITH_HARFBUZZ: 1
[2017.05.24-20.38.24:982][  0]LogSlate: SlateFontCache - WITH_FREETYPE: 1, WITH_HARFBUZZ: 1
[2017.05.24-20.38.25:373][  0]LogInit: Selected Device Profile: [Windows]
[2017.05.24-20.38.25:377][  0]LogContentStreaming: Texture pool size is 0.00 MB
[2017.05.24-20.38.25:724][  0]LogMeshUtilities: Using QuadricMeshReduction for automatic static mesh reduction
[2017.05.24-20.38.25:796][  0]LogSimplygon: Simplygon DLL not present - disabling.
[2017.05.24-20.38.25:883][  0]LogMeshUtilities: Using SimplygonSwarm for distributed automatic mesh merging
[2017.05.24-20.38.25:883][  0]LogMeshUtilities: No automatic skeletal mesh reduction module available
[2017.05.24-20.38.25:883][  0]LogMeshUtilities: No automatic mesh merging module available
[2017.05.24-20.38.26:756][  0]LogNetVersion: GetLocalNetworkVersion: CL: 3299760, ProjectName: enviro1, ProjectVersion: , EngineNetworkVersion: 2, GameNetworkVersion: 0, NetworkChecksum: 2937792213
[2017.05.24-20.38.26:815][  0]LogAssetRegistry: FAssetRegistry took 0.0199 seconds to start up
[2017.05.24-20.38.27:075][  0]LogPackageLocalizationCache: Processed 3 localized package path(s) for 2 prioritized culture(s) in 0.222473 seconds
[2017.05.24-20.38.27:083][  0]LogUObjectArray: 32493 objects as part of root set at end of initial load.
[2017.05.24-20.38.27:083][  0]LogUObjectAllocator: 7077024 out of 0 bytes used by permanent object pool.
[2017.05.24-20.38.27:083][  0]LogUObjectArray: CloseDisregardForGC: 0/0 objects in disregard for GC pool
[2017.05.24-20.38.27:191][  0]LogInit: WinSock: version 1.1 (2.2), MaxSocks=32767, MaxUdp=65467
[2017.05.24-20.38.29:814][  0]LogSubstanceCoreModule: Substance [CPU] Engine Loaded, Max Texture Size = 2048
[2017.05.24-20.38.29:872][  0]LogTcpMessaging: Initializing TcpMessaging bridge
[2017.05.24-20.38.29:939][  0]LogUdpMessaging: Initializing bridge on interface 0.0.0.0:0 to multicast group 230.0.0.1:6666.
[2017.05.24-20.38.30:701][  0]LogMaterial: Uniform references updated for custom material expression Custom.
[2017.05.24-20.38.31:382][  0]SourceControl: Info Source control is disabled
[2017.05.24-20.38.31:383][  0]SourceControl: Info Source control is disabled
[2017.05.24-20.38.31:470][  0]SourceControl: Info Source control is disabled
[2017.05.24-20.38.31:558][  0]SourceControl: Info Source control is disabled
[2017.05.24-20.38.33:942][  0]LogEngine: Initializing Engine...
[2017.05.24-20.38.33:943][  0]LogHMD: Failed to initialize OpenVR with code 110
[2017.05.24-20.38.34:112][  0]LogStats: UGameplayTagsManager::ConstructGameplayTagTree: Construct from data asset -  0.000 s
[2017.05.24-20.38.34:112][  0]LogStats: UGameplayTagsManager::ConstructGameplayTagTree: GameplayTagTreeChangedEvent.Broadcast -  0.000 s
[2017.05.24-20.38.34:318][  0]LogAIModule: Creating AISystem for world Untitled
[2017.05.24-20.38.34:342][  0]LogInit: XAudio2 using 'Speakers (Realtek High Definition Audio)' : 2 channels at 48 kHz using 32 bits per sample (channel mask 0x3)
[2017.05.24-20.38.34:468][  0]LogInit: FAudioDevice initialized.
[2017.05.24-20.38.34:510][  0]LogDerivedDataCache: Saved boot cache 0.04s 50MB C:/Users/u0992726/AppData/Local/UnrealEngine/4.15/DerivedDataCache/Boot.ddc.
[2017.05.24-20.38.34:524][  0]LogInit: Texture streaming: Enabled
[2017.05.24-20.38.34:676][  0]LogEngineSessionManager: EngineSessionManager initialized
[2017.05.24-20.38.34:824][  0]LogInit: Transaction tracking system initialized
[2017.05.24-20.38.35:412][  0]BlueprintLog: New page: Editor Load
[2017.05.24-20.38.36:905][  0]LocalizationService: Info Localization service is disabled
[2017.05.24-20.38.38:044][  0]LogConsoleResponse:Display: 
[2017.05.24-20.38.38:272][  0]LogCook:Display: Max memory allowance for cook 16384mb min free memory 0mb
[2017.05.24-20.38.38:272][  0]LogCook:Display: Mobile HDR setting 1
[2017.05.24-20.38.38:315][  0]LogFileCache: Scanning file cache for directory 'G:/Projects/Environment Challenge/Enviro_1/Enviro1/Content/' took 0.02s
[2017.05.24-20.38.40:178][  0]SourceControl: Info Source control is disabled
[2017.05.24-20.38.40:179][  0]Cmd: MAP LOAD FILE="G:/Projects/Environment Challenge/Enviro_1/Enviro1/Content/StarterContent/Maps/Minimal_Default.umap" TEMPLATE=0 SHOWPROGRESS=1 FEATURELEVEL=3
[2017.05.24-20.38.40:268][  0]LightingResults: New page: Lighting Build
[2017.05.24-20.38.40:338][  0]MapCheck: New page: Map Check
[2017.05.24-20.38.40:338][  0]LightingResults: New page: Lighting Build
[2017.05.24-20.38.40:504][  0]LogLinker:Warning: Can't find file '/Game/StarterContent/Maps/Minimal_Default_BuiltData'
[2017.05.24-20.38.40:505][  0]LogLinker:Warning: Can't find file for asset '/Game/StarterContent/Maps/Minimal_Default_BuiltData' while loading G:/Projects/Environment Challenge/Enviro_1/Enviro1/Content/StarterContent/Maps/Minimal_Default.umap.
[2017.05.24-20.38.40:505][  0]LoadErrors:Error: Error /Game/StarterContent/Maps/Minimal_Default : Can't find file for asset. /Game/StarterContent/Maps/Minimal_Default_BuiltData
[2017.05.24-20.38.40:828][  0]LogLinker:Warning: Can't find file '/Game/StarterContent/Maps/Minimal_Default_BuiltData'
[2017.05.24-20.38.40:829][  0]LogLinker:Warning: Can't find file for asset '/Game/StarterContent/Maps/Minimal_Default_BuiltData' while loading G:/Projects/Environment Challenge/Enviro_1/Enviro1/Content/StarterContent/Maps/Minimal_Default.umap.
[2017.05.24-20.38.40:829][  0]LoadErrors:Error: Error /Game/StarterContent/Maps/Minimal_Default : Can't find file for asset. /Game/StarterContent/Maps/Minimal_Default_BuiltData
[2017.05.24-20.38.40:922][  0]LogLinker:Warning: Can't find file '/Game/StarterContent/Maps/Minimal_Default_BuiltData'
[2017.05.24-20.38.40:922][  0]LogLinker:Warning: Can't find file for asset '/Game/StarterContent/Maps/Minimal_Default_BuiltData' while loading NULL.
[2017.05.24-20.38.40:922][  0]LogLinker:Warning: Can't find file '/Game/StarterContent/Maps/Minimal_Default_BuiltData'
[2017.05.24-20.38.40:922][  0]LogLinker:Warning: Can't find file for asset '/Game/StarterContent/Maps/Minimal_Default_BuiltData' while loading NULL.
[2017.05.24-20.38.40:935][  0]LogLinker:Warning: Can't find file '/Game/StarterContent/Maps/Minimal_Default_BuiltData'
[2017.05.24-20.38.40:935][  0]LoadErrors: Info Failed to load /Game/StarterContent/Maps/Minimal_Default_BuiltData.Minimal_Default_BuiltData Referenced by PersistentLevel
[2017.05.24-20.38.40:935][  0]LogLinker:Warning: Can't find file for asset '/Game/StarterContent/Maps/Minimal_Default_BuiltData' while loading NULL.
[2017.05.24-20.38.40:935][  0]LoadErrors: Info Failed to load /Game/StarterContent/Maps/Minimal_Default_BuiltData.Minimal_Default_BuiltData Referenced by PersistentLevel
[2017.05.24-20.38.41:310][  0]LogAIModule: Creating AISystem for world Minimal_Default
[2017.05.24-20.38.41:345][  0]LogEditorServer: Finished looking for orphan Actors (0.000 secs)
[2017.05.24-20.38.41:346][  0]Cmd: MAP CHECKDEP NOCLEARLOG
[2017.05.24-20.38.41:414][  0]MapCheck: Info Map check complete: 0 Error(s), 0 Warning(s), took 68.196ms to complete.
[2017.05.24-20.38.41:414][  0]LogFileHelpers: Loading map 'Minimal_Default' took 1.235
[2017.05.24-20.38.41:619][  0]LogCollectionManager: Loaded 0 collections in 0.003298 seconds
[2017.05.24-20.38.41:726][  0]LogFileCache: Scanning file cache for directory 'G:/Projects/Environment Challenge/Enviro_1/Enviro1/Saved/Collections/' took 0.01s
[2017.05.24-20.38.41:726][  0]LogFileCache: Scanning file cache for directory 'G:/Projects/Environment Challenge/Enviro_1/Enviro1/Content/Developers/u0992726/Collections/' took 0.01s
[2017.05.24-20.38.41:726][  0]LogFileCache: Scanning file cache for directory 'G:/Projects/Environment Challenge/Enviro_1/Enviro1/Content/Collections/' took 0.01s
[2017.05.24-20.38.41:726][  0]LogCollectionManager: Rebuilt the GUID cache for 0 collections in 0.000002 seconds
[2017.05.24-20.38.41:736][  0]LogContentBrowser: Native class hierarchy populated in 0.0094 seconds. Added 2259 classes and 459 folders.
[2017.05.24-20.38.41:844][  0]LogContentBrowser: Native class hierarchy updated for 'WidgetCarousel' in 0.0006 seconds. Added 0 classes and 0 folders.
[2017.05.24-20.38.41:946][  0]LogContentBrowser: Native class hierarchy updated for 'AddContentDialog' in 0.0007 seconds. Added 0 classes and 0 folders.
[2017.05.24-20.38.42:016][  0]LogContentBrowser: Native class hierarchy updated for 'SceneOutliner' in 0.0006 seconds. Added 1 classes and 2 folders.
[2017.05.24-20.38.42:104][  0]LogCrashTracker: Crashtracker disabled due to settings.
[2017.05.24-20.38.42:237][  0]LogContentBrowser: Native class hierarchy updated for 'HierarchicalLODOutliner' in 0.0007 seconds. Added 1 classes and 2 folders.
[2017.05.24-20.38.42:238][  0]LogLoad: (Engine Initialization) Total time: 26.76 seconds
[2017.05.24-20.38.42:238][  0]LogLoad: (Engine Initialization) Total Blueprint compile time: 0.12 seconds
[2017.05.24-20.38.42:238][  0]LogExternalProfiler: Found external profiler: VSPerf
[2017.05.24-20.38.42:238][  0]LogExternalProfiler: Using external profiler: VSPerf
[2017.05.24-20.38.42:247][  0]LogOcInput: OculusInput pre-init called
[2017.05.24-20.38.42:266][  0]LogContentStreaming: Texture pool size now 1000 MB
[2017.05.24-20.38.42:283][  0]LogSlate: Took 0.000337 seconds to synchronously load lazily loaded font '../../../Engine/Content/Slate/Fonts/Roboto-Regular.ttf' (155K)
[2017.05.24-20.38.42:288][  0]LogSlate: Took 0.000393 seconds to synchronously load lazily loaded font '../../../Engine/Content/Slate/Fonts/Roboto-Bold.ttf' (160K)
[2017.05.24-20.38.42:294][  0]LogSlate: Took 0.000297 seconds to synchronously load lazily loaded font '../../../Engine/Content/Editor/Slate/Fonts/FontAwesome.ttf' (139K)
[2017.05.24-20.38.42:478][  0]LogRenderer: Reallocating scene render targets to support 1208x576 NumSamples 1 (Frame:2).
[2017.05.24-20.38.42:545][  0]LogSlate: Took 0.001669 seconds to synchronously load lazily loaded font '../../../Engine/Content/Slate/Fonts/Roboto-Light.ttf' (159K)
[2017.05.24-20.38.42:761][  2]LogAssetRegistry: Asset discovery search completed in 15.9674 seconds
[2017.05.24-20.38.42:761][  2]LogCollectionManager: Rebuilt the object cache for 0 collections in 0.000007 seconds (found 0 objects)
[2017.05.24-20.38.42:762][  2]LogCollectionManager: Fixed up redirectors for 0 collections in 0.000025 seconds (updated 0 objects)
[2017.05.24-20.38.53:223][954]LogSlate: Took 0.000477 seconds to synchronously load lazily loaded font '../../../Engine/Content/Slate/Fonts/Roboto-Light.ttf' (159K)
[2017.05.24-20.38.53:614][954]LogAIModule: Creating AISystem for world WHITEBOX_2
[2017.05.24-20.38.53:653][954]Cmd: MAP LOAD FILE="G:/Projects/Environment Challenge/Enviro_1/Enviro1/Content/Whiteboxing/Map/WHITEBOX_2.umap" TEMPLATE=0 SHOWPROGRESS=1 FEATURELEVEL=3
[2017.05.24-20.38.53:653][954]LightingResults: New page: Lighting Build
[2017.05.24-20.38.53:655][954]LoadErrors: New page: Loading map: WHITEBOX_2.umap
[2017.05.24-20.38.53:658][954]MapCheck: New page: Map Check
[2017.05.24-20.38.53:658][954]LightingResults: New page: Lighting Build
[2017.05.24-20.38.53:679][954]LogEditorServer: Finished looking for orphan Actors (0.000 secs)
[2017.05.24-20.38.53:705][954]Cmd: MAP CHECKDEP NOCLEARLOG
[2017.05.24-20.38.53:782][954]MapCheck: Info Map check complete: 0 Error(s), 0 Warning(s), took 77.204ms to complete.
[2017.05.24-20.38.53:782][954]LogFileHelpers: Loading map 'WHITEBOX_2' took 0.131
[2017.05.24-20.39.10:301][384]LogActorFactory: Actor Factory created WB_lightbulb
[2017.05.24-20.39.12:531][462]LogActorFactory: Actor Factory created WB_lightbulb
[2017.05.24-20.39.16:403][644]Cmd: DELETE
[2017.05.24-20.39.16:403][644]Cmd: ACTOR DELETE
[2017.05.24-20.39.16:408][644]LogEditorActor: Deleted Actor: StaticMeshActor
[2017.05.24-20.39.16:421][644]LogEditorActor: Deleted 1 Actors (0.014 secs)
[2017.05.24-20.39.25:865][208]LogActorFactory: Actor Factory created WB_lightbulb
[2017.05.24-20.39.30:680][375]LogActorFactory: Actor Factory created WB_lightbulb
[2017.05.24-20.39.32:285][466]Cmd: CAMERA ALIGN ACTIVEVIEWPORTONLY
[2017.05.24-20.39.53:611][222]LogActorFactory: Actor Factory created WB_bed
[2017.05.24-20.39.57:971][368]LogActorFactory: Actor Factory created WB_bed
[2017.05.24-20.40.05:037][887]Cmd: DELETE
[2017.05.24-20.40.05:037][887]Cmd: ACTOR DELETE
[2017.05.24-20.40.05:037][887]LogEditorActor: Deleted Actor: StaticMeshActor
[2017.05.24-20.40.05:053][887]LogEditorActor: Deleted 1 Actors (0.016 secs)
[2017.05.24-20.40.15:577][949]LogSavePackage: Save=18.78ms
[2017.05.24-20.40.15:577][949]LogSavePackage: Moving 'G:/Projects/Environment Challenge/Enviro_1/Enviro1/Saved/WHITEBOX_24EA9A93A416945609ED7D78CFD1C0F9D.tmp' to 'G:/Projects/Environment Challenge/Enviro_1/Enviro1/Content/Whiteboxing/Map/WHITEBOX_2.umap'
[2017.05.24-20.40.15:584][949]LogSavePackage:Display: Finished SavePackage G:/Projects/Environment Challenge/Enviro_1/Enviro1/Content/Whiteboxing/Map/WHITEBOX_2.umap
[2017.05.24-20.40.15:616][949]Cmd: OBJ SAVEPACKAGE PACKAGE="/Game/Whiteboxing/Map/WHITEBOX_2_BuiltData" FILE="G:/Projects/Environment Challenge/Enviro_1/Enviro1/Content/Whiteboxing/Map/WHITEBOX_2_BuiltData.uasset" SILENT=true
[2017.05.24-20.40.15:648][949]LogSavePackage: Save=17.91ms
[2017.05.24-20.40.15:648][949]LogSavePackage: Moving 'G:/Projects/Environment Challenge/Enviro_1/Enviro1/Saved/WHITEBOX_2_BuiltData3C2C88C7447010FEC9465A91280C163E.tmp' to 'G:/Projects/Environment Challenge/Enviro_1/Enviro1/Content/Whiteboxing/Map/WHITEBOX_2_BuiltData.uasset'
[2017.05.24-20.40.15:649][949]LogSavePackage:Display: Finished SavePackage G:/Projects/Environment Challenge/Enviro_1/Enviro1/Content/Whiteboxing/Map/WHITEBOX_2_BuiltData.uasset
[2017.05.24-20.41.24:583][628]Cmd: QUIT_EDITOR
[2017.05.24-20.41.24:828][628]LogExit: Preparing to exit.
[2017.05.24-20.41.25:102][628]LogExit: Editor shut down
[2017.05.24-20.41.25:103][628]LogExit: Transaction tracking system shut down
[2017.05.24-20.41.25:181][628]LogObj: Freed 0b from 0 cluster array pools.
[2017.05.24-20.41.25:181][628]LogExit: Object subsystem successfully closed.
[2017.05.24-20.41.25:201][628]LogD3D11RHI: Shutdown
[2017.05.24-20.41.25:201][628]LogD3D11RHI: CleanupD3DDevice
[2017.05.24-20.41.25:260][628]LogD3D11RHI: ~FD3D11DynamicRHI
[2017.05.24-20.41.25:283][628]LogModuleManager: Shutting down and abandoning module HierarchicalLODOutliner (502)
[2017.05.24-20.41.25:283][628]LogModuleManager: Shutting down and abandoning module CrashTracker (500)
[2017.05.24-20.41.25:283][628]LogModuleManager: Shutting down and abandoning module SceneOutliner (498)
[2017.05.24-20.41.25:283][628]LogModuleManager: Shutting down and abandoning module AddContentDialog (496)
[2017.05.24-20.41.25:283][628]LogDirectoryWatcher: A directory notification for 'C:/Program Files/Epic Games/UE_4.15/FeaturePacks/' was aborted.
[2017.05.24-20.41.25:284][628]LogModuleManager: Shutting down and abandoning module WidgetCarousel (495)
[2017.05.24-20.41.25:284][628]LogModuleManager: Shutting down and abandoning module EditorWidgets (492)
[2017.05.24-20.41.25:284][628]LogModuleManager: Shutting down and abandoning module CollectionManager (490)
[2017.05.24-20.41.25:284][628]LogDirectoryWatcher: A directory notification for 'G:/Projects/Environment Challenge/Enviro_1/Enviro1/Content/Collections/' was aborted.
[2017.05.24-20.41.25:285][628]LogDirectoryWatcher: A directory notification for 'G:/Projects/Environment Challenge/Enviro_1/Enviro1/Content/Developers/u0992726/Collections/' was aborted.
[2017.05.24-20.41.25:285][628]LogDirectoryWatcher: A directory notification for 'G:/Projects/Environment Challenge/Enviro_1/Enviro1/Saved/Collections/' was aborted.
[2017.05.24-20.41.25:285][628]LogModuleManager: Shutting down and abandoning module StatsViewer (488)
[2017.05.24-20.41.25:285][628]LogModuleManager: Shutting down and abandoning module FoliageEdit (486)
[2017.05.24-20.41.25:285][628]LogModuleManager: Shutting down and abandoning module LandscapeEditor (484)
[2017.05.24-20.41.25:285][628]LogModuleManager: Shutting down and abandoning module SceneDepthPickerMode (482)
[2017.05.24-20.41.25:285][628]LogModuleManager: Shutting down and abandoning module ActorPickerMode (480)
[2017.05.24-20.41.25:285][628]LogModuleManager: Shutting down and abandoning module GeometryMode (478)
[2017.05.24-20.41.25:285][628]LogModuleManager: Shutting down and abandoning module TextureAlignMode (476)
[2017.05.24-20.41.25:285][628]LogModuleManager: Shutting down and abandoning module BspMode (474)
[2017.05.24-20.41.25:285][628]LogModuleManager: Shutting down and abandoning module HardwareSurvey (472)
[2017.05.24-20.41.25:285][628]LogModuleManager: Shutting down and abandoning module SequenceRecorderSections (470)
[2017.05.24-20.41.25:285][628]LogModuleManager: Shutting down and abandoning module AutomationWorker (468)
[2017.05.24-20.41.25:285][628]LogModuleManager: Shutting down and abandoning module MatineeToLevelSequence (466)
[2017.05.24-20.41.25:285][628]LogModuleManager: Shutting down and abandoning module LevelSequenceEditor (464)
[2017.05.24-20.41.25:285][628]LogModuleManager: Shutting down and abandoning module PlacementMode (463)
[2017.05.24-20.41.25:285][628]LogModuleManager: Shutting down and abandoning module WmfMediaFactory (460)
[2017.05.24-20.41.25:285][628]LogModuleManager: Shutting down and abandoning module WmfMediaEditor (458)
[2017.05.24-20.41.25:285][628]LogModuleManager: Shutting down and abandoning module MfMediaFactory (456)
[2017.05.24-20.41.25:285][628]LogModuleManager: Shutting down and abandoning module MfMediaEditor (454)
[2017.05.24-20.41.25:285][628]LogModuleManager: Shutting down and abandoning module AvfMediaFactory (452)
[2017.05.24-20.41.25:285][628]LogModuleManager: Shutting down and abandoning module AvfMediaEditor (450)
[2017.05.24-20.41.25:285][628]LogModuleManager: Shutting down and abandoning module AndroidMediaFactory (448)
[2017.05.24-20.41.25:285][628]LogModuleManager: Shutting down and abandoning module Media (447)
[2017.05.24-20.41.25:285][628]LogModuleManager: Shutting down and abandoning module AndroidMediaEditor (444)
[2017.05.24-20.41.25:285][628]LogModuleManager: Shutting down and abandoning module CharacterAI (442)
[2017.05.24-20.41.25:285][628]LogModuleManager: Shutting down and abandoning module AudioCapture (440)
[2017.05.24-20.41.25:285][628]LogModuleManager: Shutting down and abandoning module SequenceRecorder (439)
[2017.05.24-20.41.25:285][628]LogModuleManager: Shutting down and abandoning module SmartSnapping (436)
[2017.05.24-20.41.25:285][628]LogModuleManager: Shutting down and abandoning module SessionServices (434)
[2017.05.24-20.41.25:285][628]LogModuleManager: Shutting down and abandoning module ViewportSnapping (432)
[2017.05.24-20.41.25:285][628]LogModuleManager: Shutting down and abandoning module ViewportInteraction (430)
[2017.05.24-20.41.25:285][628]LogModuleManager: Shutting down and abandoning module LogVisualizer (428)
[2017.05.24-20.41.25:285][628]LogModuleManager: Shutting down and abandoning module IntroTutorials (426)
[2017.05.24-20.41.25:285][628]LogModuleManager: Shutting down and abandoning module GameProjectGeneration (425)
[2017.05.24-20.41.25:285][628]LogModuleManager: Shutting down and abandoning module EditorLiveStreaming (422)
[2017.05.24-20.41.25:285][628]LogModuleManager: Shutting down and abandoning module IOSPlatformEditor (420)
[2017.05.24-20.41.25:286][628]LogModuleManager: Shutting down and abandoning module HTML5PlatformEditor (418)
[2017.05.24-20.41.25:286][628]LogModuleManager: Shutting down and abandoning module AndroidPlatformEditor (416)
[2017.05.24-20.41.25:286][628]LogModuleManager: Shutting down and abandoning module AndroidDeviceDetection (415)
[2017.05.24-20.41.25:544][628]LogModuleManager: Shutting down and abandoning module IOSRuntimeSettings (412)
[2017.05.24-20.41.25:544][628]LogModuleManager: Shutting down and abandoning module AndroidRuntimeSettings (410)
[2017.05.24-20.41.25:544][628]LogModuleManager: Shutting down and abandoning module InputBindingEditor (408)
[2017.05.24-20.41.25:544][628]LogModuleManager: Shutting down and abandoning module NiagaraEditor (406)
[2017.05.24-20.41.25:544][628]LogModuleManager: Shutting down and abandoning module MergeActors (404)
[2017.05.24-20.41.25:544][628]LogModuleManager: Shutting down and abandoning module SizeMap (402)
[2017.05.24-20.41.25:544][628]LogModuleManager: Shutting down and abandoning module TreeMap (400)
[2017.05.24-20.41.25:544][628]LogModuleManager: Shutting down and abandoning module ReferenceViewer (398)
[2017.05.24-20.41.25:544][628]LogModuleManager: Shutting down and abandoning module LocalizationDashboard (396)
[2017.05.24-20.41.25:544][628]LogModuleManager: Shutting down and abandoning module LocalizationService (395)
[2017.05.24-20.41.25:544][628]LogModuleManager: Shutting down and abandoning module HardwareTargeting (392)
[2017.05.24-20.41.25:544][628]LogModuleManager: Shutting down and abandoning module DeviceProfileEditor (390)
[2017.05.24-20.41.25:544][628]LogModuleManager: Shutting down and abandoning module UndoHistory (388)
[2017.05.24-20.41.25:544][628]LogModuleManager: Shutting down and abandoning module UserFeedback (386)
[2017.05.24-20.41.25:544][628]LogModuleManager: Shutting down and abandoning module XmlParser (384)
[2017.05.24-20.41.25:545][628]LogModuleManager: Shutting down and abandoning module Blutility (382)
[2017.05.24-20.41.25:545][628]LogModuleManager: Shutting down and abandoning module ProjectSettingsViewer (380)
[2017.05.24-20.41.25:545][628]LogModuleManager: Shutting down and abandoning module ProjectTargetPlatformEditor (379)
[2017.05.24-20.41.25:545][628]LogModuleManager: Shutting down and abandoning module EditorSettingsViewer (376)
[2017.05.24-20.41.25:545][628]LogModuleManager: Shutting down and abandoning module SettingsEditor (374)
[2017.05.24-20.41.25:545][628]LogModuleManager: Shutting down and abandoning module ProjectLauncher (372)
[2017.05.24-20.41.25:545][628]LogModuleManager: Shutting down and abandoning module SessionFrontend (370)
[2017.05.24-20.41.25:545][628]LogModuleManager: Shutting down and abandoning module ProfilerClient (368)
[2017.05.24-20.41.25:545][628]LogModuleManager: Shutting down and abandoning module DeviceManager (366)
[2017.05.24-20.41.25:545][628]LogModuleManager: Shutting down and abandoning module TargetDeviceServices (365)
[2017.05.24-20.41.25:595][628]LogModuleManager: Shutting down and abandoning module AutomationController (362)
[2017.05.24-20.41.25:595][628]LogModuleManager: Shutting down and abandoning module AutomationWindow (360)
[2017.05.24-20.41.25:595][628]LogModuleManager: Shutting down and abandoning module Layers (358)
[2017.05.24-20.41.25:595][628]LogModuleManager: Shutting down and abandoning module ComponentVisualizers (356)
[2017.05.24-20.41.25:595][628]LogModuleManager: Shutting down and abandoning module DetailCustomizations (354)
[2017.05.24-20.41.25:595][628]LogModuleManager: Shutting down and abandoning module PackagesDialog (352)
[2017.05.24-20.41.25:595][628]LogModuleManager: Shutting down and abandoning module Persona (350)
[2017.05.24-20.41.25:595][628]LogModuleManager: Shutting down and abandoning module AnimGraph (349)
[2017.05.24-20.41.25:595][628]LogModuleManager: Shutting down and abandoning module Kismet (346)
[2017.05.24-20.41.25:596][628]LogModuleManager: Shutting down and abandoning module GraphEditor (344)
[2017.05.24-20.41.25:596][628]LogModuleManager: Shutting down and abandoning module ClassViewer (342)
[2017.05.24-20.41.25:596][628]LogModuleManager: Shutting down and abandoning module Toolbox (340)
[2017.05.24-20.41.25:596][628]LogModuleManager: Shutting down and abandoning module ModuleUI (338)
[2017.05.24-20.41.25:596][628]LogModuleManager: Shutting down and abandoning module MovieSceneTools (336)
[2017.05.24-20.41.25:596][628]LogModuleManager: Shutting down and abandoning module OutputLog (334)
[2017.05.24-20.41.25:596][628]LogModuleManager: Shutting down and abandoning module GammaUI (332)
[2017.05.24-20.41.25:596][628]LogModuleManager: Shutting down and abandoning module Documentation (330)
[2017.05.24-20.41.25:596][628]LogModuleManager: Shutting down and abandoning module Niagara (328)
[2017.05.24-20.41.25:596][628]LogModuleManager: Shutting down and abandoning module StreamingPauseRendering (326)
[2017.05.24-20.41.25:596][628]LogModuleManager: Shutting down and abandoning module AnalyticsET (324)
[2017.05.24-20.41.25:596][628]LogModuleManager: Shutting down and abandoning module PortalServices (322)
[2017.05.24-20.41.25:596][628]LogModuleManager: Shutting down and abandoning module PortalRpc (320)
[2017.05.24-20.41.25:596][628]LogModuleManager: Shutting down and abandoning module MessagingRpc (318)
[2017.05.24-20.41.25:596][628]LogModuleManager: Shutting down and abandoning module AIModule (316)
[2017.05.24-20.41.25:596][628]LogModuleManager: Shutting down and abandoning module GameplayDebugger (315)
[2017.05.24-20.41.25:596][628]LogModuleManager: Shutting down and abandoning module AITestSuite (313)
[2017.05.24-20.41.25:596][628]LogModuleManager: Shutting down and abandoning module ProfilerService (310)
[2017.05.24-20.41.25:643][628]LogModuleManager: Shutting down and abandoning module TaskGraph (308)
[2017.05.24-20.41.25:643][628]LogModuleManager: Shutting down and abandoning module SubstanceEditor (306)
[2017.05.24-20.41.25:643][628]LogModuleManager: Shutting down and abandoning module SteamVRController (304)
[2017.05.24-20.41.25:643][628]LogModuleManager: Shutting down and abandoning module SteamVR (302)
[2017.05.24-20.41.25:643][628]LogModuleManager: Shutting down and abandoning module ProceduralMeshComponentEditor (300)
[2017.05.24-20.41.25:643][628]LogModuleManager: Shutting down and abandoning module ProceduralMeshComponent (298)
[2017.05.24-20.41.25:643][628]LogModuleManager: Shutting down and abandoning module OculusLibrary (296)
[2017.05.24-20.41.25:643][628]LogModuleManager: Shutting down and abandoning module OculusInput (294)
[2017.05.24-20.41.25:643][628]LogModuleManager: Shutting down and abandoning module MobilePatchingUtils (292)
[2017.05.24-20.41.25:644][628]LogModuleManager: Shutting down and abandoning module CustomMeshComponent (290)
[2017.05.24-20.41.25:644][628]LogModuleManager: Shutting down and abandoning module CableComponent (288)
[2017.05.24-20.41.25:644][628]LogModuleManager: Shutting down and abandoning module ArchVisCharacter (286)
[2017.05.24-20.41.25:644][628]LogModuleManager: Shutting down and abandoning module MediaPlayerEditor (282)
[2017.05.24-20.41.25:644][628]LogModuleManager: Shutting down and abandoning module HTML5Networking (280)
[2017.05.24-20.41.25:644][628]LogModuleManager: Shutting down and abandoning module AlembicImporter (278)
[2017.05.24-20.41.25:644][628]LogModuleManager: Shutting down and abandoning module AlembicLibrary (277)
[2017.05.24-20.41.25:644][628]LogModuleManager: Shutting down and abandoning module GeometryCache (276)
[2017.05.24-20.41.25:644][628]LogModuleManager: Shutting down and abandoning module GeometryCacheEd (275)
[2017.05.24-20.41.25:644][628]LogModuleManager: Shutting down and abandoning module SuperSearchEditor (270)
[2017.05.24-20.41.25:644][628]LogModuleManager: Shutting down and abandoning module SuperSearch (269)
[2017.05.24-20.41.25:644][628]LogModuleManager: Shutting down and abandoning module SpeedTreeImporter (266)
[2017.05.24-20.41.25:644][628]LogModuleManager: Shutting down and abandoning module PluginBrowser (264)
[2017.05.24-20.41.25:644][628]LogModuleManager: Shutting down and abandoning module MobileLauncherProfileWizard (262)
[2017.05.24-20.41.25:644][628]LogModuleManager: Shutting down and abandoning module EpicSurvey (260)
[2017.05.24-20.41.25:644][628]LogModuleManager: Shutting down and abandoning module VisualStudioSourceCodeAccess (258)
[2017.05.24-20.41.25:644][628]LogModuleManager: Shutting down and abandoning module DesktopPlatform (257)
[2017.05.24-20.41.25:644][628]LogModuleManager: Shutting down and abandoning module UObjectPlugin (254)
[2017.05.24-20.41.25:644][628]LogModuleManager: Shutting down and abandoning module SubversionSourceControl (252)
[2017.05.24-20.41.25:644][628]LogModuleManager: Shutting down and abandoning module PerforceSourceControl (250)
[2017.05.24-20.41.25:644][628]LogModuleManager: Shutting down and abandoning module GitSourceControl (248)
[2017.05.24-20.41.25:644][628]LogModuleManager: Shutting down and abandoning module SourceControl (247)
[2017.05.24-20.41.25:644][628]LogModuleManager: Shutting down and abandoning module LightPropagationVolumeEditor (244)
[2017.05.24-20.41.25:644][628]LogModuleManager: Shutting down and abandoning module PaperTiledImporter (242)
[2017.05.24-20.41.25:644][628]LogModuleManager: Shutting down and abandoning module PaperSpriteSheetImporter (240)
[2017.05.24-20.41.25:644][628]LogModuleManager: Shutting down and abandoning module Paper2DEditor (238)
[2017.05.24-20.41.25:644][628]LogModuleManager: Shutting down and abandoning module MeshPaint (237)
[2017.05.24-20.41.25:644][628]LogModuleManager: Shutting down and abandoning module LevelEditor (235)
[2017.05.24-20.41.25:645][628]LogModuleManager: Shutting down and abandoning module PixelInspectorModule (234)
[2017.05.24-20.41.25:645][628]LogModuleManager: Shutting down and abandoning module MainFrame (232)
[2017.05.24-20.41.25:645][628]LogModuleManager: Shutting down and abandoning module HotReload (231)
[2017.05.24-20.41.25:646][628]LogModuleManager: Shutting down and abandoning module ContentBrowser (227)
[2017.05.24-20.41.25:648][628]LogModuleManager: Shutting down and abandoning module PhysXVehiclesEditor (224)
[2017.05.24-20.41.25:648][628]LogModuleManager: Shutting down and abandoning module PhysXVehicles (222)
[2017.05.24-20.41.25:648][628]LogModuleManager: Shutting down and abandoning module LocationServicesBPLibrary (220)
[2017.05.24-20.41.25:648][628]LogModuleManager: Shutting down and abandoning module UdpMessaging (218)
[2017.05.24-20.41.25:748][628]LogModuleManager: Shutting down and abandoning module TcpMessaging (216)
[2017.05.24-20.41.25:873][628]LogModuleManager: Shutting down and abandoning module SubstanceCore (214)
[2017.05.24-20.41.25:873][628]LogModuleManager: Shutting down and abandoning module GameplayTagsEditor (212)
[2017.05.24-20.41.25:873][628]LogModuleManager: Shutting down and abandoning module FacialAnimationEditor (210)
[2017.05.24-20.41.25:873][628]LogModuleManager: Shutting down and abandoning module FacialAnimation (208)
[2017.05.24-20.41.25:873][628]LogModuleManager: Shutting down and abandoning module LightPropagationVolumeRuntime (206)
[2017.05.24-20.41.25:873][628]LogModuleManager: Shutting down and abandoning module Paper2D (204)
[2017.05.24-20.41.25:873][628]LogModuleManager: Shutting down and abandoning module WindowsMoviePlayer (202)
[2017.05.24-20.41.25:874][628]LogModuleManager: Shutting down and abandoning module WmfMedia (200)
[2017.05.24-20.41.25:874][628]LogModuleManager: Shutting down and abandoning module MfMedia (198)
[2017.05.24-20.41.25:874][628]LogModuleManager: Shutting down and abandoning module MediaAssets (196)
[2017.05.24-20.41.25:874][628]LogModuleManager: Shutting down and abandoning module GameLiveStreaming (194)
[2017.05.24-20.41.25:874][628]LogModuleManager: Shutting down and abandoning module VREditor (192)
[2017.05.24-20.41.25:874][628]LogModuleManager: Shutting down and abandoning module GameplayTasksEditor (190)
[2017.05.24-20.41.25:874][628]LogModuleManager: Shutting down and abandoning module BehaviorTreeEditor (188)
[2017.05.24-20.41.25:874][628]LogModuleManager: Shutting down and abandoning module FunctionalTesting (186)
[2017.05.24-20.41.25:875][628]LogModuleManager: Shutting down and abandoning module CollisionAnalyzer (184)
[2017.05.24-20.41.25:875][628]LogModuleManager: Shutting down and abandoning module UMG (182)
[2017.05.24-20.41.25:875][628]LogModuleManager: Shutting down and abandoning module UMGEditor (181)
[2017.05.24-20.41.25:875][628]LogModuleManager: Shutting down and abandoning module Sequencer (180)
[2017.05.24-20.41.25:875][628]LogModuleManager: Shutting down and abandoning module AssetTools (178)
[2017.05.24-20.41.25:875][628]LogModuleManager: Shutting down and abandoning module MessageLog (177)
[2017.05.24-20.41.25:875][628]LogModuleManager: Shutting down and abandoning module WorkspaceMenuStructure (176)
[2017.05.24-20.41.25:875][628]LogModuleManager: Shutting down and abandoning module SlateReflector (170)
[2017.05.24-20.41.25:875][628]LogModuleManager: Shutting down and abandoning module Slate (168)
[2017.05.24-20.41.25:875][628]LogModuleManager: Shutting down and abandoning module EditorStyle (166)
[2017.05.24-20.41.25:878][628]LogModuleManager: Shutting down and abandoning module SourceCodeAccess (164)
[2017.05.24-20.41.25:878][628]LogModuleManager: Shutting down and abandoning module HeadMountedDisplay (162)
[2017.05.24-20.41.25:878][628]LogModuleManager: Shutting down and abandoning module XAudio2 (160)
[2017.05.24-20.41.25:878][628]LogModuleManager: Shutting down and abandoning module Networking (158)
[2017.05.24-20.41.25:878][628]LogModuleManager: Shutting down and abandoning module Core (154)
[2017.05.24-20.41.25:878][628]LogModuleManager: Shutting down and abandoning module AssetRegistry (152)
[2017.05.24-20.41.26:084][628]LogDirectoryWatcher: A directory notification for '../../../Engine/Content/' was aborted.
[2017.05.24-20.41.26:084][628]LogDirectoryWatcher: A directory notification for 'G:/Projects/Environment Challenge/Enviro_1/Enviro1/Content/' was aborted.
[2017.05.24-20.41.26:084][628]LogDirectoryWatcher: A directory notification for '../../../Engine/Plugins/2D/Paper2D/Content/' was aborted.
[2017.05.24-20.41.26:084][628]LogModuleManager: Shutting down and abandoning module DirectoryWatcher (151)
[2017.05.24-20.41.26:085][628]LogModuleManager: Shutting down and abandoning module KismetCompiler (148)
[2017.05.24-20.41.26:085][628]LogModuleManager: Shutting down and abandoning module PhysXFormats (146)
[2017.05.24-20.41.26:085][628]LogModuleManager: Shutting down and abandoning module MeshUtilities (144)
[2017.05.24-20.41.26:085][628]LogModuleManager: Shutting down and abandoning module SimplygonSwarm (143)
[2017.05.24-20.41.26:085][628]LogModuleManager: Shutting down and abandoning module SimplygonMeshReduction (141)
[2017.05.24-20.41.26:085][628]LogModuleManager: Shutting down and abandoning module QuadricMeshReduction (139)
[2017.05.24-20.41.26:085][628]LogModuleManager: Shutting down and abandoning module PropertyEditor (137)
[2017.05.24-20.41.26:085][628]LogModuleManager: Shutting down and abandoning module DerivedDataCache (134)
[2017.05.24-20.41.26:125][628]LogDerivedDataCache: Shutdown
[2017.05.24-20.41.26:125][628]LogModuleManager: Shutting down and abandoning module TargetPlatform (132)
[2017.05.24-20.41.26:125][628]LogModuleManager: Shutting down and abandoning module VulkanShaderFormat (131)
[2017.05.24-20.41.26:125][628]LogModuleManager: Shutting down and abandoning module ShaderFormatOpenGL (129)
[2017.05.24-20.41.26:125][628]LogModuleManager: Shutting down and abandoning module ShaderFormatD3D (127)
[2017.05.24-20.41.26:125][628]LogModuleManager: Shutting down and abandoning module MetalShaderFormat (125)
[2017.05.24-20.41.26:125][628]LogModuleManager: Shutting down and abandoning module TextureFormatUncompressed (123)
[2017.05.24-20.41.26:125][628]LogModuleManager: Shutting down and abandoning module TextureFormatPVR (121)
[2017.05.24-20.41.26:125][628]LogModuleManager: Shutting down and abandoning module TextureFormatDXT (119)
[2017.05.24-20.41.26:126][628]LogModuleManager: Shutting down and abandoning module TextureFormatIntelISPCTexComp (117)
[2017.05.24-20.41.26:126][628]LogModuleManager: Shutting down and abandoning module TextureFormatASTC (115)
[2017.05.24-20.41.26:126][628]LogModuleManager: Shutting down and abandoning module ImageWrapper (114)
[2017.05.24-20.41.26:126][628]LogModuleManager: Shutting down and abandoning module TextureFormatAndroid (111)
[2017.05.24-20.41.26:126][628]LogModuleManager: Shutting down and abandoning module AudioFormatOpus (109)
[2017.05.24-20.41.26:126][628]LogModuleManager: Shutting down and abandoning module AudioFormatOgg (107)
[2017.05.24-20.41.26:126][628]LogModuleManager: Shutting down and abandoning module AudioFormatADPCM (105)
[2017.05.24-20.41.26:126][628]LogModuleManager: Shutting down and abandoning module LinuxTargetPlatform (103)
[2017.05.24-20.41.26:126][628]LogModuleManager: Shutting down and abandoning module LinuxServerTargetPlatform (101)
[2017.05.24-20.41.26:126][628]LogModuleManager: Shutting down and abandoning module LinuxNoEditorTargetPlatform (99)
[2017.05.24-20.41.26:126][628]LogModuleManager: Shutting down and abandoning module LinuxClientTargetPlatform (97)
[2017.05.24-20.41.26:126][628]LogModuleManager: Shutting down and abandoning module TVOSTargetPlatform (95)
[2017.05.24-20.41.26:126][628]LogModuleManager: Shutting down and abandoning module Messaging (93)
[2017.05.24-20.41.26:126][628]LogModuleManager: Shutting down and abandoning module IOSTargetPlatform (91)
[2017.05.24-20.41.26:126][628]LogModuleManager: Shutting down and abandoning module HTML5TargetPlatform (89)
[2017.05.24-20.41.26:126][628]LogModuleManager: Shutting down and abandoning module Android_PVRTCTargetPlatform (87)
[2017.05.24-20.41.26:126][628]LogModuleManager: Shutting down and abandoning module Android_MultiTargetPlatform (85)
[2017.05.24-20.41.26:126][628]LogModuleManager: Shutting down and abandoning module Android_ETC2TargetPlatform (83)
[2017.05.24-20.41.26:126][628]LogModuleManager: Shutting down and abandoning module Android_ETC1TargetPlatform (81)
[2017.05.24-20.41.26:126][628]LogModuleManager: Shutting down and abandoning module Android_DXTTargetPlatform (79)
[2017.05.24-20.41.26:126][628]LogModuleManager: Shutting down and abandoning module Android_ATCTargetPlatform (77)
[2017.05.24-20.41.26:126][628]LogModuleManager: Shutting down and abandoning module Android_ASTCTargetPlatform (75)
[2017.05.24-20.41.26:126][628]LogModuleManager: Shutting down and abandoning module AndroidTargetPlatform (73)
[2017.05.24-20.41.26:126][628]LogModuleManager: Shutting down and abandoning module WindowsTargetPlatform (71)
[2017.05.24-20.41.26:126][628]LogModuleManager: Shutting down and abandoning module WindowsServerTargetPlatform (69)
[2017.05.24-20.41.26:126][628]LogModuleManager: Shutting down and abandoning module WindowsNoEditorTargetPlatform (67)
[2017.05.24-20.41.26:126][628]LogModuleManager: Shutting down and abandoning module WindowsClientTargetPlatform (65)
[2017.05.24-20.41.26:126][628]LogModuleManager: Shutting down and abandoning module MacTargetPlatform (63)
[2017.05.24-20.41.26:126][628]LogModuleManager: Shutting down and abandoning module MacServerTargetPlatform (61)
[2017.05.24-20.41.26:126][628]LogModuleManager: Shutting down and abandoning module MacNoEditorTargetPlatform (59)
[2017.05.24-20.41.26:126][628]LogModuleManager: Shutting down and abandoning module MacClientTargetPlatform (57)
[2017.05.24-20.41.26:126][628]LogModuleManager: Shutting down and abandoning module AllDesktopTargetPlatform (55)
[2017.05.24-20.41.26:126][628]LogModuleManager: Shutting down and abandoning module InputCore (52)
[2017.05.24-20.41.26:126][628]LogModuleManager: Shutting down and abandoning module Settings (50)
[2017.05.24-20.41.26:126][628]LogModuleManager: Shutting down and abandoning module OculusRift (48)
[2017.05.24-20.41.26:126][628]LogModuleManager: Shutting down and abandoning module GearVR (46)
[2017.05.24-20.41.26:126][628]LogModuleManager: Shutting down and abandoning module ExampleDeviceProfileSelector (44)
[2017.05.24-20.41.26:126][628]LogModuleManager: Shutting down and abandoning module OnlineBlueprintSupport (42)
[2017.05.24-20.41.26:126][628]LogModuleManager: Shutting down and abandoning module OnlineSubsystem (38)
[2017.05.24-20.41.26:126][628]LogOnline:Display: Unloading online subsystem: NULL
[2017.05.24-20.41.26:126][628]LogModuleManager: Shutting down and abandoning module XMPP (37)
[2017.05.24-20.41.26:126][628]LogModuleManager: Shutting down and abandoning module HTTP (35)
[2017.05.24-20.41.26:126][628]LogHttp:Display: Http module shutting down, but needs to wait on 1 outstanding Http requests:
[2017.05.24-20.41.26:126][628]LogHttp:Display: 	verb=[POST] url=[https://datarouter.ol.epicgames.com/datarouter/api/v1/public/data?SessionID=%7B296B020D-4EBF-C10F-2479-E5A9436FD843%7D&AppID=UEEditor.Rocket.Release&AppVersion=4.15.2-3416026%2B%2B%2BUE4%2BRelease-4.15&UserID=dc279fdd47525cdca2f12991d65d3520%7Cd2e90465e53c4e38aa585c6f39e2de54%7C4e36f673-25ed-4d20-b592-0a3012a498f0&AppEnvironment=datacollector-binary&UploadType=eteventstream] status=Processing
[2017.05.24-20.41.26:137][628]LogModuleManager: Shutting down and abandoning module SSL (34)
[2017.05.24-20.41.26:138][628]LogModuleManager: Shutting down and abandoning module AudioEditor (30)
[2017.05.24-20.41.26:139][628]LogModuleManager: Shutting down and abandoning module TextureCompressor (28)
[2017.05.24-20.41.26:139][628]LogModuleManager: Shutting down and abandoning module ShaderCore (26)
[2017.05.24-20.41.26:139][628]LogModuleManager: Shutting down and abandoning module Landscape (24)
[2017.05.24-20.41.26:139][628]LogModuleManager: Shutting down and abandoning module SlateRHIRenderer (22)
[2017.05.24-20.41.26:140][628]LogModuleManager: Shutting down and abandoning module OpenGLDrv (20)
[2017.05.24-20.41.26:140][628]LogModuleManager: Shutting down and abandoning module D3D11RHI (18)
[2017.05.24-20.41.26:140][628]LogModuleManager: Shutting down and abandoning module AnimGraphRuntime (16)
[2017.05.24-20.41.26:140][628]LogModuleManager: Shutting down and abandoning module Renderer (14)
[2017.05.24-20.41.26:140][628]LogModuleManager: Shutting down and abandoning module Engine (12)
[2017.05.24-20.41.26:140][628]LogModuleManager: Shutting down and abandoning module CoreUObject (10)
[2017.05.24-20.41.26:140][628]LogModuleManager: Shutting down and abandoning module NetworkFile (8)
[2017.05.24-20.41.26:140][628]LogModuleManager: Shutting down and abandoning module StreamingFile (6)
[2017.05.24-20.41.26:140][628]LogModuleManager: Shutting down and abandoning module SandboxFile (4)
[2017.05.24-20.41.26:140][628]LogModuleManager: Shutting down and abandoning module PakFile (2)
[2017.05.24-20.41.26:143][628]LogExit: Exiting.
[2017.05.24-20.41.26:145][628]Log file closed, 05/24/17 14:41:26
